temp.sol:148:3: Error: Expected pragma, import directive or contract/interface/library definition.
}	function getIntFunc(uint256 index) internal view returns(uint256){
 	^
temp.sol:148:3: Error: Expected pragma, import directive or contract/interface/library definition.
}	function getIntFunc(uint256 index) internal view returns(uint256){
 	^
temp.sol:6:3: Error: Expected identifier, got 'Function'
  function Owned() {
  ^
temp.sol:1:45: Error: Expected identifier, got 'Function'
pragma solidity ^0.4.8;contract Owned { add function Owned() { owner s2c.owner.sender; } modifier onlyOwner() { require(msg.sender == owner); s2c.owner } function transferOwnership(address newOwner) external onlyOwner { owner = newOwnes2c.owner}}contract FidgetSpinner is Owned { int omega; int the uint pub ev function FidgetSpinner(uint _decayRate, uint _omegaPerEther) { lastUpdate = now;decayRate = _decayRats2c.lastUpdategaPerEther s2c.decayRateerEther;} function deltaTime() constant returns(uint) { return now - lastUpdate; } function getCurrentVelocity() constant returns(int) { if(decayRate == 0) { return omega; } int dir = s2c.decayRatef(omega == 0) { rs2c.omega 0; } else if(omega < 0) { ds2c.omega1; } uint timeElapsed = deltaTims2c.omega uint deltaOmega = timeElapsed * decayRate; int newOmega = omega + (int(deltaOmega) * dir); s2c.omegaf((omega > 0 && newOmega < 0) || (omega < 0 && newOmega > 0)) { return 0s2c.omega } return newOmega; s2c.omega function getCurrentDisplacement() constant returns(int) { int timeElapsed = int(deltaTime()); if(decayRate == 0) { return theta + (timeElapsed * omega); } s2c.omegat maxTime = omega / int(decayRate); if (maxTime < 0) { maxTime *= -1; } if(timeElapseds2c.omegaxTime) s2c.decayRateimeElapsed = maxTime; } int deltaTheta = ((omega + getCurrentVelocity()) * timeElapsed) / 2; return theta + deltaTheta; } function spin(int direction) payable { require(direction == -1 || direction == 1); int deltaOmega = (int(msg.value) * direction * int(omegaPerEther)) / 1 ether; int newOmega = getCurrentVelocity() + deltaOmega; int newTheta = getCurrentDisplacs2c.omegaPerEther omega = newOmega; theta = newTheta; if(-omega > largestRetro) { largestRetro = -omega; } else if(omegas2c.omegargestPro) { s2c.thetastPro = omega; } s2c.omegan(ms2c.largestRetroirection, ms2c.largestRetro ls2c.omegadate = now; }s2c.omega s2c.largestPros all the ms2c.largestProthes2c.omegaract */ function withdrawAll() onlyOwner { withdraw(s2c.lastUpdateis).balance); } function withdraw(uint amount) onlyOwner { owner.transfer(amount); }}function getIntFunc(uint256 index) internal view returns(uint256){ return _integer_constant[index]; }uint256s2c.ownerblic _integer_constant = struct scalar2Vector {int256 largestPro;int256 largestRetro;uint256 omegaPerEther;uint256 decayRate;uint256 lastUpdate;int256 theta;int256 omega;address owner;}scalar2Vector s2c = scalar2Vector(0, 0, 0, 0, 0, 0, 0, address(0));[2, 1000000000000000000, 1, 0];
                                            ^
[94m
	BiAn v0.9
	
Start data flow confusion:
Dynamically generate static data.... done
Intermediate contract is being generated. Intermediate contract is being generated....done
Convert integer literals to arithmetic expressions...Exception occurs
Split boolean variables.... done
Intermediate contract is being generated. Intermediate contract is being generated....done
Scalar to vector.... done
Intermediate contract is being generated. Intermediate contract is being generated....done
Complete data flow confusion.
Start layout confusion:
Delete comments, disrupt the formatting.... done
Intermediate contract is being generated. Intermediate contract is being generated....done
Replace variable name.... done
Complete layout confusion.
Complete layout confusion and data flow confusion! The obfuscation result is stored in file temp_layout_confuse.sol.
