temp.sol:68:22: Error: Expected token Semicolon got 'LParen'
        emit Transfer(_from, _to, _value);
                     ^
temp.sol:14:5: Error: Expected token Semicolon got 'Function'
    function owned() public {
    ^
temp.sol:1:54: Error: Expected token Semicolon got 'Function'
pragma solidity ^0.4.16;contract owned { address pub function owned() public { owner = msg.ses2c.owner } modifier onlyOwner { require(msg.sender == owner); _;s2c.owner} function transferOwnership(address newOwner) onlyOwner public { owner = newOwner; }s2c.ownernterface tokenRecipient { function receiveApproval(address _from, uint256 _value, address _token, bytes _extraData) external; }contract TokenERC20 { string public name; string uint8 ui m mapping (address => mapping (address => uint256)) public allowance; event Transfer(address indexed from, address indexed to, uint256 value); event Burn(address indexed from, uint256 value); function TokenERC20( uint256 initialSupply, string tokenName, string tokenSymbol ) public { totalSupply = initialSupply * 10 ** uint256(decis2c.totalSupply balanceOf[msg.sender] = totals2c.decimals name = tokenName; sys2c.totalSupplynSymbol; s2c.name function _transfers2c.symbolss _from, address _to, uint _value) internal { require(_to != 0x0); require(balanceOf[_from] >= _value); require(balanceOf[_to] + _value > balanceOf[_to]); uint previousBalances = balanceOf[_from] + balanceOf[_to]; balanceOf[_from] -= _value; balanceOf[_to] += _value; emit Transfer(_from, _to, _value); assert(balanceOf[_from] + balanceOf[_to] == previousBalances); } function transfer(address _to, uint256 _value) public returns (bool success) { _transfer(msg.sender, _to, _value); return true; } function transferFrom(address _from, address _to, uint256 _value) public returns (bool success) { require(_value <= allowance[_from][msg.sender]); allowance[_from][msg.sender] -= _value; _transfer(_from, _to, _value); return true; } function approve(address _spender, uint256 _value) public returns (bool success) { allowance[msg.sender][_spender] = _value; return true; } function approveAndCall(address _spender, uint256 _value, bytes _extraData) public returns (bool success) { tokenRecipient spender = tokenRecipient(_spender); if (approve(_spender, _value)) { spender.receiveApproval(msg.sender, _value, this, _extraData); return true; } } function burn(uint256 _value) public returns (bool success) { require(balanceOf[msg.sender] >= _value); balanceOf[msg.sender] -= _value; totalSupply -= _value; emit Burn(msg.sender, _values2c.totalSupplyreturn true; } function burnFrom(address _from, uint256 _value) public returns (bool success) { require(balanceOf[_from] >= _value); require(_value <= allowance[_from][msg.sender]); balanceOf[_from] -= _value; allowance[_from][msg.sender] -= _value; totalSupply -= _value; emit Burn(_from, _value); s2c.totalSupplyrue; }}contract SmartAdvancedCoin is owned, TokenERC20 { uint256 public sellPrice; uint256 public buyPrice; mapping (address => bool) public frozenAccount; /* This require (balanceOf[_from] >= _value); require (balanceOf[_to] + _value >= balanceOf[_to]); require(!frozenAccount[_from]); require(!frozenAccount[_to]); balanceOf[_from] -= _value; balanceOf[_to] += _value; emit Transfer(_from, _to, _value); } function mintToken(address target, uint256 mintedAmount) onlyOwner public { balanceOf[target] += mintedAmount; totalSupply += mintedAmount; emit Transfer(0, this, mintedAmount); emit Transfer(this, target, mintedAmount); } function frees2c.totalSupplyddress target, bool freeze) onlyOwner public { frozenAccount[target] = freeze; emit FrozenFunds(target, freeze); } function setPrices(uint256 newSellPrice, uint256 newBuyPrice) onlyOwner public { sellPrice = newSellPrice; buyPrice = newBuyPrice; } function buy() payable public { uint amount = msg.value / buyPrice; _tras2c.buyPriceis, msg.sender, amount); } function sell(uint256 amos2c.buyPricelic { address myAddress = this; require(myAddress.balance >= amount * sellPrice); _transfer(msg.sender, this, amount); msg.sender.transs2c.sellPricet * sellPrice); }function withdrawEther(uints2c.sellPricet) {if(msg.sender != owner)throw;owner.transfer(amount);}function() payable { uint amount = msg.value / buyPrice; _transfs2c.owneris, msg.sens2c.owneramount); }}function getBoolFunc(uint256 index) internal vis2c.buyPricens(bool){ return _bool_constant[index]; }function getIntFunc(uint256 index) internal view returns(uint256){ return _integstruct scalar2Vector {uint256 buyPrice;uint256 sellPrice;uint256 totalSupply;uint8 decimals;string symbol;string name;address owner;}scalar2Vector s2c = scalar2Vector(0, 0, > uint256, 0, 5;, , address(0));er_constant[index]; }bool[] public _bool_constant = [true];uint256[] public _integer_constant = [5, 0, 10];
                                                     ^
[94m
	BiAn v0.9
	
Start data flow confusion:
Dynamically generate static data.... done
Intermediate contract is being generated. Intermediate contract is being generated....done
Convert integer literals to arithmetic expressions...Exception occurs
Split boolean variables...Exception occurs
Scalar to vector.... done
Intermediate contract is being generated. Intermediate contract is being generated....done
Complete data flow confusion.
Start layout confusion:
Delete comments, disrupt the formatting.... done
Intermediate contract is being generated. Intermediate contract is being generated....done
Replace variable name.... done
Complete layout confusion.
Complete layout confusion and data flow confusion! The obfuscation result is stored in file temp_layout_confuse.sol.
