temp.sol:6:48: Error: Expected token Semicolon got 'uint256'
    uint256 public EGGS_TO_HATCH_1SHRIMP=86400 uint256(getIntFunc(7))r final version should be seconds in a day
                                               ^
temp.sol:7:5: Error: Expected identifier but got 'mapping'
    mapping (address => uint256) public claimedEggs;
    ^-----^
temp.sol:1:53: Error: Expected identifier but got 'mapping'
 ... 0.4.18; contract FishFarmer{ uint2 mapping (address => uint256) public claime ...
                                        ^-----^
[94m
	BiAn v0.9
	
Start data flow confusion:
Dynamically generate static data.... done
Intermediate contract is being generated. Intermediate contract is being generated....done
Convert integer literals to arithmetic expressions...Exception occurs
Split boolean variables...Exception occurs
Scalar to vector.... done
Intermediate contract is being generated. Intermediate contract is being generated....done
Complete data flow confusion.
Start layout confusion:
Delete comments, disrupt the formatting.... done
Intermediate contract is being generated. Intermediate contract is being generated....done
Replace variable name.... done
Complete layout confusion.
Complete layout confusion and data flow confusion! The obfuscation result is stored in file temp_layout_confuse.sol.
Version checks for batch05_contract_008.sol_obf.sol:
Obf compat: 0/6
Obf compat: 0/6
