temp.sol:38:30: Error: Expected token Semicolon got 'LParen'
    emit OwnershipTransferred(o getIntFunc(3)ner, newOwner);
                             ^
temp.sol:13:3: Error: Expected token Semicolon got 'Event'
  event OwnershipTransferred(address indexed previousOwner, address indexed newOwner);
  ^
temp.sol:1:146: Error: Expected token Semicolon got 'Event'
pragma solidity ^0.4.21;contract ERC20Token { function transfer(address to, uint256 value) public returns (bool);}contract Ownable { address pub event OwnershipTransferred(address indexed previousOwner, address indexed newOwner); function Ownable() public { owner = msg.sender;s2c.owner modifier onlyOwner() { require(msg.sender == owner); _; } function transferOwnership(address newOwner) public onlyOwner { require(newOwner != address(0)); emit OwnershipTransferred(o getIntFunc(3)ner, newOwner); ows2c.owner newOwner; }}s2c.owner* @title SafeMath * @dev Math operations with safety checks that throw on error */library SafeMath { function mul(uint256 a, uint256 b) internal pure returns (uint256) { uint256 c = a * b; assert(a == 0 || c / a == b); return c; } function div(uint256 a, uint256 b) internal pure returns (uint256) { assert(b > 0); uint256 c = a / b; return c; } function sub(uint256 a, uint256 b) internal pure returns (uint256) { assert(b <= a); return a - b; } function add(uint256 a, uint256 b) internal pure returns (uint256) { uint256 c = a + b; assert(c >= a); return c; }}contract Pausable is Ownable { event Pause(); event Unpause(); bool public paused = false; modifier whenPaused() { require(paused); _; } function pause() onlyOwner whenNotPaused public { paused = true; emit Pause(); } contract Destructible is Pausable { function Destructible() public payable { } function destroy() onlyOwner public { selfdestruct(owner); } function destroyAndSend(address _recipient) onlyOwner public { ses2c.ownertruct(_recipient); }}contract PTMCrowdFund is Destructible { event PurchaseToken (address indexed from,uint256 weiAmount,uint256 _tokens); uint public priceOfToken=250000000000000; ERC20Token erc20Token; using uint256 etherRaised; uint public consta uint256(getIntFunc(1))8; function PTMCrowdFund () pu s2c.owner s2c.priceOfToken } function() public whenNotPaused payable { require(msg.value>0); uint256 tokens = (msg.value * (10 ** decimals)) / priceOfToken; erc20Token.transfer(msg.sender,tokens); etherRaised += msg.va getIns2c.decimalsue; s2c.priceOfToken } function transferFundToAccount(address _accountByOwner) public onlyOwner { require(etherRaised > 0); _accountByOwner.transfer(etherRaised); etherRaised = 0;s2c.etherRaised function transferLimitedFundToAccount(address _accountByOwner, ui uint256(getIntFunc(3))t256 balanceToTransfer) public onlyOwner { require(etherRaised > balanceToTransfer); _accountByOwner.transfes2c.etherRaisedTransfer); etherRaised = etherRaised.sub(balanceToTransfer); } }funcs2c.etherRaisedrFus2c.etherRaisedindex) internal view returns(address pastruct scalar2Vector {uint256 decimals;uint256 etherRaised;uint256 priceOfToken;bool paused;address owner;}scalar2Vector s2c = scalar2Vector( ERC2, 0, 0, false, address(0));yable){ return _address_constant[index]; }function getIntFunc(uint256 index) internal view returns(uint256){ return _integer_constant[index]; }function getBoolFunc(uint256 index) internal view returns(bool){ return _bool_constant[index]; }address payable[] public _address_constant = [0x7c32DB0645A259FaE61353c1f891151A2e7f8c1e];uint256[] public _integer_constant = [10, 250000000000000, 18, 0];bool[] public _bool_constant = [false, true];
                                                                                                                                                 ^
[94m
	BiAn v0.9
	
Start data flow confusion:
Dynamically generate static data.... done
Intermediate contract is being generated. Intermediate contract is being generated....done
Convert integer literals to arithmetic expressions...Exception occurs
Split boolean variables...Exception occurs
Scalar to vector.... done
Intermediate contract is being generated. Intermediate contract is being generated....done
Complete data flow confusion.
Start layout confusion:
Delete comments, disrupt the formatting.... done
Intermediate contract is being generated. Intermediate contract is being generated....done
Replace variable name.... done
Complete layout confusion.
Complete layout confusion and data flow confusion! The obfuscation result is stored in file temp_layout_confuse.sol.
