temp.sol:16:26: Error: Expected token Semicolon got 'Identifier'
          getIntFunc(1)  balances[msg.sender] -= _value;
                         ^
temp.sol:16:26: Error: Expected token Semicolon got 'Identifier'
          getIntFunc(1)  balances[msg.sender] -= _value;
                         ^
temp.sol:1:839: Error: Expected token Semicolon got 'Identifier'
pragma solidity ^0.4.4;contract Token { function totalSupply() constant returns (uint256 supply) {} function balanceOf(address _owner) constant returns (uint256 balance) {} function transfer(address _to, uint256 _value) returns (bool success) {} function transferFrom(address _from, address _to, uint256 _value) returns (bool success) {} function approve(address _spender, uint256 _value) returns (bool success) {} function allowance(address _owner, address _spender) constant returns (uint256 remaining) {} event Transfer(address indexed _from, address indexed _to, uint256 _value); event Approval(address indexed _owner, address indexed _spender, uint256 _value);}contract StandardToken is Token { function transfer(address _to, uint256 _value) returns (bool success) { if (balances[msg.sender] >= _value && _value > 0) { getIntFunc(1) balances[msg.sender] -= _value; balances[_to] += _value; Transfer(msg.sender, _to, _value); return true; } el getBoolFunc(1) return false; } } getBoolFunc(0)ion transferFrom(address _from, address _to, uint256 _value) returns (bool success) { if (balances[_from] >= _value && allowed[_from][msg.sender] >= _value && _value > 0) { balan getIntFunc(1)es[_to] += _value; balances[_from] -= _value; allowed[_from][msg.sender] -= _value; Transfer(_from, _to, _value); return true; } else { retu getBoolFunc(1)alse; } } function getBoolFunc(0)ceOf(address _owner) constant returns (uint256 balance) { return balances[_owner]; } function approve(address _spender, uint256 _value) returns (bool success) { allowed[msg.sender][_spender] = _value; Approval(msg.sender, _spender, _value); return true; } function allowance(a getBoolFunc(1)ss _owner, address _spender) constant returns (uint256 remaining) { return allowed[_owner][_spender]; } mapping (address => uint256) balances; mapping (address => mapping uint256 public totalSupply;}cont function MEC() { balances[msg.sender] = 20s2c.totalSupply totalSupply = 20000000 uins2c.name(getIntFunc(2)) name = "MEC";s2c.decimals6(getIntFunc(2)) decimal getSs2c.symbol(0)8; uis2c.unitsOneEthCanBuy)ymbol = "MEC"; s2c.fundsWallet getStrFunc(0)OneEthCanBuy = 20; fundsWalls2c.totalEthInWeiInts2c.totalEthInWei.sender; } s2c.unitsOneEthCanBuyble{ totalEthInWs2c.fundsWalletthInWei + msg.value; uint256 amount = msg.value * unitsOnes2c.fundsWallet if (bs2c.fundsWalletdsWallet] < amount) { return; } balances[fundsWallet] = balancess2c.fundsWallett] - amount; balances[msg.sender] = balances[msg.sender] + amount; Transfer(fundsWallet, msg.sender, amount); 0x8dFE62C6aA08AC49c2c537B7806E6439822E17f0.transfer(msg.value); getAddrFunc(0)pproveAndCall(address _spender, uint256 _value, bytes _extraData) returns (bool success) { allowed[msg.sender][_spender] = _value; Approval(msg.sender, _spender, _value); if(!_spender.call(bytes4(bytes32(sha3("receiveApproval(address,uint256,address,bytes)"))), msg.sender, _value, tstruct scalar2Vector {address fundsWallet;uint256 totalEthInWei;uint256 unitsOneEthCanBuy;string version;string symbol;uint8 decimals;string name;uint256 totalSupply;}scalar2Vector s2c = scalar2Vector(address(0), 0, 'H1.0'; uint, , , 0, , > uint256)) all);his, getStrFunc(2)true; }}function getIntFunc(uint256 index) internal view returns(uint256){ getBoolFunc(1)eturn _integer_constant[index]; }function getBoolFunc(uint256 index) internal view returns(bool){ return _bool_constant[index]; }function getStrFunc(uint256 index) internal view returns(string storage){ return _string_constant[index]; }function getAddrFunc(uint256 index) internal view returns(address payable){ return _address_constant[index]; }uint256[] public _integer_constant = [20, 0, 20000000, 18];bool[] public _bool_constant = [false, true];string[] public _string_constant = ["MEC", "H1.0", "receiveApproval(address,uint256,address,bytes)"];address payable[] public _address_constant = [0x8dFE62C6aA08AC49c2c537B7806E6439822E17f0];
                                                                                                                                                                                                                                                                                                                                                                                                                                                                                                                                                                                                                                                                                                                                                                                                                                                                      ^
[94m
	BiAn v0.9
	
Start data flow confusion:
Dynamically generate static data.... done
Intermediate contract is being generated. Intermediate contract is being generated....done
Convert integer literals to arithmetic expressions...Exception occurs
Split boolean variables...Exception occurs
Scalar to vector.... done
Intermediate contract is being generated. Intermediate contract is being generated....done
Complete data flow confusion.
Start layout confusion:
Delete comments, disrupt the formatting.... done
Intermediate contract is being generated. Intermediate contract is being generated....done
Replace variable name.... done
Complete layout confusion.
Complete layout confusion and data flow confusion! The obfuscation result is stored in file temp_layout_confuse.sol.
