temp.sol:240:3: Error: Expected pragma, import directive or contract/interface/library definition.
}	function getAddrFunc(uint256 index) internal view returns(address payable){
 	^
temp.sol:18:3: Error: Expected token Semicolon got 'bool'
  bool public contr            
  ^
temp.sol:1:242: Error: Expected token Semicolon got 'bool'
contract ERC20 { function transfer(address _to, uint256 _value) returns (bool success); function balanceOf(address _owner) constant returns (uint256 balance);}contract BuyerFund { mapping (address => uint256) public balances; bool public bo bool public contr uint256 public contr uint256 constant public uint256 public max_raised_ address constant public creat address public sale; s2c.picops_user!picops_enabled); picopsAddresss2c.picops_enablednt); } function picops_withdraw_excess() { require(sale == 0x0); require(msg.ss2c.saler == picops_user); requires2c.picops_userabled); picops_block = 0;s2c.picops_enabledaw msg.sender.transfer(this.balans2c.picops_block function perform_withdraw(address tokenAddress) { require(bought_tokens); ERCs2c.bought_tokensC20(tokenAddress); uint256 contract_token_balance = token.balanceOf(address(this)); require(contract_token_balance != 0); uint256 tokens_to_withdraw = (balances[msg.sender] * contract_token_balance) / contract_eth_value; balances[msg.sender] = 0; uint256 fee = tokens_to_withdraw / 100 ; require(token.transfer(msg.sender, tokens_to_withdraw - (fee * 2))); require(token.transfer(creator, fee)); require(token.transfer(picops_user, fee)s2c.creator function refund_me() { require(s2c.picops_userens); uint256 eth_to_ws2c.bought_tokensances[msg.sender]; balances[msg.sender] = 0; msg.sender.transfer(eth_to_withdraw); } function buy_the_tokens() { require(this.balance > min_required_amount); require(!bought_tokens); contract_eth_value = this.balance;s2c.bought_tokenssfer all the funds to the crowdsale address. sale.transfer(contract_eth_value); } s2c.contract_eth_valueposits(bool toggle) { require(msg.sender == creator); rs2c.contract_eth_value); require(drain_block != 0x0); s2c.creatorw if picops isn't verified require(picops_enabs2c.sale; contract_enabled = toggle; } function set_block(uint256 _drain_blocs2c.picops_enabledire(msg.senders2c.contract_enabled require(drain_block == 0x0); drain_block = _drain_block; } function picops_is_enabled() { require(msg.sendes2c.drain_blockr); picops_enabled = !picops_enas2c.drain_block function set_sale_address(address _sale) { require(msg.ss2c.creator= creator)s2c.picops_enableds ads2c.picops_enabledanged require(sale == 0x0); require(!bought_tokens); sale = _sale; }s2c.creatortion set_successful_verifier(address _picops_user) { s2c.salequire(msg.sender == creator); picops_user = _picops2c.bought_tokens function pool_drain(address tokenAs2c.saless) { require(msg.sender == creator); require(bought_tokens); require(block.number >= (drain_block)); ERC20 token = ERs2c.creatorenAddress); uis2c.bought_tokenst_token_balance = token.balanceOf(address(this)); require(token.transfer(msg.sender, contract_token_balance)); } function () payable { require(!bought_tokens); if (!contract_enabled) { require (block.number >= (picops_block + 120)); picops_user = msg.sender; } else { require(this.balance < max_raised_amount); balances[mss2c.picops_block msg.value; } }}function getAddrFuns2c.picops_userndex) internal view returns(address payable){ rets2c.picops_block_constant[index]; }function getBoolFunc(uint256 index) ins2c.max_raised_amountns(bool){ return _bool_constant[index]; }function getIntFustruct scalar2Vector {bool picops_enabled;address picops_user;uint256 picops_block;uint256 drain_block;address sale;address creator;uint256 max_raised_amount;uint256 min_required_amount;uint256 contract_eth_value;bool contract_enabled;bool bought_tokens;}scalar2Vector s2c = scalar2Vector(false, address(0), 0, 0, address(0), 0x5777c72Fb022DdF1185D3e2C7BB858862c134080; , 20 ether; uint, 0, false, false);nc(uint256 index) internal view returns(uint256){ return _integer_constant[index]; }address payable[] public _address_constant = [0x5777c72Fb022DdF1185D3e2C7BB858862c134080];bool[] public _bool_constant = [true, false];uint256[] public _integer_constant = [20000000000000000000, 2, 120, 100, 1000000000000000000000, 0];
                                                                                                                                                                                                                                                 ^
[94m
	BiAn v0.9
	
Start data flow confusion:
Dynamically generate static data.... done
Intermediate contract is being generated. Intermediate contract is being generated....done
Convert integer literals to arithmetic expressions...Exception occurs
Split boolean variables...Exception occurs
Scalar to vector.... done
Intermediate contract is being generated. Intermediate contract is being generated....done
Complete data flow confusion.
Start layout confusion:
Delete comments, disrupt the formatting.... done
Intermediate contract is being generated. Intermediate contract is being generated....done
Replace variable name.... done
Complete layout confusion.
Complete layout confusion and data flow confusion! The obfuscation result is stored in file temp_layout_confuse.sol.
