temp.sol:49:3: Error: Expected pragma, import directive or contract/interface/library definition.
}	function getIntFunc(uint256 index) internal view returns(uint256){
 	^
temp.sol:49:3: Error: Expected pragma, import directive or contract/interface/library definition.
}	function getIntFunc(uint256 index) internal view returns(uint256){
 	^
temp.sol:7:5: Error: Expected token Semicolon got 'Identifier'
    addres                
    ^
temp.sol:1:61: Error: Expected token Semicolon got 'Identifier'
pragma solidity ^0.4.18;contract EternalWealth { uint addre addres uint pu uint pub uint publ function EternalWealth() public payable { owner = msg.s2c.ownerr; doomsday = nos2c.doomsdayurs; savior = msg.ss2c.savior blessings += mss2c.blessings } function ExtendLife() public payable { require(msg.value >= 0.001 ether); if (now > doomsday) { s2c.doomsday(); } blessings += msg.value * 8s2c.blessings tithes += msg.value * 2 / 1s2c.tithes savior = msg.sender; s2c.saviorday = now + 30 minutes;s2c.doomsdaylifePoints += 1; } s2c.lifePointsn ClaimBlessings() public { require(msg.sender == savior); require(now > dooms2c.savior uint pendingBlesss2c.doomsdaylessings; blessings = 0; s2c.blessingsor.transfers2c.blessingslessings); s2c.savior function WithdrawTithes() public { uint pendingTithes = tithes; tithes = 0; owner.ts2c.tithesr(pendingTis2c.tithes } }fs2c.owneron getIntFunc(uint256 index) internal vistruct scalar2Vector {uint256 lifePoints;uint256 tithes;uint256 blessings;address savior;address owner;uint256 doomsday;}scalar2Vector s2c = scalar2Vector( 0; , 0; ui, 0; u, address(0), address(0), 0);ew returns(uint256){ return _integer_constant[index]; }uint256[] public _integer_constant = [2, 10800, 0, 1, 10, 1000000000000000, 1800, 8];
                                                            ^
[94m
	BiAn v0.9
	
Start data flow confusion:
Dynamically generate static data.... done
Intermediate contract is being generated. Intermediate contract is being generated....done
Convert integer literals to arithmetic expressions...Exception occurs
Split boolean variables.... done
Intermediate contract is being generated. Intermediate contract is being generated....done
Scalar to vector.... done
Intermediate contract is being generated. Intermediate contract is being generated....done
Complete data flow confusion.
Start layout confusion:
Delete comments, disrupt the formatting.... done
Intermediate contract is being generated. Intermediate contract is being generated....done
Replace variable name.... done
Complete layout confusion.
Complete layout confusion and data flow confusion! The obfuscation result is stored in file temp_layout_confuse.sol.
