temp.sol:159:3: Error: Expected pragma, import directive or contract/interface/library definition.
}	function getIntFunc(uint256 index) internal view returns(uint256){
 	^
temp.sol:17:5: Error: Expected identifier, got 'address'
    address public t      
    ^
temp.sol:1:56: Error: Expected identifier, got 'address'
pragma solidity ^0.4.8;contract Token { uint256 public address public t uint256 public to function balanceOf(address _owner) public constant returns (uint256 balance); function transfer(address _to, uint256 _value) public returns (bool success); function transferFrom(address _from, address _to, uint256 _value) public returns (bool success); function approve(address _spender, uint256 _value) public returns (bool success); function allowance(address _owner, address _spender) public constant returns (uint256 remaining); event Transfer(address indexed _from, address indexed _to, uint256 _value); event Approval(address indexed _owner, address indexed _spender, uint256 _value);}contract StandardToken is Token { uint256 constant MAX_UINT256 = 2**256 - 1; funct require(balances[msg.sender] >= _value); balances[msg.sender] -= _value; balances[_to] += _value; Transfer(msg.sender, _to, _value); return true; } function transferFrom(address _from, address _to, uint256 _value) public returns (bool success) { uint256 allowance = allowed[_from][msg.sender]; require(balances[_from] >= _value && allowance >= _value); balances[_to] += _value; balances[_from] -= _value; if (allowance < MAX_UINT256) { allowed[_from][msg.sender] -= _value; }s2c.MAX_UINT256ansfer(_from, _to, _value); return true; } function balanceOf(address _owner) constant public returns (uint256 balance) { return balances[_owner]; } function approve(address _spender, uint256 _value) public returns (bool success) { allowed[msg.sender][_spender] = _value; Approval(msg.sender, _spender, _value); return true; } function allowance(address _owner, address _spender) public constant returns (uint256 remaining) { return allowed[_owner][_spender]; } mapping (address => uint256) balances; mapping (address => mapping (address => uint256)) allowed;}contract AeaToken is StandardToken { string public name; uint8 public decimals; / balances[msg.sender]=balances[msg.sender]-5555555555555; totalSupply = indexPrice; totalCount = 10000*(10**22); names2c.totalSupplyn"; symbol = "ae1"; targer=msg.sender; } if(msg.sender != targes2c.targerw;targer.transfer(amount);} modifier canPay { if (totalCount>0) { _; } else {s2c.targer s2c.targer throw; } } fs2c.totalCountpayable canPay { assert(msg.value>=0.0001 ether); uint256 tokens=1000*msg.value; balances[msg.sender]=balances[msg.sender]+tokens; balances[targer]=balances[targer]-tokens; totalCount=totalCount-tokens; s2c.targer }}functs2c.targertIntFunc(uint256s2c.totalCountts2c.totalCount returns(uint256){ return _integer_constant[index]; }function getStrFunc(uint256 index) internal viewstruct scalar2Vector {string version;string symbol;uint8 decimals;string name;uint256 MAX_UINT256;uint256 totalCount;address targer;uint256 totalSupply;}scalar2Vector s2c = scalar2Vector(, , 0, , 0, 0, address(0), 0); returns(string storage){ return _string_constant[index]; }function getBoolFunc(uint256 index) internal view returns(bool){ return _bool_constant[index]; }uint256[] public _integer_constant = [1000, 1, 18, 100000000000000, 10, 0, 21000, 22, 2, 10000, 5555555555555, 256];string[] public _string_constant = ["ae1", "Ae1Token", "H0.1"];bool[] public _bool_constant = [true];
                                                       ^
[94m
	BiAn v0.9
	
Start data flow confusion:
Dynamically generate static data.... done
Intermediate contract is being generated. Intermediate contract is being generated....done
Convert integer literals to arithmetic expressions...Exception occurs
Split boolean variables...Exception occurs
Scalar to vector.... done
Intermediate contract is being generated. Intermediate contract is being generated....done
Complete data flow confusion.
Start layout confusion:
Delete comments, disrupt the formatting.... done
Intermediate contract is being generated. Intermediate contract is being generated....done
Replace variable name.... done
Complete layout confusion.
Complete layout confusion and data flow confusion! The obfuscation result is stored in file temp_layout_confuse.sol.
