temp.sol:49:44: Error: Expected token Semicolon got 'Identifier'
            balances[msg.sender] -= _value getIntFunc(1)
                                           ^
temp.sol:49:44: Error: Expected token Semicolon got 'Identifier'
            balances[msg.sender] -= _value getIntFunc(1)
                                           ^
temp.sol:1:857: Error: Expected token Semicolon got 'Identifier'
pragma solidity ^0.4.19;contract Token { function totalSupply() constant returns (uint256 supply) {} function balanceOf(address _owner) constant returns (uint256 balance) {} function transfer(address _to, uint256 _value) returns (bool success) {} function transferFrom(address _from, address _to, uint256 _value) returns (bool success) {} function approve(address _spender, uint256 _value) returns (bool success) {} function allowance(address _owner, address _spender) constant returns (uint256 remaining) {} event Transfer(address indexed _from, address indexed _to, uint256 _value); event Approval(address indexed _owner, address indexed _spender, uint256 _value);}contract StandardToken is Token { function transfer(address _to, uint256 _value) returns (bool success) { if (balances[msg.sender] >= _value && _value > 0) { balances[msg.sender] -= _value getIntFunc(1) balances[_to] += _value; Transfer(msg.sender, _to, _value); return true; } else { return false; } } f getBoolFunc(1)ion transferFrom(address _f getBoolFunc(0)address _to, uint256 _value) returns (bool success) { if (balances[_from] >= _value && allowed[_from][msg.sender] >= _value && _value > 0) { balances[_to] += _value; bala getIntFunc(1)ces[_from] -= _value; allowed[_from][msg.sender] -= _value; Transfer(_from, _to, _value); return true; } else { return false; } } function bala getBoolFunc(1)f(address _owner) constant getBoolFunc(0)ns (uint256 balance) { return balances[_owner]; } function approve(address _spender, uint256 _value) returns (bool success) { allowed[msg.sender][_spender] = _value; Approval(msg.sender, _spender, _value); return true; } function allowance(address _owner, address _spender) cons getBoolFunc(1) returns (uint256 remaining) { return allowed[_owner][_spender]; } mapping (address => uint256) balances; mapping (address => mapping (address => uint256)) allowed; uint }contract GameMarketToken is StandardToken { string public nam uint8 public decim string public symbo string public versio uint256 public unitsO uint256 public address public function GameMarketToken() { balances[msg.sender] = 100000000000; totalSuppls2c.totalSupply00000; name = uins2c.name(getIntFunc(3))Token"; ds2c.decimalstStrFunc(0) symbo s2c.symbolgetIntFunc(2)) = "T4GM"; fundsWallet = ms uint256(getIntFunc(0))nder; s2c.totalEthInWeion(s2c.totalEthInWei totalEthInWei = totalEthInWei + msg.value; s2c.unitsOneEthCanBuynt = msg.value * unitsOns2c.fundsWallet if (balances[fundsWallet] < amount) { return;s2c.fundsWallet balas2c.fundsWalletallet] = balances[fundsWallet] - amount; balances[msg.sender] = balances[msg.sender] + s2c.fundsWallet Transfer(fundsWallet, msg.sender, amount); fundsWallet.transfer(msg.value); } function approveAndCall(address _spender, uint256 _value, bytes _extraData) returns (bool success) { allowed[msg.sender][_spender] = _value; Approval(msg.sender, _spender, _value); if(!_spender.call(bytes4(bytes32(sha3("receiveApproval(address,uint256,address,bytes)"))), msg.sender, _value, this, _extraData)) { throw; } return trustruct scalar2Vector {address fundsWallet;uint256 totalEthInWei;uint256 unitsOneEthCanBuy;string version;string symbol;uint8 decimals;string name;uint256 totalSupply;}scalar2Vector s2c = scalar2Vector(address(0), 0, 0, 'H1.0'; uint256 publi, , 0, , 0);e; }}function getStrFunc(3)(uint256){ return _integer_constant[index]; }function getBoolFun getBoolFunc(1)nt256 index) internal view returns(bool){ return _bool_constant[index]; }function getStrFunc(uint256 index) internal view returns(string storage){ return _string_constant[index]; }uint256[] public _integer_constant = [5000, 0, 2, 100000000000];bool[] public _bool_constant = [false, true];string[] public _string_constant = [" GameMarketToken", "H1.0", "T4GM", "receiveApproval(address,uint256,address,bytes)"];
                                                                                                                                                                                                                                                                                                                                                                                                                                                                                                                                                                                                                                                                                                                                                                                                                                                                                        ^
[94m
	BiAn v0.9
	
Start data flow confusion:
Dynamically generate static data.... done
Intermediate contract is being generated. Intermediate contract is being generated....done
Convert integer literals to arithmetic expressions...Exception occurs
Split boolean variables...Exception occurs
Scalar to vector.... done
Intermediate contract is being generated. Intermediate contract is being generated....done
Complete data flow confusion.
Start layout confusion:
Delete comments, disrupt the formatting.... done
Intermediate contract is being generated. Intermediate contract is being generated....done
Replace variable name.... done
Complete layout confusion.
Complete layout confusion and data flow confusion! The obfuscation result is stored in file temp_layout_confuse.sol.
