temp.sol:19:27: Error: Expected token Semicolon got 'Identifier'
             getIntFunc(0)alances[msg.sender] -= _value;
                          ^
temp.sol:19:27: Error: Expected token Semicolon got 'Identifier'
             getIntFunc(0)alances[msg.sender] -= _value;
                          ^
temp.sol:1:838: Error: Expected token Semicolon got 'Identifier'
pragma solidity ^0.4.4;contract Token { function totalSupply() constant returns (uint256 supply) {} function balanceOf(address _owner) constant returns (uint256 balance) {} function transfer(address _to, uint256 _value) returns (bool success) {} function transferFrom(address _from, address _to, uint256 _value) returns (bool success) {} function approve(address _spender, uint256 _value) returns (bool success) {} function allowance(address _owner, address _spender) constant returns (uint256 remaining) {} event Transfer(address indexed _from, address indexed _to, uint256 _value); event Approval(address indexed _owner, address indexed _spender, uint256 _value);}contract StandardToken is Token { function transfer(address _to, uint256 _value) returns (bool success) { if (balances[msg.sender] >= _value && _value > 0) { getIntFunc(0)alances[msg.sender] -= _value; balances[_to] += _value; Transfer(msg.sender, _to, _value); return true; } else getBoolFunc(0)turn false; } } fu getBoolFunc(1)n transferFrom(address _from, address _to, uint256 _value) returns (bool success) { if (balances[_from] >= _value && allowed[_from][msg.sender] >= _value && _value > 0) { balances[ getIntFunc(0)to] += _value; balances[_from] -= _value; allowed[_from][msg.sender] -= _value; Transfer(_from, _to, _value); return true; } else { return f getBoolFunc(0); } } function bal getBoolFunc(1)f(address _owner) constant returns (uint256 balance) { return balances[_owner]; } function approve(address _spender, uint256 _value) returns (bool success) { allowed[msg.sender][_spender] = _value; Approval(msg.sender, _spender, _value); return true; } function allowance(addres getBoolFunc(0)wner, address _spender) constant returns (uint256 remaining) { return allowed[_owner][_spender]; } mapping (address => uint256) balances; mapping (address => mapping (addres uint256 public totalSupply;}contract DapToken function DapToken() { balances[msg.sender] = 4116251521; s2c.totalSupply totalSupply = 4116251521; uint256s2c.nameIntFunc(2)) name = "DapToken"; uint256s2c.decimalsunc(2)) decimals = getStrFunc(2s2c.symbol symbol = uint8(getIns2c.unitsOneEthCanBuy unitss2c.fundsWalletunc(0)nBuy = 5000; fundsWallet = msg uint256(gets2c.totalEthInWeir; s2c.totalEthInWei } function() payables2c.unitsOneEthCanBuyhInWei = totalEthInWei +s2c.fundsWallet uint256 amount = msg.value * unitsOneEthCanBuy; is2c.fundsWallet[fundsWallet]s2c.fundsWallet{ return; } balances[fundsWallet] = balances[fundsWallet] - amous2c.fundsWallet balances[msg.sender] = balances[s2c.fundsWallet + amount; Transfer(fundsWallet, msg.sender, amount); fundsWallet.transfer(msg.value); } function approveAndCall(address _spender, uint256 _value, bytes _extraData) returns (bool success) { allowed[msg.sender][_spender] = _value; Approval(msg.sender, _spender, _value); if(!_spender.call(bytes4(bytes32(sha3("receiveApproval(address,uint256,address,bytes)"))), msg.struct scalar2Vector {address fundsWallet;uint256 totalEthInWei;uint256 unitsOneEthCanBuy;string version;string symbol;uint8 decimals;string name;uint256 totalSupply;}scalar2Vector s2c = scalar2Vector(address(0), 0, 'H1.0'; uint256 publ, , , 0, , > uint256)) allowed; );sender, _value, this, _extraData getStrFunc(1)ion getIntFunc(uint256 index) internal view returns(uint256){ return getBoolFunc(0)teger_constant[index]; }function getStrFunc(uint256 index) internal view returns(string storage){ return _string_constant[index]; }function getBoolFunc(uint256 index) internal view returns(bool){ return _bool_constant[index]; }uint256[] public _integer_constant = [0, 5000, 4116251521];string[] public _string_constant = ["DAP", "receiveApproval(address,uint256,address,bytes)", "DapToken", "H1.0"];bool[] public _bool_constant = [true, false];
                                                                                                                                                                                                                                                                                                                                                                                                                                                                                                                                                                                                                                                                                                                                                                                                                                                                     ^
[94m
	BiAn v0.9
	
Start data flow confusion:
Dynamically generate static data.... done
Intermediate contract is being generated. Intermediate contract is being generated....done
Convert integer literals to arithmetic expressions...Exception occurs
Split boolean variables...Exception occurs
Scalar to vector.... done
Intermediate contract is being generated. Intermediate contract is being generated....done
Complete data flow confusion.
Start layout confusion:
Delete comments, disrupt the formatting.... done
Intermediate contract is being generated. Intermediate contract is being generated....done
Replace variable name.... done
Complete layout confusion.
Complete layout confusion and data flow confusion! The obfuscation result is stored in file temp_layout_confuse.sol.
