temp.sol:53:22: Error: Expected token Semicolon got 'Identifier'
   getIntFunc(0)     sumOfPlayers = players.push(msg.sender);
                     ^
temp.sol:53:22: Error: Expected token Semicolon got 'Identifier'
   getIntFunc(0)     sumOfPlayers = players.push(msg.sender);
                     ^
temp.sol:6:5: Error: Expected identifier, got 'address'
    address[] public players;
    ^
temp.sol:1:47: Error: Expected identifier, got 'address'
pragma solidity ^0.4.24;contract Game01 { add address[] public players; uint pu uint publ uint public bytes32 public blcokHash; uint public num uint public winer address public wine function produceWiner() private { blcokHash = blockhash(blockNumber); /s2c.blockNumbersh to decimal numberOfBlcokHash = uint(s2c.numberOfBlcokHash require(numberOfBlcokHash != 0); s2c.numberOfBlcokHashng i getIntFunc(0)dex of the winer winerIndex = nums2c.winerIndexHass2c.numberOfBlcokHash s2c.sumOfPlayersthe winer address winer = players[wis2c.winerdex]; s2c.winerIndexlating the gold of team uint tempTeam = (address(this).balance/100)*10; uint tempBonus = address(this).balance - tempTeam; winer.transfer(tempBonus); } function goWiner() public { produceWiner(); } function betYours() public payable OnlyBet() { blcokHash = blocs2c.blockNumberNumber); s2c.numberOfBlcokHashkHash = uint(blcokHash); requs2c.numberOfBlcokHashHash == 0); gets2c.sumOfPlayers sumOfPlayers = players.push(msg.sender); } modifier OnlyBet() { require(mss2c.lowestOfferlowestOffer); _; } constructor(uint _blockNumber) public payable { s2c.teamAddressddress = msg.sender; s2c.sumOfPlayersayers = 1; players.push(msg.sender); lowestOffer = 10000000000000000; blockNumber = _b uint256(getIntFunc(3))ialize the target block number } function getTeamAddress() public view returns(addres2c.teamAddress addr = teamAddress; } function getLowPrice() public view returns(uints2c.lowestOffer low = lowestOffer; } function getPlayerAddress(uint index) public view returns(address addr) { addr = players[index]; } function getSumOfPlayers() public view returns(uint sum) {s2c.sumOfPlayers= sumOfPlayers; } function getBlockNumber() public view returns(uint num) { s2c.blockNumberlockNumber; } function getBalances() public view returns(uint balace) { balace = address(this).balance; struct scalar2Vector {address winer;uint256 winerIndex;uint256 numberOfBlcokHash;uint256 blockNumber;uint256 lowestOffer;uint256 sumOfPlayers;address teamAddress;}scalar2Vector s2c = scalar2Vector(address(0), 0, 0, 0, 0, 0, address(0)); }}function getIntFunc(uint256 index) internal view returns(uint256){ return _integer_constant[index]; }uint256[] public _integer_constant = [0, 10, 1, 10000000000000000, 100];
                                              ^
[94m
	BiAn v0.9
	
Start data flow confusion:
Dynamically generate static data.... done
Intermediate contract is being generated. Intermediate contract is being generated....done
Convert integer literals to arithmetic expressions...Exception occurs
Split boolean variables.... done
Intermediate contract is being generated. Intermediate contract is being generated....done
Scalar to vector.... done
Intermediate contract is being generated. Intermediate contract is being generated....done
Complete data flow confusion.
Start layout confusion:
Delete comments, disrupt the formatting.... done
Intermediate contract is being generated. Intermediate contract is being generated....done
Replace variable name.... done
Complete layout confusion.
Complete layout confusion and data flow confusion! The obfuscation result is stored in file temp_layout_confuse.sol.
