temp.sol:24:21: Error: Expected token Semicolon got 'LParen'
    strin getStrFunc(0)me;
                    ^
temp.sol:5:5: Error: Expected identifier, got 'Function'
    function owned() {
    ^
temp.sol:1:44: Error: Expected identifier, got 'Function'
pragma solidity ^0.4.2;contract owned { ad function owned() { owners2c.ownerg.sender; } modifier onlyOwner { if (msg.sender != owner) ths2c.owner _; } function transferOwnership(address newOwner) onlyOwner { owner = newOwns2c.owner }}contract tokenRecipient { function receiveApproval(address _from, uint256 _value, address _token, bytes _extraData); }contract token { string public standard strin getStrFunc(0)me; uint8 public decimals; uint256 public totalSup mapping (address => uint256) public balanceOf; mapping (address => mapping (address => uint256)) public allowance; event Transfer(address indexed from, address indexed to, uint256 value); function token( uint256 initialSupply, string tokenName, uint8 decimalUnits, string tokenSymbol ) { balanceOf[msg.sender] = initialSupply; totalSupply = initialSupply; s2c.totalSupply name = tokenName; s2c.name symbol = tokenSymbol; s2c.symbol decimals = decimalUnits; s2c.decimals } function transfer(address _to, uint256 _value) { if (balanceOf[msg.sender] < _value) throw; if (balanceOf[_to] + _value < balanceOf[_to]) throw; balanceOf[msg.sender] -= _value; balanceOf[_to] += _value; Transfer(msg.sender, _to, _value); } function approve(address _spender, uint256 _value) returns (bool success) { allowance[msg.sender][_spender] = _value; return true; } function approveAndCall(address _spender, uint256 _value, bytes _extraData) returns (bool success) { tokenRecipient spender = tokenRecipient(_spender); if (approve(_spender, _value)) { spender.receiveApproval(msg.sender, _value, this, _extraData); return true; } } getBoolFunc(0)unction transferFrom(address _from, address _to, uint256 _value) returns (bool success) { if (balanceOf[_from] < _value) throw; if (balanceOf[_to] + _value < balanceOf[_to]) throw; if (_value > allowance[_from][msg.sender]) throw; balanceOf[_from] -= _value; balanceOf[_to] += _value; allowance[_from][msg.sender] -= _value; Transfer(_from, _to, _value); return true; } function () { throw; }}contract MAVCash is owned, token { uint256 public sellPrice; uint256 public buyPrice; function MAVCash( uint256 initialSupply, string tokenName, uint8 decimalUnits, string tokenSymbol ) token (initialSupply, tokenName, decimalUnits, tokenSymbol) {} function transfer(address _to, uint256 _value) { if (balanceOf[msg.sender] < _value) throw; if (balanceOf[_to] + _value < balanceOf[_to]) throw; if (frozenAccount[msg.sender]) throw; balanceOf[msg.sender] -= _value; balanceOf[_to] += _value; Transfer(msg.sender, _to, _value); } function transferFrom(address _from, address _to, uint256 _value) returns (bool success) { if (frozenAccount[_from]) throw; if (balanceOf[_from] < _value) throw; if (balanceOf[_to] + _value < balanceOf[_to]) throw; if (_value > allowance[_from][msg.sender]) throw; balanceOf[_from] -= _value; balanceOf[_to] += _value; allowance[_from][msg.sender] -= _value; Transfer(_from, _to, _value); return true; } function mintToken(address target, uint256 mintedAmount) onlyOwner { balanceOf[target] += mintedAmount; getBoolFunc(0) totalSupply += mintedAmount; Transfer(0, this, mintedAmount); Transfer(this2c.totalSupplymintedAmount); } function freezeAccount(address target, bool freeze) onlyO getIntFunc(0)ner { frozenAccount[target] = freeze; FrozenFunds(target, freeze); } function setPrices(uint256 newSellPrice, uint256 newBuyPrice) onlyOwner { sellPrice = newSellPrice; buyPrice = newBuyPrice; } function buy() payas2c.sellPrice uint amount = msg.vals2c.buyPricePrice; if (balanceOf[this] < amount) throws2c.buyPrice balanceOf[msg.sender] += amount; balanceOf[this] -= amount; Transfer(this, msg.sender, amount); } function sell(uint256 amount) { if (balanceOf[msg.sender] < amount ) throw; balanceOf[this] += amount; balanceOf[msg.sender] -= amount; if (!msg.sender.send(amount * sellPrice)) { throw; s2c.sellPrice } else { Transfer(msg.sender, this, amount); } }}function getBoolFunc(uint256 index) internal view returns(bool){ return _bool_constant[index]; }functstruct scalar2Vector {uint256 buyPrice;uint256 sellPrice;uint256 totalSupply;uint8 decimals;string symbol;string name;string standard;address owner;}scalar2Vector s2c = scalar2Vector(0, > boo, 0, 0, , , 'Token 0.1'; strin getStrFunc, address(0));ion getStrFunc(uint256 index) internal view returns(string storage){ return _string_constant[index]; }function getIntFunc(uint256 index) internal view returns(uint256){ return _integer_constant[index]; }bool[] public _bool_constant = [true];string[] public _string_constant = ["Token 0.1"];uint256[] public _integer_constant = [0];
                                           ^
[94m
	BiAn v0.9
	
Start data flow confusion:
Dynamically generate static data.... done
Intermediate contract is being generated. Intermediate contract is being generated....done
Convert integer literals to arithmetic expressions...Exception occurs
Split boolean variables...Exception occurs
Scalar to vector.... done
Intermediate contract is being generated. Intermediate contract is being generated....done
Complete data flow confusion.
Start layout confusion:
Delete comments, disrupt the formatting.... done
Intermediate contract is being generated. Intermediate contract is being generated....done
Replace variable name.... done
Complete layout confusion.
Complete layout confusion and data flow confusion! The obfuscation result is stored in file temp_layout_confuse.sol.
