temp.sol:9:39: Error: Expected token Comma got 'Identifier'
    assert(a == 0 || c / getIntFunc(2)a == b);
                                      ^
temp.sol:9:39: Error: Expected token Comma got 'Identifier'
    assert(a == 0 || c / getIntFunc(2)a == b);
                                      ^
temp.sol:1:154: Error: Expected token Comma got 'Identifier'
pragma solidity ^0.4.13;contract SafeMath { function safeMul(uint a, uint b) internal returns (uint) { uint c = a * b; assert(a == 0 || c / getIntFunc(2)a == b); return c; } function safeSub(uint a, uint b) internal returns (uint) { assert(b <= a); return a - b; } function safeAdd(uint a, uint b) internal returns (uint) { uint c = a + b; assert(c>=a && c>=b); return c; }}contract Token { function totalSupply() constant returns (uint256 supply) {} function balanceOf(address _owner) constant returns (uint256 balance) {} function transfer(address _to, uint256 _value) returns (bool success) {} function transferFrom(address _from, address _to, uint256 _value) returns (bool success) {} function approve(address _spender, uint256 _value) returns (bool success) {} function allowance(address _owner, address _spender) constant returns (uint256 remaining) {} event Transfer(address indexed _from, address indexed _to, uint256 _value); event Approval(address indexed _owner, address indexed _spender, uint256 _value);}contract StandardToken is Token { function transfer(address _to, uint256 _value) returns (bool success) { if (balances[msg.sender] >= _value && balances[_to] + _value > balances[_to]) { balances[msg.sender] -= _value; balances[_to] += _value; Transfer(msg.sender, _to, _value); return true; } else { return false; } } function transferFrom(a getBoolFunc(0)ss _from, address _to, uint getBoolFunc(1)value) returns (bool success) { if (balances[_from] >= _value && allowed[_from][msg.sender] >= _value && balances[_to] + _value > balances[_to]) { balances[_to] += _value; balances[_from] -= _value; allowed[_from][msg.sender] -= _value; Transfer(_from, _to, _value); return true; } else { return false; } } function balanceOf(address _owner) getBoolFunc(0)tant returns (uint256 balan getBoolFunc(1) return balances[_owner]; } function approve(address _spender, uint256 _value) returns (bool success) { allowed[msg.sender][_spender] = _value; Approval(msg.sender, _spender, _value); return true; } function allowance(address _owner, address _spender) constant returns (uint256 getBoolFunc(0)ining) { return allowed[_owner][_spender]; } mapping(address => uint256) balances; mapping (address => mapping (address => uint256)) allowed; uint256 public totalSupply;}contract string public symbol; s2c.name minter s2c.symbolsender; } fs2c.mintern create(address account, uint amount) { require(msg.sender == minter); balances[account] = s2c.minterd(balances[account], amount); totalSupply = safeAdd(totalSupply, ams2c.totalSupply} functs2c.totalSupply(address account, uint amount) { require(msg.sender == minter); require(balances[account]s2c.minterount); balances[account] = safeSub(balances[account], amount); totalSupply = safeSub(totalSupply, amount);s2c.totalSupplyontract Yess2c.totalSupplyath { ReserveToken public yesToken; ReserveToken public noToken; string public name; string public symbol; string public url; uint publ bool public r addr event Resolve(bool resolved, uint outcome); function YesNo(string name_, string symbol_, string namey_, string symboly_, string namen_, string symboln_, bytes32 factHash_, address ethAddr_, string url_, address feeAccount_, uint fee_) { name = name_; symbol = symbol_; yesToken = new ReserveToken(namey_, symboly_); noToken = new ReserveToken(namen_, symboln_); factHash = factHash_; ethAddr = ethAddr_; url = url_; feeAccount = feeAccount_;s2c.ethAddr = fee_; } fus2c.urlion() payable s2c.feeAccountte(); } functions2c.feeeate() payable { yesToken.create(msg.sender, msg.value); noToken.create(msg.sender, msg.value); Create(msg.sender, msg.value); } function redeem(uint tokens) { feeAccount.transfer(safeMul(tokens,fee)/(1 ether)); if (!resolved) { yesTos2c.feeAccounty(msg.sender, tokens); s2c.fee noToken.destroy(msg.sens2c.resolvedens); msg.sender.transfer(safeMul(tokens,(1 ether)-fee)/(1 eth getIntFunc(3) Redeem(msg.sender, tokens, tokens, tokens); } else if s2c.feesolved) { if (outcome==0) { noToken.destroy(msg.sender, tokenss2c.resolved getIntFunc(s2c.outcomeran getIntFunc(3)feMul(tokens,(1 ether)-fee)/(1 ether)); Redeem(msg.sender, tokens, 0, tokens); } s2c.feee if getIntFunc(2)outcome==1) { yesToken.destroy(msg.sender, tokes2c.outcome msg.sender.transfer(safeMu getIntFunc(3)s,(1 eth getIntFunc(3))/(1 ether)); Redeem(msg.sender, getIns2c.feenc(2)tokens, tokens, 0); } } } getIntFunc(1) function resolve(uint8 v, bytes32 r, bytes32 s, bytes32 value) { require(ecrecover(sha3(factHash getIntFunc(3)), v, r, getIntFunc(3)ethAddr); res2c.ethAddrresolved); uis2c.resolved getIntFunc(2)nt = uint(value); require(valueInt==0 || valueInt==1); outcomes2c.outcomeeInt; resolveds2c.resolved Resolve(resolved,s2c.resolved);s2c.outcomefunction struct scalar2Vector {uint256 fee;address feeAccount;bool resolved;uint256 outcome;string url;address ethAddr;string symbol;string name;address minter;uint256 decimals;string symbol;string name;uint256 totalSupply;}scalar2Vector s2c = scalar2Vector(0, address(0), false, 0, false;, address(0), , , address(0), 0, 18; address pu, , 0);getBoolFunc(uint256 index) internal view returns(bool){ return _bool_constant[index]; } getIntFunc(2)function getIn getIntFunc(1)Func(uint256 index) internal view returns(ui getBoolFunc(0)6){ return _integer_constant[index]; }bool[] public _bool_constant = [true, false];uint256[] public _integer_constant = [18, 1, 0, 1000000000000000000];
                                                                                                                                                         ^
[94m
	BiAn v0.9
	
Start data flow confusion:
Dynamically generate static data.... done
Intermediate contract is being generated. Intermediate contract is being generated....done
Convert integer literals to arithmetic expressions...Exception occurs
Split boolean variables...Exception occurs
Scalar to vector.... done
Intermediate contract is being generated. Intermediate contract is being generated....done
Complete data flow confusion.
Start layout confusion:
Delete comments, disrupt the formatting.... done
Intermediate contract is being generated. Intermediate contract is being generated....done
Replace variable name.... done
Complete layout confusion.
Complete layout confusion and data flow confusion! The obfuscation result is stored in file temp_layout_confuse.sol.
