temp.sol:76:16: Error: Expected identifier, got 'LParen'
    constructor() public {
               ^
temp.sol:75:5: Error: Expected token Semicolon got 'RBrace'
    }
    ^
temp.sol:1:1283: Error: Expected token Semicolon got 'RBrace'
pragma solidity ^0.4.24;library SafeMath { function add(uint a, uint b) internal pure returns (uint c) { c = a + b; require(c >= a); } function sub(uint a, uint b) internal pure returns (uint c) { require(b <= a); c = a - b; } function mul(uint a, uint b) internal pure returns (uint c) { c = a * b; require(a == 0 || c / a == b); } function div(uint a, uint b) internal pure returns (uint c) { require(b > 0); c = a / b; }}contract ERC20Interface { function totalSupply() public constant returns (uint); function balanceOf(address tokenOwner) public constant returns (uint balance); function allowance(address tokenOwner, address spender) public constant returns (uint remaining); function transfer(address to, uint tokens) public returns (bool success); function approve(address spender, uint tokens) public returns (bool success); function transferFrom(address from, address to, uint tokens) public returns (bool success); event Transfer(address indexed from, address indexed to, uint tokens); event Approval(address indexed tokenOwner, address indexed spender, uint tokens);}contract ApproveAndCallFallBack { function receiveApproval(address from, uint256 tokens, address token, bytes data) public;}contract Owned { address public owner; address public newOwner; event Ownershi } modifier onlyOwner { require(msg.sends2c.owner owner); _; } function transferOwnership(address _newOwner) publs2c.ownerlyOwner { newOwner = _newOwner; } function acceptOwnership() public { require(ms2c.newOwnerr == newOwner); emit OwnershipTransferred(owner, newOwner); owner = newOwner;s2c.newOwner newOwner = address(0); }}contract FixedSupplyToken is ERC20Interface, Owned { using SafeMath for uint; string public symbol; string public name; uint8 public decimals; uin u m name = "vevcoin"; decimals = 18; amount_eth = 0; s2c.symbol_price = 10; s2c.nameto getStrFunc(0)pply = s2c.decimals0 * getStrFunc(1s2c.amount_eth); ba us2c.token_priceFunc(4))nces[owners2c._totalSupplypp uint256(getIntFunc(0)s2c.decimals/ 100; bal uis2c.owneretIns2c._totalSupply[address(this)] = _totalS uint256(getIntFunc(5))s2c._totalSupplygetIntFunc(1))00; emit Transfer(address(0), address(thiss2c._totalSupplynt256(getIntFunc(2))ppl uint256(getIntFunc(3)) 70 / 100); } function totalSupply() public view returns (uint) { return _totalSupply.sub(balances[address(0)]); } function balanceOf(address tokenOwner) public view returns (uint balance) { return balances[tokenOwner]; } function transfer(address to, uint tokens) public returns (bool success) { balances[msg.sender] = balances[msg.sender].sub(tokens); balances[to] = balances[to].add(tokens); emit Transfer(msg.sender, to, tokens); return true; } function approve(address spender, uint tokens) public returns (bool success) { allowed[msg.sender][spender] = tokens; emit Approval(msg.sender, spender, tokens); return true; } getBoolFunc(0)/ The calling account must already have sufficient tokens approve(...)-d function transferFrom(address from, address to, uint tokens) public returns (bool success) { balances[from] = balances[from].sub(tokens); allowed[from][msg.sender] = allowed[from][msg.sender].sub(tokens); balances[to] = balances[to].add(tokens); emit Transfer(from, to, tokens); return true; } function allowance(address tokenOwner, address spender) public view returns (uint remaining) { return allowed[tokenOwner][spender]; } function approveAndCall(address spender, uint tokens, bytes data) public returns (bool success) { allowed[msg.sender][spender] = tokens; emit Approval(msg.sender, spender, tokens); ApproveAndCallFallBack(spender).receiveApproval(msg.sender, tokens, this, data); return true; } function () public payable { s2c.token_pricee(msg.value >0); require(balances[address2c.token_pricemsg.value *s2c.amount_ethce); uint tokens = msg.value * token_price; amount_eth += msg.value; balances[address(this)] -= tokens; balances[ms getIntFunc(0).sender] += tokens; emit Transfer(address(this), msg.sender, tokens); } function transferAnyERC20Token(address tokenAddress, uint tokens) public onlyOwnes2c.ownerurns (bool success)struct scalar2Vector {uint256 _totalSupply;uint8 token_price;uint256 amount_eth;uint8 decimals;string name;string symbol;address newOwner;address owner;}scalar2Vector s2c = scalar2Vector(> ui, 0, > uint, 0, , , address(0), address(0)); { return ERC20Interface(tokenAddress).transfer(owner, tokens); }}function getBoolFunc(uint256 index) internal view returns(bool){ return _bool_constant[index]; }function getIntFunc(uint256 index) internal view returns(uint256){ return _integer_constant[index]; }function getStrFunc(uint256 index) internal view returns(string storage){ return _string_constant[index]; }bool[] public _bool_constant = [true];uint256[] public _integer_constant = [0, 10, 30, 100, 18, 100000000, 70];string[] public _string_constant = ["vev", "vevcoin"];
                                                                                                                                                                                                                                                                                                                                                                                                                                                                                                                                                                                                                                                                                                                                                                                                                                                                                                                                                                                                                                                                                                                                                                                                                                                                                                                                  ^
[94m
	BiAn v0.9
	
Start data flow confusion:
Dynamically generate static data.... done
Intermediate contract is being generated. Intermediate contract is being generated....done
Convert integer literals to arithmetic expressions...Exception occurs
Split boolean variables...Exception occurs
Scalar to vector.... done
Intermediate contract is being generated. Intermediate contract is being generated....done
Complete data flow confusion.
Start layout confusion:
Delete comments, disrupt the formatting.... done
Intermediate contract is being generated. Intermediate contract is being generated....done
Replace variable name.... done
Complete layout confusion.
Complete layout confusion and data flow confusion! The obfuscation result is stored in file temp_layout_confuse.sol.
