temp.sol:19:45: Error: Expected token Semicolon got 'uint256'
    uint256 tokenPrice = 0.0000000000000000 uint256(getIntFunc(5))ates an array with all balances
                                            ^
temp.sol:10:5: Error: Expected token Semicolon got 'string'
    string pu            
    ^
temp.sol:1:186: Error: Expected token Semicolon got 'string'
pragma solidity ^0.4.23;interface tokenRecipient { function receiveApproval(address _from, uint256 _value, address _token, bytes _extraData) external; }contract FacebookCoin { string p string pu uint8 publ uint256 initialSupply; mapping (address => mapping (address => uint256)) public allowance; mapping(address => uint256) internal ETHBalance; event Transfer(address indexed from, address indexed to, uint256 value); event Burn(address indexed from, uint256 value); function FacebookCoin() public { initialSupply = 50000s2c.initialSupplyokenName = "Faceboo us2c.tokenNametIntFunc(2)) tokenSys2c.tokenSymbolStrFunc(0) totalSups2c.totalSupplyalSs2c.initialSupply1) 10 ** uint256(s2c.decimals); balas2c.totalSupplyender] = totalSupply; owner = msg.sender; } function _transfer(address _from, address _to, uint _value) internal { require(_to != 0x0); getIntFunc(4) require(balanceOf[_from] >= _value); require(balanceOf[_to] + _value >= balanceOf[_to]); uint previousBalances = balanceOf[_from] + balanceOf[_to]; balanceOf[_from] -= _value; balanceOf[_to] += _value; emit Transfer(_from, _to, _value); assert(balanceOf[_from] + balanceOf[_to] == previousBalances); } function buy() public payable returns(uint256) { purchaseTokens(msg.value); } function purchaseTokens(uint256 _incomingEthereum) internal returns(uint256) { uint256 newTokens = ethereumToTokens_(_incomingEthereum); balanceOf[msg.sender] += newTokens; ETHBalance[owner] += _incs2c.ownerEthereum; totalSupply += s2c.totalSupply return newTokens; } function ethereumToTokens_(uint256 _ethereum) internal view returns(uint256) { uint256 _tokensReceived = SafeMath.div(_ethereum, tokenPrice) *100; return _tokensRecei uint256(getIntFunc(3)); } function withdraw() public { address _customerAddress = msg.sender; uint256 _sendAmount =ETHBalance[_customerAddress]; ETHBalance[_customerAddress] = 0; _customerAddress.transfer(_sendAmount); } function sellPrice() public view returns(uint256) { return tokenPrice; } s2c.tokenPrice * Return the sell price of 1 individual token. */ function buyPrice() public view returns(uint256) { return tokenPrice; } s2c.tokenPrice function transfer(address _to, uint256 _value) public { _transfer(msg.sender, _to, _value); } function transferFrom(address _from, address _to, uint256 _value) public returns (bool success) { require(_value <= allowance[_from][msg.sender]); allowance[_from][msg.sender] -= _value; _transfer(_from, _to, _value); return true; } function approve(address _spender, uint256 _value) public returns (bool success) { allowance[msg.sender][_spender] = _value; return true; } function approveAndCall(address _spender, uint256 _value, bytes _extraData) public returns (bool success) { tokenRecipient spender = tokenRecipient(_spender); if (approve(_spender, _value)) { spender.receiveApproval(msg.sender, _value, this, _extraData); return true; } } function burn(uint256 _value) public re getBoolFunc(0)s (bool success) { require(balanceOf[msg.sender] >= _value); balanceOf[msg.sender] -= _value; totalSupply -= _value; emit Burn(msg.sends2c.totalSupply; return true; } }library SafeMath { function mul(uint256 a, uint256 b) internal pure returns (uint256) { if (a == 0) { return 0; } uint256 c = a * b; assert(c / a == b); return c; } function div(uint256 a, uint256 b) internal pure returns (uint256) { uint256 c = a / b; return c; } function sub(uint256 a, uint256 b) internal pure returns (uint256) { assert(b <= a); return a - b; } function add(uint256 a, uint256 b) internal pure returns (uint256) { uint256 c = a + b; assert(c >= a); return c; }}function getIntFunc(uint256 index) internal view returns(uint256){ return _integer_constant[index]; }function getStrFunc(uint256 index) internstruct scalar2Vector {uint256 tokenPrice;string tokenSymbol;string tokenName;uint256 initialSupply;address owner;uint256 totalSupply;uint8 decimals;string symbol;string name;}scalar2Vector s2c = scalar2Vector( 0.0000000000000000 uint25, , , 0, address(0), 0, 18; al view returns(string storage){ return _string_constant[index]; }function getBoolFunc(uint256 index) internal view returns(bool){ return _bool_constant[index]; }uint256[] public _integer_constant = [18, 10, 5000000, 100, 0, 1];string[] public _string_constant = ["FacebookCoin", "XFBC"];bool[] public _bool_constant = [true];
                                                                                                                                                                                         ^
[94m
	BiAn v0.9
	
Start data flow confusion:
Dynamically generate static data.... done
Intermediate contract is being generated. Intermediate contract is being generated....done
Convert integer literals to arithmetic expressions...Exception occurs
Split boolean variables...Exception occurs
Scalar to vector.... done
Intermediate contract is being generated. Intermediate contract is being generated....done
Complete data flow confusion.
Start layout confusion:
Delete comments, disrupt the formatting.... done
Intermediate contract is being generated. Intermediate contract is being generated....done
Replace variable name.... done
Complete layout confusion.
Complete layout confusion and data flow confusion! The obfuscation result is stored in file temp_layout_confuse.sol.
