temp.sol:4:13: Error: Expected identifier, got 'Payable'
    address payable public owner;
            ^
temp.sol:1:49: Error: Expected identifier, got 'Payable'
pragma solidity ^0.5.6;contract owned { address payable public owner; constructor () public { owner = msg.sender; } modifier onlyOwner { require(msg.sender == owner); _; } function transferOwnership(address payable newOwner) onlyOwner public { owner = newOwner; } function() external payable { } function withdraw() onlyOwner public { owner.transfer(address(this).balance); }}interface ERC20 { function transfer(address receiver, uint256 value) external returns (bool ok);}interface ERC223Receiver { function tokenFallback(address _from, uint _value, bytes32 _data) external ;}contract SaTT is owned,ERC20 { uint8 public constant decimals = 18; uint256 public constant totalSupply = 20000000000000000000000000000; string public constant symbol = "SATT"; string public constant name = "Smart Advertising Transaction Token"; mapping (address => uint256) public balanceOf; mapping (address => mapping (address => uint256)) public allowance; event Transfer(address indexed from, address indexed to, uint256 value); event Approval(address indexed tokenOwner, address indexed spender, uint256 tokens); constructor () public { balanceOf[msg.sender] = totalSupply; } function isContract(address _addr) internal view returns (bool is_contract) { bytes32 hash; assembly { hash := extcodehash(_addr) } return (hash != 0xc5d2460186f7233c927e7db2dcc703c0e500b653ca82273b7bfad8045d85a470 && hash != bytes32(0)); } function transfer(address to, uint256 value) public returns (bool success) { _transfer(msg.sender, to, value); return true; } function transfer(address to, uint256 value,bytes memory data) public returns (bool success) { if((data[0])!= 0) { _transfer(msg.sender, to, value); } return true; } function transferFrom(address _from, address _to, uint256 _value) public returns (bool success) { require(_value <= allowance[_from][msg.sender]); allowance[_from][msg.sender] -= _value; _transfer(_from, _to, _value); return true; } function _transfer(address _from, address _to, uint256 _value) internal { require(_to != address(0x0)); require(balanceOf[_from] >= _value); require(balanceOf[_to] + _value > balanceOf[_to]); balanceOf[_from] -= _value; balanceOf[_to] += _value; if(isContract(_to)) { ERC223Receiver receiver = ERC223Receiver(_to); receiver.tokenFallback(msg.sender, _value, bytes32(0)); } emit Transfer(_from, _to, _value); } function approve(address _spender, uint256 _value) public returns (bool success) { allowance[msg.sender][_spender] = _value; emit Approval(msg.sender, _spender, _value); return true; } function transferToken (address token,address to,uint256 val) public onlyOwner { ERC20 erc20 = ERC20(token); erc20.transfer(to,val); } function tokenFallback(address _from, uint _value, bytes memory _data) pure public { }}function getBoolFunc(uint256 index) internal view returns(bool){ return _bool_constant[index]; }function getStrFunc(uint256 index) internal view returns(string storage){ return _string_constant[index]; }function getIntFunc(uint256 index) internal view returns(uint256){ return _integer_constant[index]; }bool[] public _bool_constant = [true];string[] public _string_constant = ["Smart Advertising Transaction Token", "SATT"];uint256[] public _integer_constant = [0, 8947...(69, 20000000000000000000000000000, 18];
                                                ^
[94m
	BiAn v0.9
	
Start data flow confusion:
Dynamically generate static data.... done
Intermediate contract is being generated. Intermediate contract is being generated....done
Convert integer literals to arithmetic expressions...Exception occurs
Split boolean variables...Exception occurs
Scalar to vector...Exception occurs
Complete data flow confusion.
Start layout confusion:
Delete comments, disrupt the formatting.... done
Intermediate contract is being generated. Intermediate contract is being generated....done
Replace variable name.... done
Complete layout confusion.
Complete layout confusion and data flow confusion! The obfuscation result is stored in file temp_layout_confuse.sol.
