temp.sol:90:3: Error: Expected pragma, import directive or contract/interface/library definition.
}	function getIntFunc(uint256 index) internal view returns(uint256){
 	^
temp.sol:6:5: Error: Expected identifier, got 'Function'
    function owned() {
    ^
temp.sol:1:45: Error: Expected identifier, got 'Function'
pragma solidity ^0.4.2;contract owned { add function owned() { owner s2c.owner.sender; } modifier onlyOwner { require(msg.sender == owner); s2c.owner _; } function transferOwnership(address _newOwner) onlyOwner { owner = _newOwns2c.owner }}contract LuxToken is owned { string public name = string public symbol uint8 public decimals uint256 issuePrice = 1 bool public isAllowedToPu uint256 minTokensRequiredFo mapping (address => uint256) public balanceOf; mapping (address => string) messages; event Transfer(address indexed from, address indexed to, uint256 value); event MessageAdded(address indexed from, string message, uint256 contributed); function LuxToken() { } function transfer(address _to, uint256 _value) returns (bool success) { if (_value == 0) { return false; } if (balanceOf[msg.sender] < _value) { return false; } if (balanceOf[_to] + _value < balanceOf[_to]) { return false; } balanceOf[msg.sender] -= _value; balanceOf[_to] += _value; Transfer(msg.sender, _to, _value); return true; } function enablePurchasing() onlyOwner { isAllowedToPurchase = true; } function s2c.isAllowedToPurchase onlyOwner { isAllowedToPurchase = false; } function () payas2c.isAllowedToPurchasere(isAllowedToPurchase); uint256 issuedTokens = msg.vas2c.isAllowedToPurchase balanceOf[msg.sender] += issuedTokens; s2c.issuePricesfer(address(this), msg.sender, 10); } function getBalance(address addr) constant returns(uint256) { return balanceOf[addr]; } function sendFundsTo(address _to, uint256 _amount) onlyOwner { _to.transfer(_amount); } function setMinTokensRequiredForMessage(uint256 _newValue) onlyOwner { minTokensRequiredForMessage = _newValue; } function setSymbol(sts2c.minTokensRequiredForMessage symbol = _symbol; } function setMessage(string _message) { us2c.symbol tokenBalance = balanceOf[msg.sender]; require(tokenBalance >= minTokensRequiredForMessage); MessageAdded(msg.sender, _message, tokenBalance)s2c.minTokensRequiredForMessagenc(uint256 index) internal view returns(uint256){ return _integer_cstruct scalar2Vector {uint256 minTokensRequiredForMessage;bool isAllowedToPurchase;uint256 issuePrice;uint8 decimals;string symbol;string name;address owner;}scalar2Vector s2c = scalar2Vector( 10; mapping (address, false; uint256 minTokensR, 0, 0; uint256 issuePri, "LUX"; uint8 public de, , address(0));onstant[index]; }function getStrFunc(uint256 index) internal view returns(string storage){ return _string_constant[index]; }function getBoolFunc(uint256 index) internal view returns(bool){ return _bool_constant[index]; }uint256[] public _integer_constant = [100, 10, 0, 1000000000000000000];string[] public _string_constant = ["Luxury Token", "LUX"];bool[] public _bool_constant = [false, true];
                                            ^
[94m
	BiAn v0.9
	
Start data flow confusion:
Dynamically generate static data.... done
Intermediate contract is being generated. Intermediate contract is being generated....done
Convert integer literals to arithmetic expressions...Exception occurs
Split boolean variables...Exception occurs
Scalar to vector.... done
Intermediate contract is being generated. Intermediate contract is being generated....done
Complete data flow confusion.
Start layout confusion:
Delete comments, disrupt the formatting.... done
Intermediate contract is being generated. Intermediate contract is being generated....done
Replace variable name.... done
Complete layout confusion.
Complete layout confusion and data flow confusion! The obfuscation result is stored in file temp_layout_confuse.sol.
