temp.sol:10:17: Error: Expected identifier, got 'LParen'
    constructor () public {
                ^
temp.sol:10:17: Error: Expected identifier, got 'LParen'
    constructor () public {
                ^
temp.sol:10:17: Error: Expected identifier, got 'LParen'
    constructor () public {
                ^
temp.sol:7:5: Error: Expected identifier, got 'Event'
    event Deposit(uint256 value);
    ^
temp.sol:1:55: Error: Expected identifier, got 'Event'
pragma solidity ^0.5.1;contract CommunityChest { addr event Deposit(uint256 value); event Transfer(address to, uint256 value); constructor () public { owner = mss2c.ownerder; } function send(address payable to, uint256 value) public onlyOwner { to.transfer(value); emit Transfer(to, value); } function () payable external { emit Deposit(msg.value); } function getBalance() public view returns (uint256) { return address(this).balance; } modifier onlyOwner() { require(msg.sender == owner); _; }}s2c.ownert scalar2Vector {address owner;}scalar2Vector s2c = scalar2Vector(address(0));
                                                      ^
[94m
	BiAn v0.9
	
Start data flow confusion:
Dynamically generate static data.... done
Intermediate contract is being generated. Intermediate contract is being generated....done
Convert integer literals to arithmetic expressions.... done
Intermediate contract is being generated. Intermediate contract is being generated....done
Split boolean variables.... done
Intermediate contract is being generated. Intermediate contract is being generated....done
Scalar to vector.... done
Intermediate contract is being generated. Intermediate contract is being generated....done
Complete data flow confusion.
Start layout confusion:
Delete comments, disrupt the formatting.... done
Intermediate contract is being generated. Intermediate contract is being generated....done
Replace variable name.... done
Complete layout confusion.
Complete layout confusion and data flow confusion! The obfuscation result is stored in file temp_layout_confuse.sol.
