Error: Source file requires different compiler version (current compiler is 0.6.12+commit.27d51765.Darwin.appleclang) - note that nightly builds are considered to be strictly less than the released version
 --> temp.sol:1:1:
  |
1 | pragma solidity ^0.4.24;
  | ^^^^^^^^^^^^^^^^^^^^^^^^

temp.sol:42:12: Error: Expected identifier but got '('
    uint256(getIntFunc(1))ease = 25;  //25%
           ^
temp.sol:1:1: Error: Source file requires different compiler version (current compiler is 0.5.17+commit.d19bba13.Darwin.appleclang - note that nightly builds are considered to be strictly less than the released version
pragma solidity ^0.4.24;
^----------------------^
temp.sol:1:1: Error: Source file requires different compiler version (current compiler is 0.5.17+commit.d19bba13.Darwin.appleclang - note that nightly builds are considered to be strictly less than the released version
pragma solidity ^0.4.24;contract suicidewatch { event still ...
^----------------------^
[94m
	BiAn v0.9
	
Start data flow confusion:
Dynamically generate static data.... done
Intermediate contract is being generated. Intermediate contract is being generated....done
Convert integer literals to arithmetic expressions...Exception occurs
Split boolean variables.... done
Intermediate contract is being generated. Intermediate contract is being generated....done
Scalar to vector.... done
Intermediate contract is being generated. Intermediate contract is being generated....done
Complete data flow confusion.
Start layout confusion:
Delete comments, disrupt the formatting.... done
Intermediate contract is being generated. Intermediate contract is being generated....done
Replace variable name.... done
Complete layout confusion.
Complete layout confusion and data flow confusion! The obfuscation result is stored in file temp_layout_confuse.sol.
Version checks for batch05_contract_003.sol_obf.sol:
Obf compat: 0/6
Obf compat: 0/6
