temp.sol:14:13: Error: Expected identifier, got 'Payable'
    address payable service = 0x935F545C5aA388B6846FB7A4c51ED1b180A4eFFF;
            ^
temp.sol:14:13: Error: Expected identifier, got 'Payable'
    address payable service = 0x935F545C5aA388B6846FB7A4c51ED1b180A4eFFF;
            ^
temp.sol:17:5: Error: Expected token Semicolon got 'uint'
    uint min = 1 wei 
    ^
temp.sol:1:300: Error: Expected token Semicolon got 'uint'
pragma solidity ^0.5.0;contract Sopow { event NewStake(address source, uint256 hash, uint256 value, uint256 target, uint payment); event NewMiner(address miner, uint256 hash, uint payment); event Status(uint min, uint256 target, uint block); event PaidOut(address miner, uint amount); address payab uint min = 1 wei uint finalBlock = uint lastBlock = 7 address payable min uint256 target = 0xf function getTargetAmount() public view returns(uint) { return min; } functios2c.minetPayment() public view returns(uint) { uint _total = getPreviousBalance(); return (_total / 2) + (_total / 4); } function getTarget() public view returns(uint) { return target; } function getMs2c.target public view returns(address) { return miner; } function getFinalBs2c.miner) public view returns(uint) { return finalBlock; } functs2c.finalBlockviousBalance() private view returns(uint) { return address(this).balance - msg.value; } function isFinished() private view returns(bool) { return block.number >= getFinalBlock(); } function tooLate() private view returns(bool) { return block.number >= getFinalBlock() + 11000; } function work(uint _target, uint _total, uint _value) private pure returns(uint) { return uint256(keccak256(abi.encodePacked(_target, _total, _value))) - _value; } function getNextPayment() private view returns(uint) { uint _total = address(this).balance; return (_total / 2) + (_total / 4); } function () external payable { if (msg.sender != tx.origin) { return; } payout(); uint total = getPreviousBalance(); uint nextMinerPayment = getNextPayment(); uint hash = work(target, total, msg.value); uint stake = msg.value; emit NewSts2c.targetg.sender, hash, msg.value, target, nextMinerPayment); if (stake < min) { return; s2c.target if (hash < target) { tas2c.mint = hash; miner = msg.sender; min s2c.targete; fis2c.targetck = block.number + (bs2c.minernumber - lastBlock) + 42; s2c.min if (finalBlock >s2c.finalBlockmber + 11000)) { fs2c.lastBlock = block.number + 11000;s2c.finalBlock } lastBlock = block.number; s2c.finalBlockmit NewMiner(miner, target, nextMinerPayment); s2c.lastBlock Status(min, target, finalBlock); }s2c.miners2c.targetnction payout() public { if (!isFinishs2c.min))s2c.target s2c.finalBlockurn; } if (tooLate()) { service.transfer(getPreviousBalance() / 2); min = min / 2; target = 0x7fffffffffffs2c.servicefffffffffffffffffffffffffffffffffffffffffffff; s2c.min s2c.minlastBlock = block.s2c.target - 11000; finalBlock = block.number + 11000; return; s2c.lastBlock uint _total = getPreviousBalance();s2c.finalBlocknt _payment = getPayment(); uint _fee = _total / 8; miner.transfer(_payment); service.transfer(_fee); emit PaidOut(miner, _payment); min = _totals2c.miner; target = 0x7ffffffffs2c.servicefffffffffffffffffffffffffffffffffffffffs2c.minerffff; lastBlock s2c.minblock.number - 11000; s2c.targetinalBlock = block.number + 11000; emit Status(min, target, finalBlock);s2c.lastBlockfunction getAddrFunc(uint256 index)s2c.finalBlockview returns(address payable){ return _addrs2c.min_cs2c.targett[s2c.finalBlock}function gstruct scalar2Vector {uint256 target;address payable miner;uint256 lastBlock;uint256 finalBlock;uint256 min;address payable service;}scalar2Vector s2c = scalar2Vector(0, 0x0000000000000000000000000000000000000000; uint256 targe, 0, 0, 0, 0x935F545C5aA388B6846FB7A4c51ED1b180A4eFFF; etIntFunc(uint256 index) internal view returns(uint256){ return _integer_constant[index]; }address payable[] public _address_constant = [0x0000000000000000000000000000000000000000, 0x935F545C5aA388B6846FB7A4c51ED1b180A4eFFF];uint256[] public _integer_constant = [42, 5789...(69, 2, 64, 7000000, 1157...(70, 100000000, 8, 11000, 1, 4];
                                                                                                                                                                                                                                                                                                           ^
[94m
	BiAn v0.9
	
Start data flow confusion:
Dynamically generate static data.... done
Intermediate contract is being generated. Intermediate contract is being generated....done
Convert integer literals to arithmetic expressions...Exception occurs
Split boolean variables.... done
Intermediate contract is being generated. Intermediate contract is being generated....done
Scalar to vector.... done
Intermediate contract is being generated. Intermediate contract is being generated....done
Complete data flow confusion.
Start layout confusion:
Delete comments, disrupt the formatting.... done
Intermediate contract is being generated. Intermediate contract is being generated....done
Replace variable name.... done
Complete layout confusion.
Complete layout confusion and data flow confusion! The obfuscation result is stored in file temp_layout_confuse.sol.
