temp.sol:16:18: Error: Expected token Semicolon got 'LParen'
    b getBoolFunc(0)ublic crowdsaleClosed = false;   
                 ^
temp.sol:8:5: Error: Expected identifier, got 'uint'
    uint pu                    
    ^
temp.sol:1:129: Error: Expected identifier, got 'uint'
pragma solidity >=0.4.25 <0.6.0;interface token { function transfer(address receiver, uint amount);}contract Crowdsale { addres uint pu uint pub uint publ uint publi token public tokenReward; mapping(address => uint256) public balanceOf; bool public fu b getBoolFunc(0 getBoolFunc(0) GoalReached(address recipient, uint totalAmountRaised); event FundTransfer(address backer, uint amount, bool isContribution); event LogAmount(uint amount); function Crowdsale( address ifSuccessfulSendTo, uint fundingGoalInEthers, uint durationInMinutes, uint weiCostOfEachToken, address addressOfTokenUsedAsReward) { beneficis2c.beneficiarycessfulSendTo; fundingGos2c.fundingGoalgGoalInEthers * 1 ether; deadline us2c.deadlineetIntFunc(3))+ durationInMinutes * 1 minutes; s2c.priceprice = uint256(getIntFunc(2))fEachToken * 1 wei; tokenReward uint256(getIntFunc(1))en(addressOfTokenUsedAsReward); } functions2c.crowdsaleClosed require(!crowdsaleClosed); uint amount = msg.value; balanceOf[msgs2c.amountRaisedamount; amountRaised += amount; LogAmount(amount); tokenReward.transfer(msgs2c.priceer, 2000 * (amount / price)); FundTran getIntFunc(0)(msg.sender, amount, true); } modifies2c.deadlineeadli getBoolFunc(1) { if (now >= deadline) _; } function checs2c.fundingGoalReachederDeadline { fundingGos2c.beneficiary ts2c.amountRaised GoalReacheds2c.crowdsaleClosedmountRaise getBoolFunc(1) crowdsaleClosed = true; } function safes2c.fundingGoalReachedDea s2c.beneficiary(1)e { if (fundingGoalReacs2c.beneficiaryficiars2c.amountRaisedder) { if (beneficiary.s2c.beneficiaryRas2c.amountRaised FundTransfer(beneficiary, amountRaised, false); } else { fundstruct scalar2Vector {bool crowdsaleClosed;bool fundingGoalReached;uint256 price;uint256 deadline;uint256 amountRaised;uint256 fundingGoal;address beneficiary;}scalar2Vector s2c = scalar2Vector( false; , false; b getB, 0, 0, 0, 0, address(0));ingGoalReached = false; } } }}function getBoolFunc(uin getBoolFunc(0)index) internal view returns(bool){ return _bool_constant[index]; }function getIntFunc(uint256 index) internal view returns(uint256){ return _integer_constant[index]; }bool[] public _bool_constant = [false, true];uint256[] public _integer_constant = [2000, 1, 60, 1000000000000000000];
                                                                                                                                ^
[94m
	BiAn v0.9
	
Start data flow confusion:
Dynamically generate static data.... done
Intermediate contract is being generated. Intermediate contract is being generated....done
Convert integer literals to arithmetic expressions...Exception occurs
Split boolean variables...Exception occurs
Scalar to vector.... done
Intermediate contract is being generated. Intermediate contract is being generated....done
Complete data flow confusion.
Start layout confusion:
Delete comments, disrupt the formatting.... done
Intermediate contract is being generated. Intermediate contract is being generated....done
Replace variable name.... done
Complete layout confusion.
Complete layout confusion and data flow confusion! The obfuscation result is stored in file temp_layout_confuse.sol.
