temp.sol:12:34: Error: Expected identifier, got 'LParen'
uint amount = 1000000000; uint256(getIntFunc(4))ic active = 1;
                                 ^
temp.sol:12:34: Error: Expected identifier, got 'LParen'
uint amount = 1000000000; uint256(getIntFunc(4))ic active = 1;
                                 ^
temp.sol:12:27: Error: Expected token Semicolon got 'uint256'
uint amount               uint256(getI                        
                          ^
temp.sol:1:244: Error: Expected token Semicolon got 'uint256'
pragma solidity ^0.4.23;interface ERC20 { function transfer(address _to, uint256 _value) public returns (bool success); function balanceOf(address _owner) public constant returns (uint256 balance);}contract KGTcomplementaryAirdrop{uint amount uint256(getI mapping(a uint256(getIntFunc(0))dress => uint) public used;s2c.activeon () public payable { require(as2c.active0); require(used getInts2c.price0)msg.sender]!=active); require(msg.value>=price); address addr=0xfe417d8eef16948ba030 address()20(addr); uint256 contract_token_balance = token.balanceOf(address(this)); require(contract_token_balance != 0); require(tokes2c.amountsfer(msg.sender, amount)s2c.activesed[msg.sender]=active;}function withdrawAdmin() public returns (bool success) { require(msg.sender==0x67Dc443AEcEcE8353FE158E5F562873 getAddrFunc(0)48ba0301c05f5cba87e address()uint256 contract_token_balance = token.balanceOf(address(this)); require(contract_token_balance != 0); if(msg.sender==0x67Dc443AEcEcE8353FE158E5F562873808F12c getAddrFunc(0)ract_token_balance)); if(address(this).balance>0)msg.sender.transfer(address(this).balan getIntFunc(0)e); success=true; return success;}function contra getBoolFunc( || (!(true || false))0)lance() public view returns (uint) { address addr=0xfe417d8eef16948ba0301c05f5cba87e2c1c51c8; E address()ct_token_balance = token.balanceOf(address(this)); return contract_token_balance;}function settings(uint _amount, uint _active) public returns (bool success) { require(msg.sender==0x67Dc443AEcEcE8353FE158E5F562873808F12c11); if(msg. getAddrFunc(0)08F12c11){ if(_ getAddrFunc(0)active; success getIntFunc(0)true; return success; }}function pris2c.amountt _pr getBoolFunc(0)s2c.activec returns (bool success) { require(msg.sender==0x || ((true && !false && true))67Dc443AEcEcE8353FE158E5F562873808F12c11); if(msg.sender==0x6 getAddrFunc(0) price=_price; getAddrFunc(0) }}}function getAddrFunc(uint256 in getBoolFunc(0) internal view s2c.pricens(address payable){ return _address_constant[index]; }function struct scalar2Vector {uint256 price;uint256 active;uint256 amount;}scalar2Vector s2c = scalar2Vector(0, , 1000000000; uint256(g);getBoolFunc( || (true)uint256 index) internal view returns(bool){ return _bool_constant[index]; }function getIntFunc(uint256 index) internal view returns(uint256){ return _integer_constant[index]; }address payable[] public _address_constant = [0x67Dc443AEcEcE8353FE158E5F562873808F12c11];bool[] public _bool_constant = [true];uint256[] public _integer_constant = [0, 1, 1451...(41, 1000000000];
                                                                                                                                                                                                                                                   ^
[94m
	BiAn v0.9
	
Start data flow confusion:
Dynamically generate static data.... done
Intermediate contract is being generated. Intermediate contract is being generated....done
Convert integer literals to arithmetic expressions...Exception occurs
Split boolean variables.... done
Intermediate contract is being generated. Intermediate contract is being generated....done
Scalar to vector.... done
Intermediate contract is being generated. Intermediate contract is being generated....done
Complete data flow confusion.
Start layout confusion:
Delete comments, disrupt the formatting.... done
Intermediate contract is being generated. Intermediate contract is being generated....done
Replace variable name.... done
Complete layout confusion.
Complete layout confusion and data flow confusion! The obfuscation result is stored in file temp_layout_confuse.sol.
