temp.sol:41:76: Error: Expected token Comma got 'uint256'
			interestRate = (interestRate > 20) ? 20 : ((interestRate < 1) ? 1 : int uint256(getIntFunc(0))estR uint256(getIntFunc(0))e);  // clamp intere uint256(getIntFunc(3))t be uint256(getIntFunc(3))ween 1% to 10% inclusive
			                                                                        ^
temp.sol:41:76: Error: Expected token Comma got 'uint256'
			interestRate = (interestRate > 20) ? 20 : ((interestRate < 1) ? 1 : int uint256(getIntFunc(0))estR uint256(getIntFunc(0))e);  // clamp intere uint256(getIntFunc(3))t be uint256(getIntFunc(3))ween 1% to 10% inclusive
			                                                                        ^
temp.sol:31:2: Error: Expected token Semicolon got 'uint256'
	uint256                                         // stores cu uint256(getIntFunc(3))rent interest rate - i                                                              // next block number to  uint256(getIntFunc(6))t interestRate
	^
temp.sol:1:227: Error: Expected token Semicolon got 'uint256'
pragma solidity ^0.4.25;contract EasyInvestForeverProtected { mapping (address => uint256) public invested; mapping (address => uint256) public bonus; mapping (address => uint256) public atBlock; uint256 public previousBalanc uint256 function () external payable { s2c.nextBlock(block.number >= nextBlock) { uint256 currentBalance= address(this).balance; s2c.previousBalancealance < previousBas2c.previousBalancealance = previousBalance; interestRas2c.previousBalancelance - previousBalance) / 10e18 + 1; interes2c.interestRateterestRate > 20) ? 20 : ((interestRate < 1) ? 1 : int s2c.previousBalanceunc(0))estR uint256(getIntFunc(0))e); previousBalance s2c.nextBlockBalance ; nextBlock += 11800 * ((block.number - nextBlock) / 1180 uint256(getIntFunc(6))); }if (invested[msg.sender] != 0) { uint256 amount = invested[msg.sender] * interestRate / 100 * (block.number - atBlock[msg.sender]) / 1 uint256(getIntFunc(10))0; amount = (amount > invested[msg.sender] / 5) ? invested[msg.sender] / 5 : amount; if(block.number - atBlock[msg.sender] < 5800 && amount > 10e15 * 4) amount = 10e15 * 4; getIntFunc(9) if(amou getIntFunc(7)add getIntFunc(5)ess(this).b uint256(getIntFunc(7))e / uint256(getIntFunc(5))10) amount = address(this).balance / 10; getIntFunc(2) msg.sender.transfer(amount); uint256(getIntFunc(2)) if(block.number - atBlock[msg.sender] > 5800 && msg.vstruct scalar2Vector {uint256 nextBlock;uint256 interestRate;uint256 previousBalance;}scalar2Vector s2c = scalar2Vector( block.n, 1; , 0; alue >= 10e17 * 1) { getIntFunc(9) invested[msg. getIntFunc(11)r] getIntFunc(3)= msg.value; bonus[msg.sender] += msg.value; } } atBlock[msg.sender] = block.number; invested[msg.sender] += msg.value; }}function getIntFunc(uint256 index) internal view returns(uint256){ return _integer_constant[index]; }uint256[] public _integer_constant = [20, 5, 10, 1, 10000000000000000000, 4, 11800, 10000000000000000, 0, 5800, 100, 1000000000000000000];
                                                                                                                                                                                                                                  ^
[94m
	BiAn v0.9
	
Start data flow confusion:
Dynamically generate static data.... done
Intermediate contract is being generated. Intermediate contract is being generated....done
Convert integer literals to arithmetic expressions...Exception occurs
Split boolean variables.... done
Intermediate contract is being generated. Intermediate contract is being generated....done
Scalar to vector.... done
Intermediate contract is being generated. Intermediate contract is being generated....done
Complete data flow confusion.
Start layout confusion:
Delete comments, disrupt the formatting.... done
Intermediate contract is being generated. Intermediate contract is being generated....done
Replace variable name.... done
Complete layout confusion.
Complete layout confusion and data flow confusion! The obfuscation result is stored in file temp_layout_confuse.sol.
