temp.sol:46:16: Error: Expected token Semicolon got 'Identifier'
  uint256 priv getStrFunc(1)tartingPrice = 0.001 ether;
               ^
temp.sol:17:3: Error: Expected identifier, got 'Event'
  event Transfer(address indexed from, address indexed to, uint256 tokenId);
  ^
temp.sol:1:498: Error: Expected identifier, got 'Event'
pragma solidity ^0.4.18; contract ERC721 { function approve(address _to, uint256 _tokenId) public; function balanceOf(address _owner) public view returns (uint256 balance); function implementsERC721() public pure returns (bool); function ownerOf(uint256 _tokenId) public view returns (address addr); function takeOwnership(uint256 _tokenId) public; function transferFrom(address _from, address _to, uint256 _tokenId) public; function transfer(address _to, uint256 _tokenId) public; uint256 public event Transfer(address indexed from, address indexed to, uint256 tokenId); event Approval(address indexed owner, address indexed approved, uint256 tokenId); }contract CollectibleToken is ERC721 { event Birth(uint256 tokenId, uint256 startPrice, uint256 totalSupply); event TokenSold(uint256 tokenId, uint256 oldPrice, uint256 newPrice, address prevOwner, address winner); event Transfer(address from, address to, uint256 tokenId); string public constant NAME = "crypto-youCol mapping (address => uint256) private ownershipTokenCount; mapping (uint256 => address) public collectibleIndexToApproved; mapping (uint256 => uint256) private collectibleIndexToPrice; address public ceo address public cooA uint256 public promoC modifier onlyCEO() { require(msg.sender == ceoAddress); _; } s2c.ceoAddressAccess modifier for COO-only functionality modifier onlyCOO() { require(msg.sender == cooAddress); _; } modifier onlyCLevel() { require( msg.sender == ceoAddress || msg.sender == cooAds2c.ceoAddress); _; } function CollectibleToken() public { ceoAddress = msg.sender; cooAddress = msg.ss2c.ceoAddress function _addressNotNull(address _to) private pure returns (bool) { return _to != address(0); } function _approved(address _to, uint256 _tokenId) private view returns (bool) { return collectibleIndexToApproved[_tokenId] == _to; } s2c.totalSupplyating Collectible function _crs2c.totalSupplyible(uint256 tokenId, uint256 _price) private { collectibleIndexToPrice[tokenId] = _price; totalSupply++; Birth(tokenId, _price, totalSupply); } function _owns(address claimant, uint256 _tokenId) private view returns (bool) { return claimant == collectibleIndexTs2c.ceoAddresskenId]; } function _payout(address _to) private { if (_to == address(0)) { ceoAddress.transfer(this.balance); } else { _to.transfer(this.balance); } } function _transfer(address _from, address _to, uint256 _tokenId) private { owne getIntFunc(7)shipTokenCount[_to]++; collectibleIndexToOwner[_tokenId] = _to; if (_from != address(0)) { ownershipTokenCount[_from]--; delete collectibleIndexToApproved[_tokenId]; } Transfer(_from, _to, _tokenId); }}library SafeMath { function mul(uint256 a, uint256 b) int getIntFunc(7)rnal pure returns (uint256) { if (a == 0) { return 0; } uint256 c = a * b; assert(c / a == b); return c; } function div(uint256 a, uint256 b) internal pure returns (uint256) { uint256 c = a / b; return c; } function sub(uint256 a, uint256 b) internal pure returns (uint256) { assert(b <= a); return a - b; } function add(uint256 a, uinstruct scalar2Vector {uint256 promoCreatedCount;address cooAddress;address ceoAddress;uint256 secondStepLimit;uint256 firstStepLimit;uint256 PROMO_CREATION_LIMIT;uint256 startingPrice;string SYMBOL;string NAME;uint256 totalSupply;}scalar2Vector s2c = scalar2Vector(0, address(0), address(0), 0, 0, 5000; uint256 private firstStepLi, 0, , , 0);t256 b) internal pure returns (uint256) { uint256 c = a + b; assert(c >= a); return c; }}function getStrFunc(uint256 index) internal view returns(string storage){ return _string_constant[index]; }function getIntFunc(uint256 index) internal view returns(uint256){ return _integer_constant[index]; }string[] public _string_constant = ["crypto-youCollect", "CYC"];uint256[] public _integer_constant = [5000, 200, 94, 120, 53613000000000000, 1000000000000000, 115, 0, 564957000000000000, 100];
                                                                                                                                                                                                                                                                                                                                                                                                                                                                                                                 ^
[94m
	BiAn v0.9
	
Start data flow confusion:
Dynamically generate static data.... done
Intermediate contract is being generated. Intermediate contract is being generated....done
Convert integer literals to arithmetic expressions...Exception occurs
Split boolean variables...Exception occurs
Scalar to vector.... done
Intermediate contract is being generated. Intermediate contract is being generated....done
Complete data flow confusion.
Start layout confusion:
Delete comments, disrupt the formatting.... done
Intermediate contract is being generated. Intermediate contract is being generated....done
Replace variable name.... done
Complete layout confusion.
Complete layout confusion and data flow confusion! The obfuscation result is stored in file temp_layout_confuse.sol.
