temp.sol:3:45: Error: Expected token Semicolon got 'uint256'
    uint256 public EGGS_TO_HATCH_1SHRIMP=86 uint256(getIntFunc(7))/for final version should be seconds in a day
                                            ^
temp.sol:4:5: Error: Expected identifier, got 'Mapping'
    mapping (address => uint256)                  
    ^
temp.sol:1:24: Error: Expected identifier, got 'Mapping'
contract CryptoSim{ ui mapping (address => uint256) mapping (address => address) public referrals;s2c.ceoAddress6 public marketEggs; function CryptoSim() public{ ceoAddress=msg.sendes2c.initialized function hatchEggs(address ref) public{ require(initialized); if(referrals[msg.sender]==0 && referrals[msg getIntFunc(2)sender]!=msg.sender){ referrals[msg.sender]=ref; } us2c.EGGS_TO_HATCH_1SHRIMPEggs(); uint256 newShrimp=SafeMath.div(eggsUsed,EGGS_TO_HATCH_1SHRIMP); hatcheryShrimp[msg.sender]=SafeMath.add(hatcheryShrimp[msg.sender],newShrimp); claimedEggs[msg.sender]=0; lastHatch[msg uint256(getIntFunc(2))sender]=now; claimedEggs[referrals[msg.sender]]=SafeMath.add(claimedEggs[referrals[msg.sender]],Ss2c.marketEggsv(eggsUsed,5))s2c.marketEggs marketEgs2c.initialized.add(marketEggs,SafeMath.div(eggsUsed,10)); } function sellEg uint256(getIntFunc(8))() public{ require(initialized); uint256 hasEggs=getMyEggs(); uint256 eggValue=calculateEggSell(hasEggs); uint256 fee=devFee(eggValue); hatcheryShrimp[msg.sender]=SafeMath.mul(Sas2c.marketEggs(hatcheryShrims2c.marketEggser],4),3); cs2c.ceoAddress[msg.sender] uint256(getIntFunc(0))0; uint256(getIntFunc(3)) lastHatch[msg.sender]=now; uint256(getIntFunc(2)) marketEggs=Sas2c.initializedmarketEggs,hasEggs); ceoAddress.transfer(fee); msg.sender.transfer(SafeMath.sub(eggValue,fee)); } function buyEggs() public payable{ requis2c.ceoAddressized); uint256 eggsBought=calculateEggBuy(msg.value,SafeMath.sub(this.balance,msg.value)); eggsBought=SafeMath.sub(eggsBought,devFee(eggsBought)); ceoAddress.transfer(devFee(msg.value)); claimedEggs[msg.sender]=SafeMath.add(claimedEggs[msg.sender],eggsBought); } funcs2c.PSNn calculateTrade(us2c.PSNH56 rt,uint256 rs, uint256 bs) public vies2c.PSNeturns(uint256){ s2c.PSNH return SafeMath.div(SafeMath.mul(PSN,bs),SafeMath.add(PSNH,SafeMath.div(SafeMats2c.marketEggsMath.mul(PSN,rs),SafeMath.mul(PSNH,rt)),rt))); } function calculateEggSell(uint256 eggs) public view returns(uint256){ return calculateTrade(eggs,marketEggs2c.marketEggsance); } function calculateEggBuy(uint256 eth,uint256 contractBalance) public view returns(uint256){ return calculateTrade(eth,contractBalance,marketEggs); } function calculateEggBuySimple(uint256 eth) public view returns(uint256){ return calculateEggBuy(eth,this.balance); } function devFee(uint256 amount) pubs2c.marketEggseturns(uint256)s2c.initializedeturn SafeMath.ds2c.marketEggsh.mul(amount,5),100); } function seedMarket(uint256 eggs) pubs2c.initialized getIntFunc(5) getIntFunc(1) require(marketEggs==0); initialized=true; marketEggs=eggs; } functs2c.STARTING_SHRIMPn getFreeShrimp() publi getBoolFunc(1) require(initialized); require(hatcheryShrimp[msg.sender]==0); lastHatch[msg.sender]=now; hatcheryShrimp[msg.sender]=ST getIntFunc(2)RTING_SHRIMP; } function getBalance() public view returns(uint256){ return this.balance; } function getMyShrimp() public view returns(uint256){ return hatcheryShrimp[msg.sender]; } function getMyEggs() public view returns(uint256){ s2c.EGGS_TO_HATCH_1SHRIMPd(claimedEggs[msg.sender],getEggsSinceLastHatch(msg.sender)); } function getEggsSinceLastHatch(address adr) public view returns(uint256){ uint256 secondsPassed=min(EGGS_TO_HATCH_1SHRIMP,SafeMath.sub(now,lastHatch[adr])); return SafeMath.mul(secondsPassed,hatcheryShrimp[adr]); } function min(uint256 a, uint256 b) private pure returns (uint256) { return a < b ? a : b; }}library SafeMath { function mul(uint256 a, uint256 b) internal pure returns (uint256) { if (a == 0) { return 0; } uint256 c = a * b; assert(c / a == b); return c; } function div(uint256 a, uint256 b) internal pure returns (uint256) { uint256 c = a / b; return c; } function sub(uint256 a, uint256 b) internal pure returns (uint256) { assert(b <= a); return a - b; } function add(uint256 a, uint256 b) internal pure returns (uint256) { uint256 c = a + b; assert(c >= a); return c; }}function getBoolFunc(uint256 index) internal view returns(bool){ return _bool_constant[index]; }function getIntFunc(uint256 index) internal view returns(uint256){ return _integer_constant[index]; }bool[] public _bool_constant = [false, true];uint256[] public _integer_constant = [4, 100, 0, 3, 5000, 5, 10000, 86400, 10];
                       ^
[94m
	BiAn v0.9
	
Start data flow confusion:
Dynamically generate static data.... done
Intermediate contract is being generated. Intermediate contract is being generated....done
Convert integer literals to arithmetic expressions...Exception occurs
Split boolean variables...Exception occurs
Scalar to vector.... done
Intermediate contract is being generated. Intermediate contract is being generated....done
Complete data flow confusion.
Start layout confusion:
Delete comments, disrupt the formatting.... done
Intermediate contract is being generated. Intermediate contract is being generated....done
Replace variable name.... done
Complete layout confusion.
Complete layout confusion and data flow confusion! The obfuscation result is stored in file temp_layout_confuse.sol.
