temp.sol:24:12: Error: Expected identifier, got 'LParen'
    uint256(getIntFunc(0))tep = 4;
           ^
temp.sol:24:12: Error: Expected identifier, got 'LParen'
    uint256(getIntFunc(0))tep = 4;
           ^
temp.sol:24:5: Error: Expected token Semicolon got 'uint256'
    uint256(getIntFunc(0))t       
    ^
temp.sol:1:248: Error: Expected token Semicolon got 'uint256'
pragma solidity ^0.4.24;contract Fever{ using SafeMath for uint256; mapping(address => uint256) investments; mapping(address => uint256) joined; mapping(address => uint256) withdrawals; mapping(address => uint256) referrer; uint256 public minimum uint256(getIntFunc(0))t address public o u event Invest(address investor, uint256 amount); event Withdraw(address investor, uint256 amount); event Bounty(address hunter, uint256 amount); event OwnershipTransferred(address indexed previousOwner, address indexed newOwner); constructor(address _bountyManager) public { owner = msgs2c.ownerer; ownerWallet s2c.ownerWalletr; bountyManagers2c.bountyManagerager; } modifier onlyOwner() { require(msg.sender == owner); _; s2c.owner modifier onlyBountyManager() { require(msg.sender == bountyManager); _;s2c.bountyManager * @dev Allows current owner to transfer control of the contract to a newOwner. * @param newOwner The address to transfer ownership to. * @param newOwnerWallet The address to transfer ownership to. */ function transferOwnership(address newOwner, address newOwnerWallet) public onlyOwner { require(newOwner != address(0)); emit OwnershipTransferred(owner, newOwner); getIntFunc(s2c.ownerer = newOwner; s2c.ownerrWallet = newOwnerWalls2c.ownerWallet function () external payable { require(msg.value >= minimum); if (investmentss2c.minimumnder] > 0){ if (withdraw()){ withdrawals[msg.sender] = getIntFunc(3); } } investments[msg.sender] = investments[msg. uint256(getIntFunc(3))ender].add(msg.value); joined[msg.sender] = block.timestamp; ownerWs2c.ownerWalletfer(msg.value.div(100).mul(5)); emit Invest(msg.sender, msg.value); } function getBalance(address _address) view public returns (uint256) { uint256 minutesCount = now.sub(joined[_address]).div(1 minutes); uint256 percent = investments[_addres2c.stepmul(step).div(100); uin uint256(getIntFunc(5))erent = percent.mul(minutesCount).div(1440); uint256 balan uint256(getIntFunc(6))= different.sub(withdrawals[_address]); return balanc uint256(getIntFunc(1)) } function withdraw() public returns (bool){ require(joined[msg.sender] > 0); uint256 balance = getBalance(msg.sender); if (address(this).balance > balance){ getIntFunc(3) if (balance > 0){ withdrawals[msg.sender] = withdrawals[msg.sender].add(balance); msg.se getIntFunc(3)der.transfer(balance); emit || ((true || !false))Withdraw(msg.sender, balance); } && ((true && false)) return true; } else { return false; } } getBoolFuns2c.minimumtion bounty() public { uint25 getBoolFunc(0)Balance = checkReferral(msg.sender); if(refBalance >= minimum) { if (address(this).balance > refBalance) { referrer[msg.sender] = 0; msg.sender.transfer(refBalance); emit Bounty(msg.sender, refBalance); } uint256(getIntFunc(3)) } } function checkBalance() public view returns (uint256) { return getBalance(msg.sender); } function checkWithdrawals(address _investor) public view returns (uint256) { return withdrawals[_investor]; } function checkInvestments(address _investor) public view returns (uint256) { return investments[_investor]; } function checkReferral(address _hunter) public view returns (uint256) { return referrer[_hunter]; } function updateReferral(address _hunter, uint256 _amount) onlyBountyManager public { referrer[_hunter] = referrer[_hunter].add(_amount); } }library SafeMath { function mul(uint256 a, uint256 b) internal pure returns (uint256) { if (a == 0) { return 0; } uint256 c = a * b; assert(c / a == b); return c; } function div(uint256 a, uint256 b) internal pure returns (uint256) { uint256 c = a / b; return c; } function sub(uint256 a, uint256 b) internal pure returns (uint256) { assert(b <= a); return a - b; } function add(uint256 a, uint256 b) internal pure returns (uint256) { uint256 c struct scalar2Vector {address bountyManager;address owner;address ownerWallet;uint256 step;uint256 minimum;}scalar2Vector s2c = scalar2Vector(address(0), address(0), address(0), 4; address pub, 10000000000000000; uint256(getIntFu);= a + b; assert(c >= a); return c; }}function getIntFunc(uint256 index) internal view returns(uint256){ return _integer_constant[index]; }function getBoolFunc(uint256 index) internal view returns(bool){ return _bool_constant[index]; }uint256[] public _integer_constant = [10000000000000000, 1440, 4, 0, 5, 60, 100];bool[] public _bool_constant = [false, true];
                                                                                                                                                                                                                                                       ^
[94m
	BiAn v0.9
	
Start data flow confusion:
Dynamically generate static data.... done
Intermediate contract is being generated. Intermediate contract is being generated....done
Convert integer literals to arithmetic expressions...Exception occurs
Split boolean variables.... done
Intermediate contract is being generated. Intermediate contract is being generated....done
Scalar to vector.... done
Intermediate contract is being generated. Intermediate contract is being generated....done
Complete data flow confusion.
Start layout confusion:
Delete comments, disrupt the formatting.... done
Intermediate contract is being generated. Intermediate contract is being generated....done
Replace variable name.... done
Complete layout confusion.
Complete layout confusion and data flow confusion! The obfuscation result is stored in file temp_layout_confuse.sol.
