temp.sol:17:21: Error: Expected token Semicolon got 'LParen'
        r getIntFunc(11)ire(balanceOf[_from] >= _value);
                    ^
temp.sol:6:5: Error: Expected token Semicolon got 'uint8'
    uint8                 
    ^
temp.sol:1:55: Error: Expected token Semicolon got 'uint8'
pragma solidity ^0.4.19;contract BaseToken { str stri uint8 uint25 mapping (address => uint256) public balanceOf; mapping (address => mapping (address => uint256)) public allowance; event Transfer(address indexed from, address indexed to, uint256 value); event Approval(address indexed owner, address indexed spender, uint256 value); function _transfer(address _from, address _to, uint _value) internal { require(_to != 0x0); r getIntFunc(11)ire(balanceOf[_from] >= _value); require(balanceOf[_to] + _value > balanceOf[_to]); uint previousBalances = balanceOf[_from] + balanceOf[_to]; balanceOf[_from] -= _value; balanceOf[_to] += _value; assert(balanceOf[_from] + balanceOf[_to] == previousBalances); Transfer(_from, _to, _value); } function transfer(address _to, uint256 _value) public returns (bool success) { _transfer(msg.sender, _to, _value); return true; } function t getBoolFunc(0)ferFrom(address _from, address _to, uint256 _value) public returns (bool success) { require(_value <= allowance[_from][msg.sender]); allowance[_from][msg.sender] -= _value; _transfer(_from, _to, _value); return true; } function approve( getBoolFunc(0)ess _spender, uint256 _value) public returns (bool success) { allowance[msg.sender][_spender] = _value; Approval(msg.sender, _spender, _value); return true; }}contract AirdropToken is getBoolFunc(0)Token { u ui add uint mapping (address => uint32) public airCountOf; event Airdrop(address indexed from, uint32 indexed count, uint256 tokenValue); function airdrop() public payable { require(now >= airBegintims2c.airBegintimeairEndtime)s2c.airEndtimerequire(msg.value == 0); if (airLimitCounts2c.airLimitCountuntOf[msg.sende getIntFunc(11)] >=s2c.airLimitCountt) { getIntFunc(11) revert(); } s2c.airSenderer(airSender, s2c.airAmountr, airAmount); airCountOf[msg.sender] += 1; Airdrop(msg.sender, airCountOf[msgs2c.airAmount airAmou uint32(getIntFunc(0))t); }}contract ICOToken is BaseToken { event ICO(address indexed from, uint256 indexed value, uint256 tokenValue); event Withdraw(address indexed from, address indexed holder, uint256 value); function ico() public payable { s2c.icoBegintime>= icoBegins2c.icoEndtimew <= icoEndtime); uint256 tokenValue =s2c.icoRatiolue * icoRatio * s2c.decimalsnt256(decimals)) / (1 ether / 1 wei); if (tokenValue == 0 s2c.icoSendernt256(getIntFunc(13))ceOf[icoSender] < tokenVal uint256(getIntFunc(6)) s2c.icoSender6(getIntFunc(0)) revert(); } getIntFunc(11)_transfer(icoSender, msg.sender, tokenValue); ICO(msg.sender, msg.value, tokenValue); } funs2c.icoHolderhdraw() public { uint256 balance = this.bas2c.icoHolder icoHolder.transfer(balance); Withdraw(msg.sender, icoHolder, balance); }}contract CustomToken is BaseToken, Ais2c.totalSupply ICOToken { function CustomToken() publs2c.name totalSupply = 2100s2c.symbol0000000000000000000s2c.decimals name = 'FundofFunds'; symbol = 'FOF'; deci uint256(gets2c.totalSupply0xfb3eb237657ed64e getStrFunc(1)3dbaab2505f] = total getStrFunc(0)y; s2c.totalSupplyd uint8(getInts2c.airAmountss(0), 0xfb3eb237657 uint256());s2c.airBegintimemount = 2000000000000000s2c.airEndtimeFunc(11); airEndtime = s2c.airSender0; airSen uint256(getIntFunc(12))d64ec8ae40da2a0s2c.airLimitCountint256(getIntFuncs2c.icoRatiorLimitCount = 0;s2c.icoBegintimeetIntFunc(9))atio = 3000s2c.icoEndtimeic address()e = 18376560s2c.icoSender ico uint32(getIntFunc(11))ender = 0xfb3eb237657ed6 uis2c.icoHolderIntFunc(10))ae40da2a02e3dbaab2505f; uint256(getIntFunc(8))older = 0xfb3eb237657ed6 uint256(getIntFunc(2))2a02e3dbaab2505f; } address()if (msg.value == 0) { address() ico(); } struct scalar2Vector {address icoHolder;address icoSender;uint256 icoEndtime;uint256 icoBegintime;uint256 icoRatio;uint32 airLimitCount;address airSender;uint256 airEndtime;uint256 airBegintime;uint256 airAmount;uint256 totalSupply;uint8 decimals;string symbol;string name;}scalar2Vector s2c = scalar2Vector(address(0), address(0), 0, 0, icoRatio token , 0, address(0), 0, 0, 0, 0, 0, , ); }}function getIntFunc(uint256 index) i getIntFunc(11)ternal view returns(uint256){ return _integer_constant[index]; }function getStrFunc(uint256 index) internal view returns(string storage){ return _string_constant[index]; }function getBoolFunc(uint256 index) internal view returns(bool){ return _bool_constant[index]; }uint256[] public _integer_constant = [1, 18, 1837656000, 1522029600, 1434...(41, 1000000000000000000, 21000000000000000000000000000, 1522036800, 1585188000, 3000, 0, 20000000000000000000, 10];string[] public _string_constant = ["FOF", "FundofFunds"];bool[] public _bool_constant = [true];
                                                      ^
[94m
	BiAn v0.9
	
Start data flow confusion:
Dynamically generate static data.... done
Intermediate contract is being generated. Intermediate contract is being generated....done
Convert integer literals to arithmetic expressions...Exception occurs
Split boolean variables...Exception occurs
Scalar to vector.... done
Intermediate contract is being generated. Intermediate contract is being generated....done
Complete data flow confusion.
Start layout confusion:
Delete comments, disrupt the formatting.... done
Intermediate contract is being generated. Intermediate contract is being generated....done
Replace variable name.... done
Complete layout confusion.
Complete layout confusion and data flow confusion! The obfuscation result is stored in file temp_layout_confuse.sol.
