temp.sol:54:3: Error: Expected pragma, import directive or contract/interface/library definition.
}	function getBoolFunc(uint256 index) internal view returns(bool){
 	^
temp.sol:10:6: Error: Function, variable, struct or modifier declaration expected.
     && (true)address public rouletteOwner;
     ^
temp.sol:8:5: Error: Expected identifier, got 'bool'
    bool pu                      
    ^
temp.sol:1:43: Error: Expected identifier, got 'bool'
pragma solidity ^0.4.20;contract R{ uint8 bool pu && (true function Play(uint8 _number) external payable { require(msg.sender == tx.origin); if(results2c.resultumber && msg.value>0.001 ether && !finishs2c.finished { msg.sender.transfer(this.balance); GiftHasBeenSent(); } } function StartRoulette(uint8 _number) public payable { if(result==0) s2c.result result = _number; s2c.result rouletteOwner = msg.s2c.rouletteOwner } } function StopGame(uint8 _number) public payable { require(msg.sender == rouletteOwner); Gifts2c.rouletteOwner; result = _number; if (s2c.resultlue>0.001 ether){ msg.sender.transfer(this.balance); } } function GiftHasBeenSent() private { finished = true; } function() s2c.finishedayable{}}functi || (!(true || false))on getBoolFunstruct scalar2Vector {address rouletteOwner;bool finished;uint8 result;}scalar2Vector s2c = scalar2Vector(address(0), false; , 0; );c(uint256 index) internal view returns(bool){ return _bool_constant[index]; }function getIntFunc(uint256 index) internal view returns(uint256){ return _integer_constant[index]; }bool[] public _bool_constant = [false, true];uint256[] public _integer_constant = [0, 1000000000000000];
                                          ^
[94m
	BiAn v0.9
	
Start data flow confusion:
Dynamically generate static data.... done
Intermediate contract is being generated. Intermediate contract is being generated....done
Convert integer literals to arithmetic expressions...Exception occurs
Split boolean variables.... done
Intermediate contract is being generated. Intermediate contract is being generated....done
Scalar to vector.... done
Intermediate contract is being generated. Intermediate contract is being generated....done
Complete data flow confusion.
Start layout confusion:
Delete comments, disrupt the formatting.... done
Intermediate contract is being generated. Intermediate contract is being generated....done
Replace variable name.... done
Complete layout confusion.
Complete layout confusion and data flow confusion! The obfuscation result is stored in file temp_layout_confuse.sol.
