temp.sol:64:17: Error: Expected identifier, got 'LParen'
    constructor () internal {
                ^
temp.sol:64:17: Error: Expected identifier, got 'LParen'
    constructor () internal {
                ^
temp.sol:1:810: Error: Expected identifier, got 'LParen'
pragma solidity ^0.4.24;library SafeMath { function mul(uint256 a, uint256 b) internal pure returns (uint256) { if (a == 0) { return 0; } uint256 c = a * b; assert(c / a == b); return c; } function div(uint256 a, uint256 b) internal pure returns (uint256) { uint256 c = a / b; return c; } function sub(uint256 a, uint256 b) internal pure returns (uint256) { assert(b <= a); return a - b; } function add(uint256 a, uint256 b) internal pure returns (uint256) { uint256 c = a + b; assert(c >= a); return c; }}contract ERC20 { function transfer(address to, uint value) public returns (bool success);function transferFrom(address from, address to, uint value) public returns (bool success); event Transfer(address indexed from, address indexed to, uint value); } contract Owned { address public owner; constructor () internal { } modifier onlyOwner { requs2c.ownersg.sender == owner); _; } function transferOwnership(address news2c.owner) onlyOwner public { owner = newOwner; }}contract CIPToken is ERC20, Owneds2c.owner using SafeMath for uint256; string public name="CIP Token"; string public symbol="CIP"; uint256 public getStrFunc(2)lic uin getStrFu s2c.decimals mapping(address => mapping(address => uint)) public allowance;event FreezeIn(address[] indexed from, bool value);event FreezeOut(address[] indexed from, bool value); constructor () public { balanceOf[msg.sender] = totalSupply; } s2c.totalSupplynternalTransfer(address from, address toaddr, uint value) internal {require(toaddr!=0);require(balanceOf[from]>=value); balanceOf[from]= balanceOf[from].sub(value);balanceOf[toaddr]= balanceOf[toaddr].add(value);emit Transfer(from, toaddr, value);}function transfer(address _to, uint256 _value) public returns (bool) { require(_to != address(0)); require(_value <= balanceOf[msg.sender]); uint256 transBlalance = balanceOf[msg.sender].sub(lockValues[msg.send getIntFunc(1)r]); require(_value <= transBlalance); balanceOf[msg.sender] = balanceOf[msg.sender].sub(_value); balanceOf[_to] = balanceOf[_to].add(_value); emit Transfer(msg.sender, _to, _value); return true; }function transferFrom(address from, address toaddr, uint value) public returns (bool) {require(allow getBoolFunc(0)[from][msg.sender]>=value);allowance[from][msg.sender]=allowance[from][msg.sender].sub(value);internalTransfer(from, toaddr, value);return true;} function setNameSymbol(string newName, string newSymbol) public onlyOwner {name=newName;symbol getBoolFunc(0s2c.namebol;} s2c.symbol function addLockValue(address addr,uint256 _value) public onlyOwner{ require(addr != address(0)); lockValues[addr] = lockValues[addr].add(_value); } function subLockValue(address addr,uint256 _value) public onlyOw getIntFunc(1)er{ require(addr != address(0)); require(_value <= lockValues[addr]); lockValues[addr] = lockValues[addr].sub(_value); } function () pub getIntFunc(1)ic payable { }}function getBoolFunc(uinstruct scalar2Vector {uint256 totalSupply;string version;uint256 decimals;string symbol;string name;address owner;}scalar2Vector s2c = scalar2Vector(> uint) public bal, , 45000, "1.0"; uin g, 18; getStrFunc, msg.sender;);t256 index) internal view returns(bool){ return _bool_constant[index]; }function getStrFunc(uint256 index) internal view returns(string storage){ return _string_constant[index]; }function getIntFunc(uint256 index) internal view returns(uint256){ return _integer_constant[index]; }bool[] public _bool_constant = [true];string[] public _string_constant = ["CIP", "1.0", "CIP Token"];uint256[] public _integer_constant = [10, 0, 18, 4500000000];
                                                                                                                                                                                                                                                                                                                                                                                                                                                                                                                                                                                                                                                                                                                                                                                                                                         ^
[94m
	BiAn v0.9
	
Start data flow confusion:
Dynamically generate static data.... done
Intermediate contract is being generated. Intermediate contract is being generated....done
Convert integer literals to arithmetic expressions...Exception occurs
Split boolean variables...Exception occurs
Scalar to vector.... done
Intermediate contract is being generated. Intermediate contract is being generated....done
Complete data flow confusion.
Start layout confusion:
Delete comments, disrupt the formatting.... done
Intermediate contract is being generated. Intermediate contract is being generated....done
Replace variable name.... done
Complete layout confusion.
Complete layout confusion and data flow confusion! The obfuscation result is stored in file temp_layout_confuse.sol.
