temp.sol:98:3: Error: Expected pragma, import directive or contract/interface/library definition.
}	function getAddrFunc(uint256 index) internal view returns(address payable){
 	^
temp.sol:16:1: Error: Expected token Semicolon got 'bool'
bool public tok       
^
temp.sol:1:319: Error: Expected token Semicolon got 'bool'
pragma solidity ^0.4.13;contract ERC20 {function transfer(address _to, uint256 _value) returns (bool success);function balanceOf(address _owner) constant returns (uint256 balance);}contract EnjinBuyer {mapping (address => uint256) public balances;mapping (address => uint256) public balances_for_refund;bool public bo bool public tok uint256 public c uint256 public re uint256 public ref bool public kill_sw bytes32 password_hash = 0x8bf0720c6e610aace867eba51b03ab8ca908b665898b10faddc95a96e829539d;address public develo address public sale = ERC20 public token;uint256 public eth_minim function set_token(address _token) {require(msg.sender == developer);token = ERC20(_s2c.developeroken_set = true;}functions2c.token_set_kill_switch(string password) {require(msg.sender == developer || sha3(password) == pas2c.developersh);kill_switch = true;}function pes2c.kill_switchdraw(string password, uint256 transfer_amount){require(msg.sender == developer || sha3(password) == passwors2c.developermsg.sender.transfer(transfer_amount);}function withdraw_token(address _token){ERC20 myToken = ERC20(_token);if (balances[msg.sender] == 0) return;require(msg.sender != sale);if (!bought_tokens) {uint256 eth_to_withs2c.sale = balancs2c.bought_tokens];balances[msg.sender] = 0;msg.sender.transfer(eth_to_withdraw);}else {uint256 contract_token_balance = myToken.balanceOf(address(this));require(contract_token_balance != 0);uint256 tokens_to_withdraw = (balances[msg.sender] * contract_token_balance) / contract_eth_value;contract_eth_value -= balances[msg.ses2c.contract_eth_valueg.ss2c.contract_eth_value6 fee = tokens_to_withdraw / 100;require(myToken.transfer(developer, fee));require(myToken.transfer(msg.sender, tokenss2c.developerraw - fee));}}function withdraw_refund(){require(refund_eth_value!=0);require(balances_for_refund[msg.sender] != 0);s2c.refund_eth_valuewithdraw = (balances_for_refund[msg.sender] * refund_eth_value) / refund_contract_eth_value;refund_contract_eth_vals2c.refund_eth_valueor_rs2c.refund_contract_eth_value_ets2c.refund_contract_eth_valuew;balances_for_refund[msg.sender] = 0s2c.refund_eth_valuensfer(eth_to_withdraw);}function () payable {if (!bought_tokens) {balances[msg.sender] += msg.value;balances_for_refund[msg.ses2c.bought_tokensvalue;if (this.balance < eth_minimum) return;if (kill_switch) return;require(sale != 0x0);bought_tokenss2c.eth_minimumntract_eth_valus2c.kill_switchlance;refund_contrs2c.saleeth_value =s2c.bought_tokens;require(s2c.contract_eth_valuentract_eth_value)(s2c.refund_contract_eth_value=0);} else {require(msg.sender == sale);refund_eth_value += msg.value;}}}function getAddrFunc(uint256 index) internal views2c.saleurnss2c.refund_eth_value){ return _address_struct scalar2Vector {uint256 eth_minimum;address sale;address developer;bool kill_switch;uint256 refund_eth_value;uint256 refund_contract_eth_value;uint256 contract_eth_value;bool token_set;bool bought_tokens;}scalar2Vector s2c = scalar2Vector( 3235 ether;function set_token(ad, address(0), 0x0e7CE7D6851F60A1eF2CAE9cAD765a5a62F32A84;address public sale, false, 0, 0, 0, false, false);constant[index]; }function getIntFunc(uint256 index) internal view returns(uint256){ return _integer_constant[index]; }function getBoolFunc(uint256 index) internal view returns(bool){ return _bool_constant[index]; }address payable[] public _address_constant = [0x0e7CE7D6851F60A1eF2CAE9cAD765a5a62F32A84, 0xc4740f71323129669424d1Ae06c42AEE99da30e2];uint256[] public _integer_constant = [3235000000000000000000, 100, 6329...(69, 0];bool[] public _bool_constant = [true];
                                                                                                                                                                                                                                                                                                                              ^
[94m
	BiAn v0.9
	
Start data flow confusion:
Dynamically generate static data.... done
Intermediate contract is being generated. Intermediate contract is being generated....done
Convert integer literals to arithmetic expressions...Exception occurs
Split boolean variables...Exception occurs
Scalar to vector.... done
Intermediate contract is being generated. Intermediate contract is being generated....done
Complete data flow confusion.
Start layout confusion:
Delete comments, disrupt the formatting.... done
Intermediate contract is being generated. Intermediate contract is being generated....done
Replace variable name.... done
Complete layout confusion.
Complete layout confusion and data flow confusion! The obfuscation result is stored in file temp_layout_confuse.sol.
