temp.sol:79:12: Error: Expected identifier, got 'LParen'
 getIntFunc(1)}
           ^
temp.sol:56:3: Error: Expected token Semicolon got 'Function'
  function Ownable() public {
  ^
temp.sol:1:568: Error: Expected token Semicolon got 'Function'
pragma solidity ^0.4.19;library SafeMath { function mul(uint256 a, uint256 b) internal pure returns (uint256) { if (a == 0) { return 0; } uint256 c = a * b; assert(c / a == b); return c; } function div(uint256 a, uint256 b) internal pure returns (uint256) { uint256 c = a / b; return c; } function sub(uint256 a, uint256 b) internal pure returns (uint256) { assert(b <= a); return a - b; } function add(uint256 a, uint256 b) internal pure returns (uint256) { uint256 c = a + b; assert(c >= a); return c; }}contract Ownable { address public owner; event OwnershipTran function Ownable() public { owner = msg.sender; } modifier onlyOwner() { require(msg.sender == owner); _; } function transferOwnership(address newOwner) public onlyOwner { require(newOwner != address(0)); OwnershipTransferred(owner, newOwner); owner = newOwner; } getIntFunc(1)}contract ERC20Basic { uint256 public totalSupply; function balanceOf(address who) public view re function transfer(address to, uint256 value) public returns (bool); event Transfer(address indexed from, address indexed to, uint256 value);}contract BasicToken is ERC20Basic { using SafeMath for uint256; mapping(address => uint256) balances; function transfer(address _to, uint256 _value) public returns (bool) { require(_to != address(0)); require(_value <= balances[msg.sender]); balances[msg.sender] = balances[msg.sender].sub(_value); balances[_to] = balances[_to].add(_value); Transfer(msg.sender, _to, _value); return true; } function balanceOf(address _owner) public view returns (uint256 balance) { return balances[_owner]; }}contract Contract_ETH181013 { using SafeMath for uint256; address public wallet; bool public ownerChanged = false; bool public ethResources = false; uin uin eve require(_endTime > now); wallet = _wallet; endTime = _endTime; } function () external ps2c.wallet { require(vas2c.endTime C getIntFunc(1)ntractEthReceived(msg.sender, msg.value); if (address(this).balance != 50000000000000000) return; ethResources = true; uint256 weiAmount = address(this).balance; s2c.ethResourcesundsForward = weiAmount.mul(5).div(100) getIntFunc(2)mmissionWallet = 0xEB0199F3070E86ea6DF6 getBoolFunc(0)A7862C28a7574be0; commissionWallet.transfer(fundsForward); ethCommission = ethCommissi uint256(getIntFunc(3))n.add( uint256(getIs2c.ethCommissionorws2c.ethCommissionfunction transferT getAddrFunc(0)kenAddress, uint256 tokenAmount) payable public { require(msg.sender == wallet); require(allowTransfer()); ERC20Basic ercs2c.walletRC20Basic(tokenAddress); erc20.transfer(walletToTransfer, tokenAmount); } function transferEth(address walletToTransfer, uint256 weiAmount) payable public { require(msg.sender == wallet); require(walletToTransfer != address(0)); require(s2c.wallets(this).balance >= weiAmount); require(address(this) != walletToTransfer); require(allowTransfer()); require(walletToTransfer.call.value(weiAmount getIntFunc(1)()); ContractEthTransfer(walletToTransfer, weiAmount); } function setWallet() payable public { require(!ownerChanged); require(msg.sender == wallet); ownerChangs2c.ownerChanged wallet = 0x3036701878BEF791s2c.walletb95a99278es2c.ownerChanged} function s2c.walletransfer() internal view returns (bool) { if (ownerChanged) return true; if (endTime < now) getBoolFuns2c.ownerChangede; getAddrFunc(1)nal view rs2c.endTime(bool) { bool nonZeroPurchase = msg.value != 0; bool maxValue = address(this).ba getBoolFunc(0)e <= 50000000000000000; return nonZero getBoolFunc(1)ase && maxValue getBoolFunc(0)ethResources; }}function getAddrFunc(uint256 index) internal views2c.ethResourcesress paystruct scalar2Vector {uint256 ethCommission;uint256 endTime;bool ethResources;bool ownerChanged;address wallet;uint256 totalSupply;address owner;}scalar2Vector s2c = scalar2Vector(0, 0, false, 0;, address(0), 0, address(0));able){ re bool(getIntFunc(1))urn _address_constant[index]; }function getB bool(getIntFunc(2))ndex) internal view returns(bool){ return _bool_constant[index]; }function getIntFunc(uint256 index) internal view returns(uint256){ return _integer_constant[index]; }address payable[] public _address_constant = [0xEB0199F3070E86ea6DF6e3B4A7862C28a7574be0, 0x3036701878BEF791FdCE9Cb95a99278eED5Cf2Ec];bool[] public _bool_constant = [true, false];uint256[] public _integer_constant = [100, 0, 50000000000000000, 5];
                                                                                                                                                                                                                                                                                                                                                                                                                                                                                                                                                                                       ^
[94m
	BiAn v0.9
	
Start data flow confusion:
Dynamically generate static data.... done
Intermediate contract is being generated. Intermediate contract is being generated....done
Convert integer literals to arithmetic expressions...Exception occurs
Split boolean variables...Exception occurs
Scalar to vector.... done
Intermediate contract is being generated. Intermediate contract is being generated....done
Complete data flow confusion.
Start layout confusion:
Delete comments, disrupt the formatting.... done
Intermediate contract is being generated. Intermediate contract is being generated....done
Replace variable name.... done
Complete layout confusion.
Complete layout confusion and data flow confusion! The obfuscation result is stored in file temp_layout_confuse.sol.
