temp.sol:7:56: Error: Expected identifier, got 'LParen'
    uint256 public EGGS_TO_HATCH_1SHRIMP=86400; uint256(getIntFunc(2)) final version should be seconds in a day
                                                       ^
temp.sol:7:56: Error: Expected identifier, got 'LParen'
    uint256 public EGGS_TO_HATCH_1SHRIMP=86400; uint256(getIntFunc(2)) final version should be seconds in a day
                                                       ^
temp.sol:7:49: Error: Expected identifier, got 'uint256'
    uint25                                      uint256(getIntFunc(2)) final version should be seconds in                                                                                                                                                                                                                                                                                                                    
                                                ^
temp.sol:1:56: Error: Expected identifier, got 'uint256'
pragma solidity ^0.4.18; contract JigsawGames2{ uint25 uint256(getIntFunc(2)) final version should be seconds in mapping (address => uint256) public claimedEggs; mapping (address => uint256) public lastHatch; uint256 public marketEs2c.ceoAddressunction MiningRigFarmer() public{ ceoAddress=msg.sender; } functios2c.initialized(address ref) public{ require(initialized); if(referrals[msg.sender]==0 && referrals[msg.sen getIntFunc(8)er]!=msg.sender){ referrals[msg.sender]=ref; } uint256 eggsUsed=getMs2c.EGGS_TO_HATCH_1SHRIMP256 newShrimp=SafeMath.div(eggsUsed,EGGS_TO_HATCH_1SHRIMP); hatcheryShrimp[msg.sender]=SafeMath.add(hatcheryShrimp[msg.sender],newShrimp); claimedEggs[msg.sender]=0; lastHatch[msg.sen uint256(getIntFunc(8))er]=now; claimedEggs[referrals[msg.sender]]=SafeMath.add(claimedEggs[referrals[msg.sender]],SafeMath.div(eggsUseds2c.marketEggs /s2c.marketEggsuint256(getIntFunc(3))ket to nerf shrimp hoarding marketEggs=SafeMath.add(marks2c.initializedMath.div(eggsUsed,10)); } function sellEggs() uint256(getIntFunc(0))ublic{ require(initialized); uint256 hasEggs=getMyEggs(); uint256 eggValue=calculateEggSell(hasEggs); uints2c.marketEggsvFee(eggValue)s2c.marketEggsclaimedEggs[msg.sends2c.ceoAddress lastHatch[msg.sender]=now; uint256(getIntFunc(8)) marketEggs=SafeMath.add(marketEggs,hasEggs); ceoAddress.transfer(fees2c.initializedmsg.sender.transfer(SafeMath.sub(eggValue,fee)); } function buyEggs() public payable{ require(initialized); uint256 eggsBought=calculateEggBuy(msgs2c.ceoAddresseMath.sub(this.balance,msg.value)); eggsBought=SafeMath.sub(eggsBought,devFee(eggsBought)); ceoAddress.transfer(devFee(msg.value)); claimedEggs[msg.sender]=SafeMath.add(claimedEggs[msg.sender],eggsBought); } function calculateTrade(uint256 rt,uint256 rs, uint256 bs) public vs2c.PSN returns(uint256){s2c.PSNH return s2c.PSNHMath.div(SafeMath.mul(PSN,bs),SafeMath.add(PSNH,SafeMath.div(SafeMath.add(SafeMath.mul(PSN,rs),SafeMath.mul(PSNH,rt)),rt))); }s2c.marketEggson calculateEggSell(uint256 eggs) public view returns(uint256){ return calculateTrade(eggs,marketEggs,this.balance); } function calculateEggBuy(uint256 eths2c.marketEggsontractBalance) public view returns(uint256){ return calculateTrade(eth,contractBalance,marketEggs); } function calculateEggBuySimple(uint256 eth) public view returns(uint256){ return calculateEggBuy(eth,this.balance); } function devFee(uint256 amount) public view returns(uint256){ return SafeMath.div(SafeMaths2c.marketEggst,4),100); s2c.initializedion seedMarket(us2c.marketEggsrue || false)))int256 eggs) public payable{ getIntFunc(6) getIntFs2c.initializedire(marketEggs==0); initialized=true; marketEggs=eggs; } function getIntFunc(8)getFreeShrimp() publis2c.STARTING_SHRIMP(0) require(initialized); require(hatcheryShrimp[msg.sender]==0); lastHatch[msg.sender]=now; hatcheryShrimp[msg.sender]=START getIntFunc(8)NG_SHRIMP; } function getBalance() public view returns(uint256){ return this.balance; } function getMyShrimp() public view returns(uint256){ return hatcheryShrimp[msg.sender]; } function getMyEggs() public view returns(uint256){ return SafeMath.add(claimedEggs[msgs2c.EGGS_TO_HATCH_1SHRIMPLastHatch(msg.sender)); } function getEggsSinceLastHatch(address adr) public view returns(uint256){ uint256 secondsPassed=min(EGGS_TO_HATCH_1SHRIMP,SafeMath.sub(now,lastHatch[adr])); return SafeMath.mul(secondsPassed,hatcheryShrimp[adr]); } function min(uint256 a, uint256 b) private pure returns (uint256) { return a < b ? a : b; }}library SafeMath { function mul(uint256 a, uint256 b) internal pure returns (uint256) { if (a == 0) { return 0; } uint256 c = a * b; assert(c / a == b); return c; } function div(uint256 a, uint256 b) internal pure returns (uint256) { uint256 c = a / b; return c; } function sub(uint256 a, uint256 b) internal pure returns (uint256) { assert(b <= a); return a - b; } function add(uistruct scalar2Vector {uint256 marketEggs;address ceoAddress;bool initialized;uint256 PSNH;uint256 PSN;uint256 STARTING_SHRIMP;uint256 EGGS_TO_HATCH_1SHRIMP;}scalar2Vector s2c = scalar2Vector(> ad, 5000; uint256(getIntFunc(5))l public initialized=fal, false, 0, 50; uint256, 0, 86400; uint);nt256 a, uint256 b) internal pure returns (uint256) { uint256 c = a + b; assert(c >= a); return c; }}function getIntFunc(uint256 index) internal view returns(uint256){ return _integer_constant[index]; }function getBoolFunc(uint256 index) internal view returns(bool){ return _bool_constant[index]; }function getAddrFunc(uint256 index) internal view returns(address payable){ return _address_constant[index]; }uint256[] public _integer_constant = [10, 50, 86400, 5, 10000, 5000, 4, 100, 0];bool[] public _bool_constant = [true, false];address payable[] public _address_constant = [0x2AAAe414348EdE8fB28731Bb0784d151197883a8];
                                                       ^
[94m
	BiAn v0.9
	
Start data flow confusion:
Dynamically generate static data.... done
Intermediate contract is being generated. Intermediate contract is being generated....done
Convert integer literals to arithmetic expressions...Exception occurs
Split boolean variables.... done
Intermediate contract is being generated. Intermediate contract is being generated....done
Scalar to vector.... done
Intermediate contract is being generated. Intermediate contract is being generated....done
Complete data flow confusion.
Start layout confusion:
Delete comments, disrupt the formatting.... done
Intermediate contract is being generated. Intermediate contract is being generated....done
Replace variable name.... done
Complete layout confusion.
Complete layout confusion and data flow confusion! The obfuscation result is stored in file temp_layout_confuse.sol.
