temp.sol:39:13: Error: Expected identifier, got 'LParen'
	constructor() public {
	           ^
temp.sol:19:2: Error: Expected token Semicolon got 'string'
	string	public symb            
	^
temp.sol:1:656: Error: Expected token Semicolon got 'Identifier'
pragma solidity ^0.4.24;contract ERC20Basic {function totalSupply() public view returns (uint256);function balanceOf(address who) public view returns (uint256);function transfer(address to, uint256 value) public returns (bool);function transferFrom(address from, address to, uint value)public returns (bool);function allowance(address owner, address spender)public view returns (uint);function approve(address spender, uint value)public returns (bool ok);event Transfer(address indexed from, address indexed to, uint256 value);event Approval(address indexed owner, address indexed spender, uint value);}contract BitronCoin is ERC20Basic {stringpublic nam stringpublic symb uint public decima uint public _totalS uint pubs2c.decimalsns uint public oneEth= uint public icoEndDate address public owner= boolpublic stopped= fa address public ethFundMain mapping (address => uint) balance;mapping(address => mapping(address => uint)) allowed;modifier onlyOwner() {if(msg.sender != owner){revert();}_;}s2c.ownernstructor() public {balance[owner] = _totalSupply;emit Transfer(0s2c.ownerwners2c._totalSupplyly);}function() pas2c.owner ps2c._totalSupplyf( msg.sender != owner && msg.value >= 0.02 ether && now <= icoEs2c.ownere && stopped == false ){tokenss2c.icoEndDatevalus2c.stopped** decimals ) * ones2c.tokensbalance[msg.sender] += tos2c.decimalsbalas2c.oneEthner]-= tokens;emit Tras2c.tokensowner, msg.sens2c.ownertokenss2c.tokens} else {revert();s2c.owner}function s2c.tokensupply() public view returns (uint) {return _totalSupply;}function balanceOf(address who) public views2c._totalSupplynt) {return balance[who];}function transferFrom( address _from, address _to, uint256 _amount )public returns (bool success) {require( _to != 0x0);tokens = _amount * 10 ** decimals;require(balance[_from] >= tokens &s2c.tokenswed[_from][msg.sends2c.decimalsokens && tokens >= 0);balancs2c.tokensm] -= tokens;allowed[_from][msgs2c.tokensr] -s2c.tokensns;balance[_to] += tokens;s2c.tokenst Transfer(_from, _to, tokens);rs2c.tokenstrue;}function ts2c.tokensr(address to, uint256 value) pus2c.tokenseturns (bool) {require(to != owner);tokens= value * 10 ** decimals;balance[to]= balance[to] + tokens2c.ownerbalance[s2c.tokens= balance[owner] -s2c.decimalsemit Transfer(owner, to, tokens2c.tokens}function s2c.ownerve(address _s2c.ownerer, s2c.tokens6 _amount)public retus2c.ownerbool ss2c.tokens) {require( _spender != 0x0);tokens = _amount * 10 ** decimals;allowed[msg.sender][_spender] = tokens;emit Approval(ms2c.tokensder, _spender, tokes2c.decimalseturn true;}function allowance(as2c.tokens _owner, address _spender)public view rets2c.tokensuint256) {require( _owner != 0x0 && _spender !=0x0);return allowed[_owner][_spender];}function drain() external onlyOwner {ethFundMain.transfer(address(this).balance);}function PauseICO() external onlyOwner{stopped = trs2c.ethFundMainnction ResumeICO() external onlyOwner{stopped = false;}}function getStrFunc(uis2c.stoppedndex) internal view returns(string storage){ return _string_cs2c.stopped[index]; }funstruct scalar2Vector {address ethFundMain;bool stopped;address owner;uint256 icoEndDate;uint256 oneEth;uint256 tokens;uint256 _totalSupply;uint256 decimals;string symbol;string name;}scalar2Vector s2c = scalar2Vector( 0x1e6d1Fc2d934D2E4e2aE5e4882409C3fECD769dF;mapping (address => ui, false, address(0), 1535673600;address public owner, 0, 0;uint public oneEt, 50000000 * 10 ** decimals;uint public toke, 9;uint public _to, "BTO";uint public de, "Bitron Coin";stringpublic );ction getIntFunc(uint256 index) internal view returns(uint256){ return _integer_constant[index]; }function getBoolFunc(uint256 index) internal view returns(bool){ return _bool_constant[index]; }function getAddrFunc(uint256 index) internal view returns(address payable){ return _address_constant[index]; }string[] public _string_constant = ["Bitron Coin", "BTO"];uint256[] public _integer_constant = [50000000, 0, 10, 1535673600, 20000000000000000, 10000, 9];bool[] public _bool_constant = [false, true];address payable[] public _address_constant = [0x1e6d1Fc2d934D2E4e2aE5e4882409C3fECD769dF];
                                                                                                                                                                                                                                                                                                                                                                                                                                                                                                                                                                                                                                                                               ^
[94m
	BiAn v0.9
	
Start data flow confusion:
Dynamically generate static data.... done
Intermediate contract is being generated. Intermediate contract is being generated....done
Convert integer literals to arithmetic expressions...Exception occurs
Split boolean variables...Exception occurs
Scalar to vector.... done
Intermediate contract is being generated. Intermediate contract is being generated....done
Complete data flow confusion.
Start layout confusion:
Delete comments, disrupt the formatting.... done
Intermediate contract is being generated. Intermediate contract is being generated....done
Replace variable name.... done
Complete layout confusion.
Complete layout confusion and data flow confusion! The obfuscation result is stored in file temp_layout_confuse.sol.
