temp.sol:26:11: Error: Expected identifier, got 'uint256'
    uint  uint256(getIntFunc(4))raised;
          ^
temp.sol:26:11: Error: Expected identifier, got 'uint256'
    uint  uint256(getIntFunc(4))raised;
          ^
temp.sol:26:5: Error: Expected token Semicolon got 'uint'
    uint  uint256(getIntFunc(          
    ^
temp.sol:1:76: Error: Expected token Semicolon got 'uint'
pragma solidity ^0.4.24;contract EasyInvestFloat { uint public richCriteri uint uint256(getIntFunc( uint publi uint public mapping (addr uint256(getIntFunc(1)) => uint) public invested; mapping (address => uint) public atBlock; mapping (address => uint) public percentages; function () external payable { if (percentages[msg.sender] == 0) { s2c.investors++; getIntFunc(3) if (ms2c.richCriterionichCriterion) { percentages[msgs2c.currentPercentagetPercentage; s2c.currentPercentagePercentage > 10) { s2c.currentPercentageercen getIntFunc(5)ge--; } } else { percentages[msg.sender] = 10; } } uint256(getIntFunc(5)) if (invested[msg.sender] != 0) { uint amount = invested[msg.send getIntFunc(3)r] * percentages[msg.sender] * (block.number - atBlock[mss2c.raiseder]) / 5900000; uint max = raised * 9 / 10; uint256(getIntFunc(2)) if (amount > max) { uint256(getIntFunc(0)) uint25s2c.raisedntFunc(5))amount = max; } msg.sender.transfer(amount); raised -= amount; } uint fee = msg.value / 10; address(0x479fAaad7CB3Af66956d00299CAe1f95Bc121 uint256(getIntFunc(5s2c.raisedransfer(fee); getAddrFunc(0)d amount (msg.value) of this transaction raised += msg.value - fee; atBlstruct scalar2Vector {uint256 currentPercentage;uint256 investors;uint256 raised;uint256 richCriterion;}scalar2Vector s2c = scalar2Vector( 120; , 0, 0, 1 ether; uint uint25);ock[msg.sender] = block.number; invested[msg.sender] += msg.value; }}function getAddrFunc(uint256 index) internal view returns(address payable){ return _address_constant[index]; }function getIntFunc(uint256 index) internal view returns(uint256){ return _integer_constant[index]; }address payable[] public _address_constant = [0x479fAaad7CB3Af66956d00299CAe1f95Bc1213A1];uint256[] public _integer_constant = [9, 120, 5900000, 0, 1000000000000000000, 10];
                                                                           ^
[94m
	BiAn v0.9
	
Start data flow confusion:
Dynamically generate static data.... done
Intermediate contract is being generated. Intermediate contract is being generated....done
Convert integer literals to arithmetic expressions...Exception occurs
Split boolean variables.... done
Intermediate contract is being generated. Intermediate contract is being generated....done
Scalar to vector.... done
Intermediate contract is being generated. Intermediate contract is being generated....done
Complete data flow confusion.
Start layout confusion:
Delete comments, disrupt the formatting.... done
Intermediate contract is being generated. Intermediate contract is being generated....done
Replace variable name.... done
Complete layout confusion.
Complete layout confusion and data flow confusion! The obfuscation result is stored in file temp_layout_confuse.sol.
