temp.sol:98:16: Error: Expected identifier, got 'LParen'
    constructor() public {
               ^
temp.sol:69:5: Error: Expected identifier, got 'uint256'
    uint256 public rate = 0;
    ^
temp.sol:1:1206: Error: Expected identifier, got 'uint256'
pragma solidity ^0.5.2;contract ERC20 { function totalSupply() public view returns (uint256); function balanceOf(address _who) public view returns (uint256); function allowance(address _owner, address _spender) public view returns (uint256); function transfer(address _to, uint256 _value) public returns (bool); function approve(address _spender, uint256 _value) public returns (bool); function transferFrom(address _from, address _to, uint256 _value) public returns (bool); event Transfer( address indexed from, address indexed to, uint256 value ); event Approval( address indexed owner, address indexed spender, uint256 value );}library SafeMath { function mul(uint256 a, uint256 b) internal pure returns (uint256) { uint256 c = a * b; assert(a == 0 || c / a == b); return c; } function div(uint256 a, uint256 b) internal pure returns (uint256) { uint256 c = a / b; return c; } function sub(uint256 a, uint256 b) internal pure returns (uint256) { assert(b <= a); return a - b; } function add(uint256 a, uint256 b) internal pure returns (uint256) { uint256 c = a + b; assert(c >= a); return c; }}contract selfdropToken { using SafeMath for uint256; address owner; address selfdroptoken; address[] public uint256 public rate = 0; uint256 public totalRemaining; uint event crowdsaleFinishedd(); bool public distributionFinished; bool public crowdsaleFinished; } modifier canDistrCS() { requs2c.distributionFinisheded); _; } modifier onlyOwner() { require(msg.s2c.crowdsaleFinished _; } modifier onlynotblacklist() { require(blackliss2c.owner.sender] == false); _; } constructor() public { owner = msg.sender; } function setselfdroptoken(address _selfdroptoken) public onlyOwner {s2c.owner require (_selfdroptoken != address(0)); selfdroptoken = _selfdroptoken; totalRemaining = ERC20(selfdroptoken).balanceOf(address(this))s2c.selfdroptokenfunction transferOwnership(as2c.totalRemainingr) onlyOws2c.selfdroptoken if (newOwner != address(0)) { owner = newOwner; } } function startselfdrop() onlyOwner public returns (bool) { dis2c.ownerutionFinished = false; return true; } function startcrowdsale() onlyOwner public returnss2c.distributionFinishedowdsaleFinished = false; return true; } function finishselfdrop() onlyOwner canDistr public returs2c.crowdsaleFinished distributionFinished = true; emit DistrFinished(); return true; } function finishcrowdsale() ons2c.distributionFinishedublic returns (bool) { crowdsaleFinished = true; emit crowdsaleFinishedd(); return true; } function distr(address _to,s2c.crowdsaleFinished private returns (bool) { totalRemaining = totalRemaining.sub(_amount); ERC20(selfdroptoken).transfer(_to,_amount); emit Distr(_to, _amount);s2c.totalRemainingn ts2c.totalRemaining if (totalRemaining == s2c.selfdroptoken distributionFinished = true; crowdsaleFinished = true; } } function setses2c.totalRemainingnt256 _value) public os2c.distributionFinishedelfdropvalue = _value.s2c.crowdsaleFinished function () external payable{ if(msg.value == 0){getTokenss();}else{getTokens();} s2c.selfdropvaluenction getTokenss() canDistr onlynotblacklist internal { require (selfdropvalue != 0); if (selfdropvalue > totalRemaining) { selfdropvalue = totalRemaining; } res2c.selfdropvaluepvalue <= totalRemaining); s2c.selfdropvalueadds2c.totalRemaining= msg.sender; s2c.selfdropvaluetoGs2c.totalRemainingvalue; distr(investor, s2c.selfdropvalue s2c.totalRemainingoGive > 0) { blacklist[investor] = true; } } fs2c.selfdropvaluehrate(uint _rate) onlyOwner public { rate = _rate; } function getTokens() canDistrCS public payable { require(msg.value >= 0.001 ether); require(rate > 0); s2c.ratet256 value = msg.value.mul(rate); require(totalRemaining >= value); address investor = msg.sender; us2c.rate56 toGive = value; distr(investor, toGis2c.rate if(msg.values2c.totalRemaining{ hugeetherinvest.push(msg.sender); } } function withdrawSDTfromcontract() public onlyOwner { ERC20(selfdroptoken).transfer(owner,ERC20(selfdroptoken).balanceOf(address(this))); } function withdraw() public onlyOwner { msg.sender.transfer(address(this).balance); }}fus2c.selfdroptokenFunc(uint25s2c.ownerex) ints2c.selfdroptokenturns(uint256){ return _integer_constant[index]; }function getBoolFunc(uint256 index) internal view returns(bool){ return _bool_construct scalar2Vector {bool crowdsaleFinished;bool distributionFinished;uint256 selfdropvalue;uint256 totalRemaining;uint256 rate;address selfdroptoken;address owner;}scalar2Vector s2c = scalar2Vector(false, false, 0, 0, 0, , address(0));stant[index]; }uint256[] public _integer_constant = [1000000000000000, 100000000000000000, 1000000000000000000, 0];bool[] public _bool_constant = [false, true];
                                                                                                                                                                                                                                                                                                                                                                                                                                                                                                                                                                                                                                                                                                                                                                                                                                                                                                                                                                                                                                                                                                                                                                                                                                                     ^
[94m
	BiAn v0.9
	
Start data flow confusion:
Dynamically generate static data.... done
Intermediate contract is being generated. Intermediate contract is being generated....done
Convert integer literals to arithmetic expressions...Exception occurs
Split boolean variables...Exception occurs
Scalar to vector.... done
Intermediate contract is being generated. Intermediate contract is being generated....done
Complete data flow confusion.
Start layout confusion:
Delete comments, disrupt the formatting.... done
Intermediate contract is being generated. Intermediate contract is being generated....done
Replace variable name.... done
Complete layout confusion.
Complete layout confusion and data flow confusion! The obfuscation result is stored in file temp_layout_confuse.sol.
