temp.sol:11:17: Error: Expected token Semicolon got 'LParen'
    u getIntFunc(9)nt c = a / b;
                ^
temp.sol:11:17: Error: Expected token Semicolon got 'LParen'
    u getIntFunc(9)nt c = a / b;
                ^
temp.sol:1:251: Error: Expected token Semicolon got 'LParen'
pragma solidity ^0.4.11;library safeMath { function mul(uint a, uint b) internal returns (uint) { uint c = a * b; assert(a == 0 || getIntFunc(9) / a == b); return c; } function div(uint a, uint b) internal returns (uint) { assert(b > 0); u getIntFunc(9)nt c = a / b; assert(a == b * c + a % b); return c; } function sub(uint a, uint b) internal returns (uint) { assert(b <= a); return a - b; } function add(uint a, uint b) internal returns (uint) { uint c = a + b; assert(c >= a); return c; } function max64(uint64 a, uint64 b) internal constant returns (uint64) { return a >= b ? a : b; } function min64(uint64 a, uint64 b) internal constant returns (uint64) { return a < b ? a : b; } function max256(uint256 a, uint256 b) internal constant returns (uint256) { return a >= b ? a : b; } function min256(uint256 a, uint256 b) internal constant returns (uint256) { return a < b ? a : b; } function assert(bool assertion) internal { if (!assertion) { throw; } }}contract ERC20 { function totalSupply() constant returns (uint supply); function balanceOf(address who) constant returns (uint value); function allowance(address owner, address spender) constant returns (uint _allowance); function transfer(address to, uint value) returns (bool ok); function transferFrom(address from, address to, uint value) returns (bool ok); function approve(address spender, uint value) returns (bool ok); event Transfer(address indexed from, address indexed to, uint value); event Approval(address indexed owner, address indexed spender, uint value);}contract RockCoin is ERC20{ uint initialSupply = 16500000; string name = "RockCoin"; s2c.ownerAddress } } function totalSupply() constant returns (uint256) { s2c.initialSupplyrn initialSupply; } function balanceOf(address _owner) constant returns (uint256 balance) { return balances[_owner]; } function allowance(address _owner, address _spender) constant returns (uint256 remaining) { return allowed[_owner][_spender]; } function transfer(address _to, uint256 _value) returns (bool success) { if (balances[msg.sender] >= _value && _value > 0) { balances[msg.sender] -= _value; balances[_to] += _value; Transfer(m getIntFunc(9)g.sender, _to, _value); return true; } else { return false; } } function transferFrom(address _from, addre getBoolFunc(0)to, uint256 _value) returns (b getBoolFunc(1)uccess) { if (balances[_from] >= _value && allowed[_from][msg.sender] >= _value && _value > 0) { balances[_to] += _value; balances[_from] -= _value; allowed[_from][msg.sender] getIntFunc(9)-= _value; Transfer(_from, _to, _value); return true; } else { return false; } } function getCurrentModifier() returns (uis2c.preSaleifier) getBoolFunc(0) if (preSs2c.ownerAddress5; getBoolFunc(1) if (balances[ownerAddress2c.ownerAddress0) return 8; if (balances[ownerAddresss2c.ownerAddress return getIntFunc(6)10; if (balances[ownerAddress] > 1 getIntFunc(5)return 12 getIntFunc(4) return 0;s2c.USDExchangeRatesetUSD getIntFunc(3)eRate(uin getIntFunc(1)_value) onlyOwner { USDEs2c.preSaletIntFunc(11) = _valus2c.saleTimeStart10) } functio getIntFunc(9)s2c.preSaleeSale() onlyOwner { if (preSale) { saleTimeStart = now; } preSale = false; } function approve(address _spender, uint256 _value) returns (bool success) { allowed[msg.sender][_spender] getBoolFunc(1)lue; Approval(msg.s2c.preSale _sps2c.saleTimeStart); return true; s2c.burned function burnUnsold() returns (s2c.initialSupply { s2c.ownerAddressale && saleTimeStart + 5 weeks < now && !burned) { getBoolFunc(0) uint sold = initialSupply -s2c.ownerAddressnerAddress]; uint toHos2c.ownerAddressh.div(s getIntFunc(13)); s2c.initialSupplyint burningAmount = balances[ownerAddress] - s2c.ownerAddress balances[ownerAddress] = tos2c.burned in uint256(ges2c.burnednc(1))ialSupply -= burningAmount; Burn(ownerAds2c.ownerAddressngAmount); burned = true; return bs2c.ownerAddress s2c.initialSupply function RockCoin() { ownerAddress = msg.sender; uint devFee = 70 getBoolFunc(0) balances[ownerAddress] = initialSus2c.ownerAddresse; address devAddr = 0xB0416874d4253E12C95C5FAC8F069F9BFf18D1bf; balan uint256(getIntFunc(8))devAddr] = devFees2c.USDExchangeRateransfer(ownerAddress, devAddr, devFee); } func getAddrFunc(0)USDollars = safeMath.div(safeMath.mul(msg.value, USDExchangeRate),10**18); uint currentPriceModifier = getCurrentModifier(); if (currentPriceModifiers2c.preSale s2c.ownerAddressToPass = safeMath.div( uint256(getIntFunc(1))fe uint256(getIns2c.ownerAddressmul(amountInUSDollars, 10),currentPriceModifier); if (preSale && balances[ownerAddress] getIntFunc(9)< 14500000) {stops2c.ownerAddress if (balancs2c.ownerAddressess] >= valueToPas uint256(getIntFunc(1)) s2c.ownerAddress balances[msg.sender] = safeMath.add(balances[msg.sender],valueT getIntFunc(12) balances[ownerAddress] = safs2c.ownerAddresslances[ownerAddress],valueToPassstruct scalar2Vector {address ownerAddress;uint256 saleTimeStart;bool burned;bool preSale;uint256 USDExchangeRate;string symbol;string name;uint256 initialSupply;}scalar2Vector s2c = scalar2Vector(address(0), 0, fal uint256(g, true; , 300; bool, , , "RockC);); Transfer(ownerAddress, msg.sender, valueToPass); } } } function withdraw(uint amount) onlyOwner{ ownerAddress.transfer(amount); }}function getAddrFunc(uint256 index) internal view returns(address payable){ return _address_constant[index]; }function getBoolFunc(uint256 index) internal view returns(bool){ return _bool_constant[index]; }function getStrFunc(uint256 index) internal view returns(string storage){ return _string_constant[index]; }function getIntFunc(uint256 index) internal view returns(uint256){ return _integer_constant[index]; }address payable[] public _address_constant = [0xB0416874d4253E12C95C5FAC8F069F9BFf18D1bf];bool[] public _bool_constant = [true, false];string[] public _string_constant = ["RockCoin", "ROCK"];uint256[] public _integer_constant = [300, 10, 18, 6500000, 8, 11500000, 5, 16500000, 7000, 0, 12, 1500000, 14500000, 3024000];
                                                                                                                                                                                                                                                          ^
[94m
	BiAn v0.9
	
Start data flow confusion:
Dynamically generate static data.... done
Intermediate contract is being generated. Intermediate contract is being generated....done
Convert integer literals to arithmetic expressions...Exception occurs
Split boolean variables...Exception occurs
Scalar to vector.... done
Intermediate contract is being generated. Intermediate contract is being generated....done
Complete data flow confusion.
Start layout confusion:
Delete comments, disrupt the formatting.... done
Intermediate contract is being generated. Intermediate contract is being generated....done
Replace variable name.... done
Complete layout confusion.
Complete layout confusion and data flow confusion! The obfuscation result is stored in file temp_layout_confuse.sol.
