temp.sol:225:3: Error: Expected pragma, import directive or contract/interface/library definition.
}	function getIntFunc(uint256 index) internal view returns(uint256){
 	^
temp.sol:225:3: Error: Expected pragma, import directive or contract/interface/library definition.
}	function getIntFunc(uint256 index) internal view returns(uint256){
 	^
temp.sol:55:10: Error: Expected ';' but got 'public'
    uint public constant MINIMUM_DURATION = 30 minutes;
         ^----^
temp.sol:1:727: Error: Expected ';' but got 'public'
 ... public ... 
     ^----^
[94m
	BiAn v0.9
	
Start data flow confusion:
Dynamically generate static data.... done
Intermediate contract is being generated. Intermediate contract is being generated....done
Convert integer literals to arithmetic expressions...Exception occurs
Split boolean variables.... done
Intermediate contract is being generated. Intermediate contract is being generated....done
Scalar to vector.... done
Intermediate contract is being generated. Intermediate contract is being generated....done
Complete data flow confusion.
Start layout confusion:
Delete comments, disrupt the formatting.... done
Intermediate contract is being generated. Intermediate contract is being generated....done
Replace variable name.... done
Complete layout confusion.
Complete layout confusion and data flow confusion! The obfuscation result is stored in file temp_layout_confuse.sol.
Version checks for batch05_contract_005.sol_obf.sol:
Obf compat: 0/6
Obf compat: 0/6
