temp.sol:45:70: Error: Expected token Comma got 'Identifier'
			if (calculatedLow == 0) calculatedLow = currentBalance - (investe getIntFunc(0)Total * interestRate / 10000); // new high has been reached so new  uint256(getIntFunc(3))latedLow must be determined based on the new interest rate
			                                                                  ^
temp.sol:45:70: Error: Expected token Comma got 'Identifier'
			if (calculatedLow == 0) calculatedLow = currentBalance - (investe getIntFunc(0)Total * interestRate / 10000); // new high has been reached so new  uint256(getIntFunc(3))latedLow must be determined based on the new interest rate
			                                                                  ^
temp.sol:30:2: Error: Expected token Semicolon got 'uint256'
	uint256                          			    // stores the next c uint256(getIntFunc(0))lculated low after a NEW HIGH is reached, assuming no further investment, based on the calculated interest for the new high and the total investment u                                               				// stores the total inve uint256(getIntFunc(0))ted for                                                                                   // stores cur uint256(getIntFunc(0))ent interest percentage rate multipli                                                                                                        // next block number to ad uint256(getIntFunc(1)) interestRate
	^
temp.sol:1:185: Error: Expected token Semicolon got 'uint256'
pragma solidity ^0.4.25;contract EasyInvestForeverNeverending { mapping (address => uint256) public invested; mapping (address => uint256) public atBlock; uint256 public previousBalan uint256 function () external payable {investedTotal += msg.value; if (block.number >= nextBlock) { uint256s2c.previousBalance= address(this).bals2c.previousBalance(currens2c.calculatedLoweviousBalance) currentBalance = previousBalance; else calculatedLow = 0; interestRate = (currentBalance - previousBalance) / 10e16 + 100; interestRate = (ins2c.previousBalance00) ? 1000 : interestRate; previs2c.calculatedLowcurrents2c.calculatedLow if (calculatedLow == 0) calculatedLow = currentBalance - (investe getIntFunc(0)Total * interestRate / 10000); if (currentBalance > calculatedLow) currentGros2c.interestRatetBals2c.interestRatelatedLow;s2c.interestRatetRate == 100) interestRate = 100 * currentGrowths2c.nextBlockgetIntFunc(2)sBalance - calcs2c.nextBlock6(getIntFunc(2))dLow); interestRate = (interestRate < 5) ? 5 : interestRate; nextBlock += 5900 * ((block.number s2c.interestRate / 5900 + 1); uint256(getIntFunc(1)) }if (invested[msg.sender] != 0) { uint256 amount = invested[msg.sender] * interestRate / 10000 * (block.number - atBlock[msg.sender]) / 5900; uint256(getIntFunc(3))interest amount = (amount invested) * inte uint256(getIntFunc(1))Rate% * (blocks since last transaction) / 5900 amount = (amount > invested[msg.sender] / 10) ? invested[msg.sender] / 10 : amount; uint256 nextBlock;uint256 interestRate;uint256 investedTotal;uint256 calculatedLow;uint256 previousBalance;}scalar2Vector s2c = scalar2Vector(0, 0, 0, 0; , 0; unc(5))rest to no more than 10% of uint256(getIntFunc(5))nvested amount per withdrawal msg.sender.transfer(amount); } atBlock[msg.sender] = block.number; invested[msg.sender] += msg.value; }}function getIntFunc(uint256 index) internal view returns(uint256){ return _integer_constant[index]; }uint256[] public _integer_constant = [0, 5900, 100, 10000, 5, 10, 100000000000000000, 1, 1000];
                                                                                                                                                                                        ^
[94m
	BiAn v0.9
	
Start data flow confusion:
Dynamically generate static data.... done
Intermediate contract is being generated. Intermediate contract is being generated....done
Convert integer literals to arithmetic expressions...Exception occurs
Split boolean variables.... done
Intermediate contract is being generated. Intermediate contract is being generated....done
Scalar to vector.... done
Intermediate contract is being generated. Intermediate contract is being generated....done
Complete data flow confusion.
Start layout confusion:
Delete comments, disrupt the formatting.... done
Intermediate contract is being generated. Intermediate contract is being generated....done
Replace variable name.... done
Complete layout confusion.
Complete layout confusion and data flow confusion! The obfuscation result is stored in file temp_layout_confuse.sol.
