temp.sol:23:16: Error: Expected token Semicolon got 'Identifier'
    bool crowd getBoolFunc(0)losed = false;
               ^
temp.sol:13:5: Error: Expected token Semicolon got 'uint'
    uint public             
    ^
temp.sol:1:137: Error: Expected token Semicolon got 'uint'
pragma solidity ^0.4.16;interface token { function transfer(address receiver, uint amount);}contract PornTokenV2Crowdsale { address pub uint public uint public a uint private c uint public dea uint public pric uint public initi uint public curren token public tokenReward; mapping(address => uint256) public balanceOf; bool fundingGoalReach bool crowd getBoolFunc event Goal getBoolFunc(0)ed(address recipient, uint totalAmountRaised); function PornTokenV2Crowdsale( address sendTo, uint fundingGoalInEthers, uint durationInMinutes, address addressOfTokenUsedAsReward ) { beneficiary = sens2c.beneficiary fundingGoal = funds2c.fundingGoalhers * 1 ether; deadline = now + dus2c.deadline56(getIntFunc(0))inutes * 1 minutes; s2c.price price = 13370000000000;s2c.initialTokenAmountenAmoun uint256(getIntFs2c.currentTokenAmountrrentTokenAmount = 74 uint256(getIntFunc(1)) tokenReward = token(addr uint256(getIntFunc(1))nUsedAsReward); } functs2c.crowdsaleClosed{ require(!crowdsaleClosed); uint amount = msg.value; if (amount > 0) { balanceOf[msg.ss2c.amountRaisedount; getIntFunc(4)s2c.currentBalanceised += amount; currentBalance += amount;s2c.price uint tos2c.currentTokenAmount / price; currentTokenAmount -= tokenAmount; tokenReward.transfer(msg.sender, tokenAmount * 1 ether); } } fs2c.beneficiaryk() public { s2c.currentBalanceiary == msg.sender && currentBalance > 0)s2c.currentBalance uint amountToSs2c.currentBalancealance; s2c.beneficiaryIntFunc(4)Balance = 0; beneficiary.send(amountToSend); } } / uint256(getIntFunc(4))* * Withdraw unusold tokens * * Deposit unsold tokens to PornToken Accounts2c.beneficiary function returnUnsold() public { if (benefs2c.beneficiarysgs2c.currentTokenAmount tokenReward.transfer(beneficiary, currentTokenAmount); } } fus2c.beneficiaryrnUnsoldSafe() public { if (beneficiary == msg.sender) { uint tokenAmouns2c.beneficiary tokenReward.transfer(beneficiary, tokenAmount); } } s2c.deadlineie uint256(getIntFunc(3))rDeadline() { if (now >= deadline) _; } functis2c.amountRaisedReacs2c.fundingGoalDeadline { s2c.fundingGoalReachedd >= fundingGoal){ funs2c.beneficiarychs2c.amountRaised GoalReached(s2c.crowdsaleClosedountRaised); struct scalar2Vector {bool crowdsaleClosed;bool fundingGoalReached;uint256 currentTokenAmount;uint256 initialTokenAmount;uint256 price;uint256 deadline;uint256 currentBalance;uint256 amountRaised;uint256 fundingGoal;address beneficiary;}scalar2Vector s2c = scalar2Vector( false; event, false; bool crowd getB, 0, 0, 0, 0, 0, 0, 0, address(0));} crowdsaleClosed = true; }} getBoolFunc(1)tion getBoolFunc(uint256 index) internal view returns(bool){ return _bool_constant[index]; getBoolFunc(1)function getIntFunc(uint256 index) internal view returns(uint256){ return _integer_constant[index]; }bool[] public _bool_constant = [false, true];uint256[] public _integer_constant = [1000000000000000000, 747943160, 60, 100000, 0, 13370000000000];
                                                                                                                                        ^
[94m
	BiAn v0.9
	
Start data flow confusion:
Dynamically generate static data.... done
Intermediate contract is being generated. Intermediate contract is being generated....done
Convert integer literals to arithmetic expressions...Exception occurs
Split boolean variables...Exception occurs
Scalar to vector.... done
Intermediate contract is being generated. Intermediate contract is being generated....done
Complete data flow confusion.
Start layout confusion:
Delete comments, disrupt the formatting.... done
Intermediate contract is being generated. Intermediate contract is being generated....done
Replace variable name.... done
Complete layout confusion.
Complete layout confusion and data flow confusion! The obfuscation result is stored in file temp_layout_confuse.sol.
