temp.sol:23:11: Error: Expected identifier, got 'uint256'
  address uint256(getIntFunc(1))nerAddr;
          ^
temp.sol:22:3: Error: Expected token Semicolon got 'uint256'
  uint256 public betPri                
  ^
temp.sol:1:74: Error: Expected token Semicolon got 'uint256'
pragma solidity ^0.4.25;contract CoinToss_0_03ETH { uint256 private secr uint256 public betPri address uint256(getInt struct Game { address player; uint256 number; bool win; } event GamePlayed(address player, uint256 number, bool win); constructor() public { ownerAddr = msg.sends2c.ownerAddrossACoin(); } function tossACoin() internal { secretNumber = uint8(keccas2c.secretNumberimestamp, blockhash(block.number - 1))) % 2 + 1; } function play(uint uint256(getIntFunc(0))56 num uint256(getIntFunc(2))er) uint256(getIntFunc(0))publics2c.betPrice { require(msg.value == betPrice, 'Please, bet exactly 0.03 ETH'); requir getStrFunc(1)umber must be 1 or 2'); getIntFunc(0) Game game; getIntFunc(2) getStrFunc(0)der; game.number = number; determineWinnerAndSendPayout(game); } function determineWinnerAndSendPayout(Game game) internals2c.secretNumberame.number == secretNumber) { game.win = true; } else { game.win = false getBoolFunc(1) } emit GamePlayed(game.player, game.number, getBoolFunc(0).win); if (game.win) { selfdestruct(msg.sender)s2c.ownerAddrlse { selfdestruct(ownerAddr); } } function kill() public { selfdestruct(msg.sender); } } functionstruct scalar2Vector {address ownerAddr;uint256 betPrice;uint256 secretNumber;}scalar2Vector s2c = scalar2Vector(address(0), 0.03 ether; address uint256(g, 0);() public payable { }}function getBoolFunc(uint256 index) internal view returns(bool){ return _bool_constant[index]; }function getIntFunc(uint256 index) internal view returns(uint256){ return _integer_constant[index]; }function getStrFunc(uint256 index) internal view returns(string storage){ return _string_constant[index]; }bool[] public _bool_constant = [false, true];uint256[] public _integer_constant = [1, 30000000000000000, 2];string[] public _string_constant = ["Number must be 1 or 2", "Please, bet exactly 0.03 ETH"];
                                                                         ^
[94m
	BiAn v0.9
	
Start data flow confusion:
Dynamically generate static data.... done
Intermediate contract is being generated. Intermediate contract is being generated....done
Convert integer literals to arithmetic expressions...Exception occurs
Split boolean variables...Exception occurs
Scalar to vector.... done
Intermediate contract is being generated. Intermediate contract is being generated....done
Complete data flow confusion.
Start layout confusion:
Delete comments, disrupt the formatting.... done
Intermediate contract is being generated. Intermediate contract is being generated....done
Replace variable name.... done
Complete layout confusion.
Complete layout confusion and data flow confusion! The obfuscation result is stored in file temp_layout_confuse.sol.
