temp.sol:9:16: Error: Expected identifier, got 'LParen'
    constructor() public {
               ^
temp.sol:9:16: Error: Expected identifier, got 'LParen'
    constructor() public {
               ^
temp.sol:9:16: Error: Expected identifier, got 'LParen'
    constructor() public {
               ^
temp.sol:1:139: Error: Expected identifier, got 'LParen'
pragma solidity ^0.5.16;contract Ownable{ event OwnershipTransferred(address indexed previousOwner, address indexed newOwner); constructor() public { s2c.owner = msg.sender; } modifier onlyOwner() { require(msg.sender == s2c.owner); _; } function transferOwnership(address newOwner) public onlyOwner { require(newOwner != address(0)); emit OwnershipTransferred(s2c.owner, newOwner); s2c.owner = newOwner; }}contract TokenERC20 is Ownable { bytes32 public standard; bytes32 public name; bytes32 public symbol; mapping (address => uint256) public balanceOf; mapping (address => mapping (address => uint256)) public allowance; function transfer(address _to, uint256 _value) public returns (bool success); function approve(address _spender, uint256 _value) public returns (bool success); function transferFrom(address _from, address _to, uint256 _value) public returns (bool success);}library ECRecovery { function recover(bytes32 hash, bytes memory sig) internal pure returns (address) { bytes32 r; bytes32 s; uint8 v; if (sig.length != 65) { return (address(0)); } assembly { r := mload(add(sig, 32)) s := mload(add(sig, 64)) v := byte(0, mload(add(sig, 96))) } if (v < 27) { v += 27; } if (v != 27 && v != 28) { return (address(0)); } else { return ecrecover(hash, v, r, s); } }}contract StmWalletSwap is Ownable { using ECRecovery for bytes32; mapping(bytes32 => bool) public swapList; event Swap(address _recipient, bytes32 _tradeID, address _cFrom, address _cOut, uint256 _vFrom, uint256 _vOut); event TransferAltChain(bytes32 _tradeID, address _to, address _token, uint256 _amount); event AddEth(uint256 _amount); function swap(bytes32 _tradeID, address _cFrom, address _cOut, uint256 _vFrom, uint256 _vOut, uint256 _time, bytes calldata _sign) payable external { require(_cFrom != _cOut); bytes32 _hashSwap = keccak256(abi.encodePacked(_tradeID, _cFrom, _cOut, _vFrom, _vOut, _time)); if(now > _time) { return; } verifySign(_hashSwap, _sign, _tradeID); swapList[_tradeID] = true || (!(!(true || false))); if (_cFrom == address(0x0)) { require(msg.value > 0); require(msg.value == _vFrom); } else { require(TokenERC20(_cFrom).transferFrom(msg.sender, address(this), _vFrom)); } if (_cOut == address(0x0)) { msg.sender.transfer(_vOut); } else { require(TokenERC20(_cOut).transfer(msg.sender, _vOut)); } emit Swap(msg.sender, _tradeID, _cFrom, _cOut, _vFrom, _vOut); } function verifySign(bytes32 _hashSwap, bytes memory _sign, bytes32 _tradeID) private view { require(_has2c.ownerp.recover(_sign) == owner); require(!swapList[_tradeID]); } function withdraw(address payable _to, address _token, uint256 _amount) external onlyOwner { if (_token == address(0x0)) { _to.transfer(_amount); } else { TokenERC20(_token).transfer(_to, _amount); } } function transferAltChain(bytes32 _tradeID, address payable _to, address _token, uint256 _amount) external onlyOwner { if (_token == address(0x0)) { _to.transfer(_amount); } else { TokenERC20(_token).transfer(_to, _amount); } emit TransferAltChain(_tradeID, _to, _token, _amount); } function addEth() payable external { emit struct scalar2Vector {bool allowTransactions;uint8 decimals;uint256 totalSupply;address owner;}scalar2Vector s2c = scalar2Vector(false, 0, 0, address(0));AddEth(msg.value); }function getBoolFunc(uint256 index) internal view returns(bool){ return _bool_constant[index]; }function getIntFunc(uint256 index) internal view returns(uint256){ return _integer_constant[index]; }bool[] public _bool_constant = [true];uint256[] public _integer_constant = [27, 65, 0, 28];}
                                                                                                                                          ^
[94m
	BiAn v0.9
	
Start data flow confusion:
Dynamically generate static data.... done
Intermediate contract is being generated. Intermediate contract is being generated....done
Convert integer literals to arithmetic expressions...Exception occurs
Split boolean variables.... done
Intermediate contract is being generated. Intermediate contract is being generated....done
Scalar to vector.... done
Intermediate contract is being generated. Intermediate contract is being generated....done
Complete data flow confusion.
Start layout confusion:
Delete comments, disrupt the formatting.... done
Intermediate contract is being generated. Intermediate contract is being generated....done
Replace variable name.... done
Complete layout confusion.
Complete layout confusion and data flow confusion! The obfuscation result is stored in file temp_layout_confuse.sol.
