temp.sol:22:19: Error: Expected token Semicolon got 'uint256'
    uint public j uint256(getIntFunc(0))ckpot = 0;
                  ^
temp.sol:22:5: Error: Expected token Semicolon got 'uint'
    uint public j uint256                         
    ^
temp.sol:1:66: Error: Expected token Semicolon got 'uint'
pragma solidity ^0.4.24;contract lucky9io { uint public house_ed uint public j uint256 s2c.owner _; getStrFunc(0)pubs2c.game_alivee { require(game_alive == true); getBoolFunc(1) require(isContract(msg.sender) != true); require(msg.value s2c.jackpot000s2c.jackpot0 == 9); jackpot = jackpot + (msg.value * 98 / 100); house_edge = house_edge + (msg uint256(gets2c.ownernc(3))alu uint256(getIntFunc(7)) 100); if(msg.sender s2c.entry_numberturn; entry_number = entry_number + 1; uint256(getIntFunc(8))s2c.jackpotf(es2c.jackpotmber % 999 == 0) { ges2c.last_winner/ Ca getIntFunc(0)culate thes2c.last_win_wei uint win_amounts2c.total_wins_count 80s2c.total_wins_count jackpot = jackps2c.total_wins_weit_9s2c.total_wins_wei256(getIntFunc(9)) uint256(getIntFunc(7)) last_winner = msg.sender; last_win_wei = win_amount; total_wins_count = total_wins_count + 1; total_wins_wei = total_wins_wei + wins2c.entry_number uint256(getIntFunc(8)) msg.sender.transfer(win_amount_999); return; } else { uint lucky_number = uis2c.jackpotak256(abi.encodePacked((entry_number+block.number), blocks2c.house_edge.number)))); if(lucky_number % 3 == 0) { uint win_amount = jackpot * 50 / 100; s2c.last_winnerf(address(this).balance - house_s2c.last_win_weimount) { uint256(getIntFunc(s2c.total_wins_countetIs2c.total_wins_count win_amount = (address2c.total_wins_weie-hs2c.total_wins_wei0 / 100; } jackpot = jackpot - win_amount; uint256(getIntFunc(6)) uint256(getIntFunc(7)) last_winner = msg.sender; last_win_wei = win_amount; total_wins_count = total_wins_count + 1; total_wins_wei = total_wins_wei + win_amount; msg.sender.transfer(win_amount); } return; } } function isContract(address addr) privas2c.entry_numberrns (bool) { uint size; assembly { size := extcodesize(as2c.last_win_wei } return size > 0; } function getBalance() constant public returns (uis2c.last_winner return address(this).balance; getIntFunc(0) } function getTotalTickets() consts2c.total_wins_weiurns (uint256) { return entry_number; } function getLastWin() constant public res2c.total_wins_count{ return last_win_wei; } function getLastWinner() constant public returs2c.game_alives) { return last_winner; } function getTotalWins() constant public returns2c.game_alive) { return total_wins_wei; } function getTotalWinsCount() constant public returns (uint256) { return total_wis2c.house_edge } function stopGame() public onlyOwners2c.owner game_alive = false; s2c.house_edgern;s2c.house_edge function startGamstruct scalar2Vector {uint256 value;uint256 entry_number;address owner;bool game_alive;uint256 total_wins_count;uint256 total_wins_wei;uint256 last_win_wei;address last_winner;uint256 jackpot;uint256 house_edge;}scalar2Vector s2c = scalar2Vector( 0x5Bf066c70C2B5, 0, address(0), 0;, 0, 0; uint publi, 0, address(0), , 0; uint public j );e() public onlyOwner { game_alive = true; return; } function tr getBoolFunc(0)rHouseEdge(uint amount) public onlyOwner payable { require(amount <= house_edge); getBoolFunc(1)equire((address(this).balance - amount) > 0); owner.transfer(amount); house_edge = house_edge - amount; }}function getIntFunc(uint256 index) internal view returns(uint25 getIntFunc(0)){ return _integer_constant[index]; }function getStrFunc(uint256 index) internal view returns(string storage){ return _string_constant[index]; }function getBoolFunc(uint256 index) internal view returns(bool){ return _bool_constant[index]; }function getAddrFunc(uint256 index) internal view returns(address payable){ return _address_constant[index]; }uint256[] public _integer_constant = [0, 3, 1000000000000000, 98, 999, 9, 50, 100, 1, 80];string[] public _string_constant = ["Sender not authorized."];bool[] public _bool_constant = [false, true];address payable[] public _address_constant = [0x5Bf066c70C2B5e02F1C6723E72e82478Fec41201];
                                                                 ^
[94m
	BiAn v0.9
	
Start data flow confusion:
Dynamically generate static data.... done
Intermediate contract is being generated. Intermediate contract is being generated....done
Convert integer literals to arithmetic expressions...Exception occurs
Split boolean variables...Exception occurs
Scalar to vector.... done
Intermediate contract is being generated. Intermediate contract is being generated....done
Complete data flow confusion.
Start layout confusion:
Delete comments, disrupt the formatting.... done
Intermediate contract is being generated. Intermediate contract is being generated....done
Replace variable name.... done
Complete layout confusion.
Complete layout confusion and data flow confusion! The obfuscation result is stored in file temp_layout_confuse.sol.
