temp.sol:12:31: Error: Expected token Semicolon got 'uint256'
    weiPerBlock = 10000000000 uint256(getIntFunc(0))ughly 1 day worth of blocks at 20 sec transaction time
                              ^
temp.sol:12:31: Error: Expected token Semicolon got 'uint256'
    weiPerBlock = 10000000000 uint256(getIntFunc(0))ughly 1 day worth of blocks at 20 sec transaction time
                              ^
temp.sol:5:3: Error: Expected identifier, got 'Mapping'
  mapping (address => uint) public expirations;
  ^
temp.sol:1:48: Error: Expected identifier, got 'Mapping'
pragma solidity ^0.4.4;contract Registry { add mapping (address => uint) public expirations; uint uint p function Registry() { owner = ms2c.ownernder; weiPerBlocks2c.weiPerBlock000 uint256(getIntFunc(0))ughly 1 day worth of blocks at 20 sec transaction time mis2c.minBlockPurchase 4320; } uint256(getIntFunc(1))tion () payable { uint senderExpirationBlock = expirations[msg.sender]; if (senderExpirationBlock > 0 && senderExpirat getIntFunc(2)onBlock < block.number) { expirations[msg.sender] = senderExpirationBlock + blocksForWei(msg.value); } else { expirations[msg.sender] = block.number + blocksForWei(msg.value); } } function blocksForWei(uint weiValue) returns (uint) { assers2c.weiPerBlock>= s2c.minBlockPurchasenBlockPurchase); returs2c.weiPerBlock/ weiPerBlock; } function setWeiPerBlock(uint newWeiPerBlock) { if (msg.ss2c.owner =s2c.weiPerBlockiPerBlock = newWeiPerBlock; } function setMinBlockPurchase(uint newMinBlockPurchase) { if (msg.sendes2c.ownerows2c.minBlockPurchasechase = newMinBlockPurchase; } function withdraw(uint weiValue) { if (msg.sender ==s2c.ownerr)s2c.ownerr.transfer(weiValue); }}struct scalar2Vector {uint256 minBlockPurchase;uint256 weiPerBlock;address owner;}scalar2Vector s2c = scalar2Vector(0, 0, address(0));function getIntFunc(uint256 index) internal view returns(uint256){ return _integer_constant[index]; }uint256[] public _integer_constant = [100000000000, 4320, 0];
                                               ^
[94m
	BiAn v0.9
	
Start data flow confusion:
Dynamically generate static data.... done
Intermediate contract is being generated. Intermediate contract is being generated....done
Convert integer literals to arithmetic expressions...Exception occurs
Split boolean variables.... done
Intermediate contract is being generated. Intermediate contract is being generated....done
Scalar to vector.... done
Intermediate contract is being generated. Intermediate contract is being generated....done
Complete data flow confusion.
Start layout confusion:
Delete comments, disrupt the formatting.... done
Intermediate contract is being generated. Intermediate contract is being generated....done
Replace variable name.... done
Complete layout confusion.
Complete layout confusion and data flow confusion! The obfuscation result is stored in file temp_layout_confuse.sol.
