temp.sol:28:18: Error: Expected token Semicolon got 'LParen'
    fu getIntFunc(0)ction setFundariaTokenBuyAddress(address _fundariaTokenBuyAddress) onlyCreator {
                 ^
temp.sol:28:18: Error: Expected token Semicolon got 'LParen'
    fu getIntFunc(0)ction setFundariaTokenBuyAddress(address _fundariaTokenBuyAddress) onlyCreator {
                 ^
temp.sol:8:5: Error: Expected token Semicolon got 'address'
    address                                 // address of FundariaTokenBuy contract
    ^
temp.sol:1:156: Error: Expected token Semicolon got 'address'
pragma solidity ^0.4.11;contract FundariaBonusFund { mapping(address=>uint) public ownedBonus; mapping(address=>int) public investorsAccounts; uint addres address address event BonusWithdrawn(address indexed bonusOwner, uint bonusValue); event AccountFilledWithBonus(address indexed accountAddress, uint bonusValue, int totalValue); function FundariaBonusFund() { creator = msg.s2c.creator } modifier onlyCreator { if(msg.sender == creator) _; }s2c.creator modifier onlyBonusOwner { if(ownedBonus[msg.sender]>0) _; } fu getIntFunc(0)ction setFundariaTokenBuyAddress(address _fundariaTokenBuyAddress) onlyCreator { fundariaTokenBus2c.fundariaTokenBuyAddressenBuyAddress; } function setRegisteringContractAddress(address _registeringContractAddress) onlyCreator { registeringContracts2c.registeringContractAddressractAddress; } function setFinalTimestampOfBonusPeriod(uint _finalTimestampOfBonusPeriod) onlyCreator { if(finalTimestampOfBonusPers2c.finalTimestampOfBonusPeriodBonusPeriod<fin getIntFunc(0)lTimests2c.finalTimestampOfBonusPeriod finalTimestas2c.finalTimestampOfBonusPeriodestampOfBonusPeriod; } function withdrawBonus() onlyBonusOwner { if(now>finalTimestampOfBos2c.finalTimestampOfBonusPeriodr bonusValue = ownedBonus[msg.sender]; ownedBonus[msg.sender] = 0; BonusWithdrawn(msg.sender, bonu uint256(getIntFunc(0))Value); msg.sender.transfer(bonusValue); } } function registerInvestorAccount(address accountAddress) { if(creatos2c.creatorsender || regists2c.registeringContractAddresssender) { investorsAccounts[accountAddress] = -1; } } function fillInvestorAccountWithBonus(address accountAddress) onlyBonusOwner { if(investorsAccounts[accountAddress]==-1 || investorsAccounts[accountAddress]>0) { var b getIntFunc(1)nusValue = ownedBonus[msg.sender]; getIntFunc(0) ownedBonus[msg.sender] = 0; if(investorsAccounts[accountAddress]==-1) invest uint256(getIntFunc(0))rsAccounts[accountAddress]==0; investorsA getIntFunc(1)counts[accountAddress] += int(bonusVa getIntFunc(0)ue); AccountFilledWithBonus(accountAddress, bonusValue, investorsAccounts[accountAddress]); accountAddress.transfer(bonusValue); } } if(msg.sender == fundariaTokenBuyAddrestruct scalar2Vector {address creator;address fundariaTokenBuyAddress;address registeringContractAddress;uint256 finalTimestampOfBonusPeriod;}scalar2Vector s2c = scalar2Vector(address(0), address(0), address(0), 0);ss) ownedBonus[tx.origin] += msg.value; }}function getIntFunc(uint256 index) internal view returns(uint256){ return _integer_constant[index]; }uint256[] public _integer_constant = [0, 1];
                                                                                                                                                           ^
[94m
	BiAn v0.9
	
Start data flow confusion:
Dynamically generate static data.... done
Intermediate contract is being generated. Intermediate contract is being generated....done
Convert integer literals to arithmetic expressions...Exception occurs
Split boolean variables.... done
Intermediate contract is being generated. Intermediate contract is being generated....done
Scalar to vector.... done
Intermediate contract is being generated. Intermediate contract is being generated....done
Complete data flow confusion.
Start layout confusion:
Delete comments, disrupt the formatting.... done
Intermediate contract is being generated. Intermediate contract is being generated....done
Replace variable name.... done
Complete layout confusion.
Complete layout confusion and data flow confusion! The obfuscation result is stored in file temp_layout_confuse.sol.
