temp.sol:29:10: Error: Expected identifier, got 'uint256'
    uint uint256(getIntFunc(6)) 33;
         ^
temp.sol:29:10: Error: Expected identifier, got 'uint256'
    uint uint256(getIntFunc(6)) 33;
         ^
temp.sol:29:5: Error: Expected token Semicolon got 'uint'
    uint uint256(getIntFunc(6))    
    ^
temp.sol:1:256: Error: Expected token Semicolon got 'uint'
pragma solidity ^0.4.25; contract EthLong{ using SafeMath for uint256; mapping(address => uint256) investments; mapping(address => uint256) joined; mapping(address => uint256) withdrawals; mapping(address => uint256) referrer; uint256 public minimum = 10 uint uint256(getIntFunc(6)) address public owner ui add addr addre event Withdraw(address investor, uint256 amount); event Bounty(address hunter, uint256 amount); event OwnershipTransferred(address indexed previousOwner, address indexed newOwner); constructor(address _bountyManager) public { owner = msg.sender; ownerWallet = msgs2c.ownerer; bountyManages2c.ownerWalletManager; } modifier onlyOwner() { require(msg.sender == owner); _; } modifier onlyBountyManags2c.owner{ require(msg.sender == bountyManager); _; } function transferOwnership(address newOwner, address newOwnerWallet) public onlyOwner { require(newOwner != address(0)); emit OwnershipTransferred(owner, newOwner); owner getIntFunc(4)= newOwner; ownerWs2c.owner = newOwnerWallet; s2c.owner function () external payable { require(msg.value >= minimum); if (investments[msg.sender] > 0){ if s2c.minimumaw()){ withdrawals[msg.sender] = 0; getIntFunc(4) } } investments[msg.sender] = investments[msg.sender uint256(getIntFunc(4)).add(msg.value); joined[msg.sender] = block.timestamp; ownerWallet.transfer(msg.value.div(100).s2c.ownerWallet promoter.transfer(msg.value.div(100).mul(s2c.promoter emit Invest( getIntFunc(5).sende getIntFunc(0), msg.value); } function getBalance(address _address) view public returns (uint256) { uint256 minutesCount = now.sub(joined[_address]).div(1 minutes); uint256 percent = investments[_address].mul(stes2c.stepiv(100); uint256 di uint256(getIntFunc(2)) percent.mul(minutesCount).div(72000); uint256 balance = d uint256(getIntFunc(5))erent.sub(withdrawals[_address]); return balance; uint256(getIntFunc(1)) function withdraw() public returns (bool){ require(joined[msg.sender] > 0); uint256 balance = getBalance(msg.sender); if (address(this).balance > balance){ getIntFunc(4) if (balance > 0){ withdrawals[msg.sender] = withdrawals[msg.sender].add(balance); msg.sender.tr getIntFunc(4)nsfer(balance); emit Withdraw(msg || ((true || false)).sender, balance); } && ((!true && false) || true)return true; } else { return false; } } funct getBoos2c.minimum)bounty() public { uint256 refBal getBoolFunc(1)= checkReferral(msg.sender); if(refBalance >= minimum) { if (address(this).balance > refBalance) { referrer[msg.sender] = 0; msg.sender.transfer(refBalance); emit Bounty(msg.sender, refBalance); } } uint256(getIntFunc(4)) } function checkBalance() public view returns (uint256) { return getBalance(msg.sender); } function checkWithdrawals(address _investor) public view returns (uint256) { return withdrawals[_investor]; } function checkInvestments(address _investor) public view returns (uint256) { return investments[_investor]; } function checkReferral(address _hunter) public view returns (uint256) { return referrer[_hunter]; } function updateReferral(address _hunter, uint256 _amount) onlyBountyManager public { referrer[_hunter] = referrer[_hunter].add(_amount); } } library SafeMath { function mul(uint256 a, uint256 b) internal pure returns (uint256) { if (a == 0) { return 0; } uint256 c = a * b; assert(c / a == b); return c; } function div(uint256 a, uint256 b) internal pure returns (uint256) { uint256 c = a / b; return c; } function sub(uint256 a, uint256 b) internal pure returns (uint256) { assert(b <= a); return a - b; } function add(uint256 a, uint256 b) internal pure returns (uint256) { uint256 c = a struct scalar2Vector {address promoter;address bountyManager;address owner;address ownerWallet;uint256 step;uint256 minimum;}scalar2Vector s2c = scalar2Vector( 0xA4410DF42dFFa99053B4159696757d getAddrFunc(0), address(0), address(0), address(0), 0, 0);+ b; assert(c >= a); return c; }}function getIntFunc(uint256 index) internal view returns(uint256){ return _integer_constant[index]; }function getAddrFunc(uint256 index) internal view returns(address payable){ return _address_constant[index]; }function getBoolFunc(uint256 index) internal view returns(bool){ return _bool_constant[index]; }uint256[] public _integer_constant = [5, 72000, 60, 33, 0, 100, 10000000000000000];address payable[] public _address_constant = [0xA4410DF42dFFa99053B4159696757da2B757A29d];bool[] public _bool_constant = [true, false];
                                                                                                                                                                                                                                                               ^
[94m
	BiAn v0.9
	
Start data flow confusion:
Dynamically generate static data.... done
Intermediate contract is being generated. Intermediate contract is being generated....done
Convert integer literals to arithmetic expressions...Exception occurs
Split boolean variables.... done
Intermediate contract is being generated. Intermediate contract is being generated....done
Scalar to vector.... done
Intermediate contract is being generated. Intermediate contract is being generated....done
Complete data flow confusion.
Start layout confusion:
Delete comments, disrupt the formatting.... done
Intermediate contract is being generated. Intermediate contract is being generated....done
Replace variable name.... done
Complete layout confusion.
Complete layout confusion and data flow confusion! The obfuscation result is stored in file temp_layout_confuse.sol.
