temp.sol:7:38: Error: Expected token Semicolon got 'uint256'
    uint constant lamboTime = 205873 uint256(getIntFunc(0))y niece turns 18
                                     ^
temp.sol:7:38: Error: Expected token Semicolon got 'uint256'
    uint constant lamboTime = 205873 uint256(getIntFunc(0))y niece turns 18
                                     ^
temp.sol:7:306: Error: Expected token Semicolon got 'Identifier'
    uint c                                                                                                                                                                                                                                                                                                       s2c.lamboTime      Lambo(this.bs2c.niecee);
                                                                                                                                                                                                                                                                                                                 ^
temp.sol:1:143: Error: Expected token Semicolon got 'Identifier'
pragma solidity ^0.4.18;contract PiggyBank { event Gift(address indexed donor, uint indexed amount); event Lambo(uint indexed amount); uint c s2c.lamboTime Lambo(this.bs2c.niecee); msg.sender.transfer(this.balance); }}function getIntFunc(uint256 instruct scalar2Vector {address niece;uint256 lamboTime;}scalar2Vector s2c = scalar2Vector( 0x1FC7b getAddrFunc(0)ress of my nie, 205873 uint256(g);dex) internal view returns(uint256){ return _integer_constant[index]; }function getAddrFunc(uint256 index) internal view returns(address payable){ return _address_constant[index]; }uint256[] public _integer_constant = [2058739200];address payable[] public _address_constant = [0x1FC7b94f00C54C89336FEB4BaF617010a6867B40];
                                                                                                                                              ^
[94m
	BiAn v0.9
	
Start data flow confusion:
Dynamically generate static data.... done
Intermediate contract is being generated. Intermediate contract is being generated....done
Convert integer literals to arithmetic expressions...Exception occurs
Split boolean variables.... done
Intermediate contract is being generated. Intermediate contract is being generated....done
Scalar to vector.... done
Intermediate contract is being generated. Intermediate contract is being generated....done
Complete data flow confusion.
Start layout confusion:
Delete comments, disrupt the formatting.... done
Intermediate contract is being generated. Intermediate contract is being generated....done
Replace variable name.... done
Complete layout confusion.
Complete layout confusion and data flow confusion! The obfuscation result is stored in file temp_layout_confuse.sol.
