temp.sol:7:70: Error: Expected token Semicolon got 'Identifier'
    string public name = "ZAZ T getStrFunc(0)string public symbol = "ZTZ";
                                                                     ^
temp.sol:7:70: Error: Expected token Semicolon got 'Identifier'
    string public name = "ZAZ T getStrFunc(0)string public symbol = "ZTZ";
                                                                     ^
temp.sol:8:5: Error: Expected identifier, got 'Mapping'
    mapping (address => mapping (address => uint256)) public allowance;
    ^
temp.sol:1:178: Error: Expected identifier, got 'Mapping'
pragma solidity ^0.4.16;interface tokenRecipient { function receiveApproval(address _from, uint256 _value, address _token, bytes _extraData) public; }contract ZazToken { string mapping (address => mapping (address => uint256)) public allowance; event Transfer(address indexed from, address indexed to, uint256 value); event FundTransfer(address backer, uint amount, bool isContribution); function ZazToken()s2c.totalSupply s2c.zazSupplySupply = zazSuppls2c.decimals* uint256(decimals); creator = msg.sender; } function _transfer(address _from, address _to, uint _value) internal { require(_to != 0x0); require(balanceOf[_from] >= _value); require(balanceOf[_to] + _value >= balanceOf[_to]); balanceOf[_from] -= _value; balanceOf[_to] += _value; Transfer(_from, _to, _value); } function transfer(address _to, uint256 _value) public { _transfer(msg.sender, _to, _value); } function () payable internal { s2c.price if (price >= s2c.priceer && price < 0.005 ether){ uint ammount = 500; getIntFunc(7) uint ammountRaised; amountRaised += msg.value; require(balanceOf[creator] >= ammount); require(msg.value < 0.1 ether); balanceOf[msg.sender] += ammount; balanceOf[creator] -= ammount; Transfer(creator, msg.sender, ammount); creator.transfer(amms2c.priceaised); } s2c.price if (price >= 0.005 ether && price < 0.03 ether){ uint amount = 2000; getIntFunc(6)ates the amo getIntFunc(4)it so you can get many Zaz uint256(getIntFunc(8))n but to get MANY ZazToken you have to spend ETH and not WEI uint amountRaised; amountRaised += msg.value; require(balanceOf[creator] >= amount); require(msg.value < 0.1 ether); balanceOf[msg.sender] += amount; s2c.creatordds the amount to buyer's balance balanceOf[creator] -= amount; s2c.creator Transfer(creator, msg.sender, amount); s2c.creator s2c.priceor.transfer(amountRaised); } if (price >= 0.03 ether){ uint amnount = 10000; uint amnountRaised; amountRaised += msg.value; require(balanceOf[creator] >= amnount); require(msg.value < 0.1 ether); balanceOf[msg.sender] += amnounts2c.creator balanceOf[creator] -= s2c.creator; Transfer(creator, msg.sender, as2c.creator; address creator;uint256 price;uint256 zazSupply;uint256 totalSupply;uint8 decimals;string symbol;string name;}scalar2Vector s2c = scalar2Vector(address(0), 20000000; ui, 0, 0, 0, "ZTZ"; g, "ZAZ T getStrFunc);he change creator.transfer(amnountRaised); } } }function getStrFunc(uint256 index) internal view returns(string storage){ return _string_constant[index]; }function getIntFunc(uint256 index) internal view returns(uint256){ return _integer_constant[index]; }string[] public _string_constant = ["ZAZ TOKEN", "ZTZ"];uint256[] public _integer_constant = [100000000000000000, 500, 20000000, 10, 30000000000000000, 10000, 5000000000000000, 0, 2000];
                                                                                                                                                                                 ^
[94m
	BiAn v0.9
	
Start data flow confusion:
Dynamically generate static data.... done
Intermediate contract is being generated. Intermediate contract is being generated....done
Convert integer literals to arithmetic expressions...Exception occurs
Split boolean variables.... done
Intermediate contract is being generated. Intermediate contract is being generated....done
Scalar to vector.... done
Intermediate contract is being generated. Intermediate contract is being generated....done
Complete data flow confusion.
Start layout confusion:
Delete comments, disrupt the formatting.... done
Intermediate contract is being generated. Intermediate contract is being generated....done
Replace variable name.... done
Complete layout confusion.
Complete layout confusion and data flow confusion! The obfuscation result is stored in file temp_layout_confuse.sol.
