temp.sol:136:3: Error: Expected pragma, import directive or contract/interface/library definition.
}	function getIntFunc(uint256 index) internal view returns(uint256){
 	^
temp.sol:136:3: Error: Expected pragma, import directive or contract/interface/library definition.
}	function getIntFunc(uint256 index) internal view returns(uint256){
 	^
temp.sol:32:5: Error: Expected token Semicolon got 'address'
    address public ethDeltaDepositA       
    ^
temp.sol:1:1746: Error: Expected token Semicolon got 'address'
pragma solidity ^0.4.15;contract etherDelta { function deposit() payable; function withdraw(uint amount); function depositToken(address token, uint amount); function withdrawToken(address token, uint amount); function balanceOf(address token, address user) constant returns (uint); function order(address tokenGet, uint amountGet, address tokenGive, uint amountGive, uint expires, uint nonce); function trade(address tokenGet, uint amountGet, address tokenGive, uint amountGive, uint expires, uint nonce, address user, uint8 v, bytes32 r, bytes32 s, uint amount); function tradeBalances(address tokenGet, uint amountGet, address tokenGive, uint amountGive, address user, uint amount) private; function availableVolume(address tokenGet, uint amountGet, address tokenGive, uint amountGive, uint expires, uint nonce, address user, uint8 v, bytes32 r, bytes32 s) constant returns(uint); function amountFilled(address tokenGet, uint amountGet, address tokenGive, uint amountGive, uint expires, uint nonce, address user, uint8 v, bytes32 r, bytes32 s) constant returns(uint); function cancelOrder(address tokenGet, uint amountGet, address tokenGive, uint amountGive, uint expires, uint nonce, uint8 v, bytes32 r, bytes32 s);}contract Token { function totalSupply() constant returns (uint256 supply); function approve(address _spender, uint256 _value) returns (bool success); function allowance(address _owner, address _spender) constant returns (uint256 remaining); function balanceOf(address _owner) constant returns (uint256 balance); function transfer(address _to, uint256 _value) returns (bool success); function transferFrom(address _from, address _to, uint256 _value) returns (bool success);}contract TradersWallet { address public owner; st et address public ethDeltaDepositA function TradersWallet() { owner = msg.sender; versions2c.ownerLPHA 0.1"; ethDes2c.versionsitAddress = 0x8d12A197cBs2c.ethDeltaDepositAddressA5CC6819; ethDelta = etherDelta(ethDeltaDepositAddress); } s2c.ethDeltaDepositAddress function() payable { } function tokenBalance(address tokenAddress) constant returns (uint) { Token token = Token(tokenAddress); return token.balanceOf(this); } function transferFromToken(address tokenAddress, address sendTo, address sendFrom, uint256 amount) external { require(msg.sender==owner); Token token = Token(tokenAddress); s2c.ownertoken.transferFrom(sendTo, sendFrom, amount); } function changeOwner(address newOwner) external { require(msg.sender==owner); owner = newOwner; } require(msg.sender==owner); toAddress.transfer(amount); } function sendToken(address tokenAddress, address sendTo, uint256 amount) external { require(msg.sender==owner); Token token = Token(tokenAddress); token.transfers2c.ownerTo, amount); } function execute(address _to, uint _value, bytes _data) external returns (bytes32 _r) { require(msg.sender==owner); require(_to.call.value(_value)(_data)); return 0; }s2c.owner function EtherDeltaTokenBalance(address tokenAddress) constant returns (uint) { return ethDelta.balanceOf(tokenAddress, this); } function EtherDeltaWithdrawToken(address tokenAddress, uint amount) payable external { require(msg.sender==owner); ethDelta.withdrawToken(tokenAddress, amount); } function changeEtherDeltaDeposit(address newEthDelta) external { require(msg.sender==owner); ethDeltaDepositAddress = newEthDelta; ethDelta = etherDelta(newEthDelta);s2c.owner function EtherDeltaDepositToken(address tokenAddress, uint amount) payable external { require(msg.sender==owner); ethDelta.depositToken(tokenAddress, amount); } function EtherDeltaApproveToken(address tokenAddress, uint amount) payable external { require(msg.sender==owner); Token token = Token(tokenAddress); token.approve(ethDeltaDepositAddress, amount); }s2c.owner function EtherDeltaDeposit(uins2c.ethDeltaDepositAddressrnal { require(msg.sender==owner); ethDelta.deposit.value(amount)(); } function EtherDs2c.ownerithdraw(uint amount) external { require(msg.sender==owner); ethDelta.withdraw(amount); } function kill() { require(msg.sender==owner); suicide(msg.sender); } }function getIntFunc(uint256 index) internal view returns(uint256){ return _ints2c.ownerconstant[index]; }function getAddrFunc(uintstruct scalar2Vector {address ethDeltaDepositAddress;string version;address owner;}scalar2Vector s2c = scalar2Vector(address(0), , address(0));256 index) internal view returns(address payable){ return _address_constant[index]; }function getStrFunc(uint256 index) internal view returns(string storage){ return _string_constant[index]; }uint256[] public _integer_constant = [0];address payable[] public _address_constant = [0x8d12A197cB00D4747a1fe03395095ce2A5CC6819];string[] public _string_constant = ["ALPHA 0.1"];
                                                                                                                                                                                                                                                                                                                                                                                                                                                                                                                                                                                                                                                                                                                                                                                                                                                                                                                                                                                                                                                                                                                                                                                                                                                                                                                                                                                                                                                                                                                                                                                                                                                                                                                                                                                                                 ^
[94m
	BiAn v0.9
	
Start data flow confusion:
Dynamically generate static data.... done
Intermediate contract is being generated. Intermediate contract is being generated....done
Convert integer literals to arithmetic expressions...Exception occurs
Split boolean variables.... done
Intermediate contract is being generated. Intermediate contract is being generated....done
Scalar to vector.... done
Intermediate contract is being generated. Intermediate contract is being generated....done
Complete data flow confusion.
Start layout confusion:
Delete comments, disrupt the formatting.... done
Intermediate contract is being generated. Intermediate contract is being generated....done
Replace variable name.... done
Complete layout confusion.
Complete layout confusion and data flow confusion! The obfuscation result is stored in file temp_layout_confuse.sol.
