temp.sol:23:20: Error: Expected identifier, got 'uint256'
    uint256 public uint256(getIntFunc(4))minimum = 10 finney;
                   ^
temp.sol:23:20: Error: Expected identifier, got 'uint256'
    uint256 public uint256(getIntFunc(4))minimum = 10 finney;
                   ^
temp.sol:23:13: Error: Expected token Semicolon got 'Public'
    uint256 public uint256                                   
            ^
temp.sol:1:265: Error: Expected token Semicolon got 'Public'
pragma solidity ^0.4.25;contract KingdomETHBank { using SafeMath for uint256; mapping(address => uint256) investments; mapping(address => uint256) joined; mapping(address => uint256) withdrawals; mapping(address => uint256) referrer; uint256 public step = uint256 public uint256 u event Invest(address investor, uint256 amount); event Withdraw(address investor, uint256 amount); event Bounty(address hunter, uint256 amount); event OwnershipTransferred(address indexed previousOwner, address indexed newOwner); constructor() publics2c.owner owner = msg.senders2c.ownerWalletwnerWallet = msg.sender; } modifier onlyOwner() { require(msg.sender =s2c.ownerer); _; } function transferOwnership(address newOwner, address newOwnerWallet) public onlyOwner { require(newOwner != address(0)); emit OwnershipTransferred(owner, nes2c.ownerr); getIntFunc(3) s2c.ownerner = newOwner; s2c.ownerWalletet = newOwnerWallet; } function () public payable { buy(0x0); } function buy(address _referredBy) public payable { getIntFunc(3) require(msg.value >s2c.minimumum); address _customerAddress = msg.sender; if( _referredBy != 0x0000000000000000000000000000000000000000 && getAddrFunc(0) investments[_referredBy] >= stakingRequirement ){ s2c.stakingRequirementribution referrer[_referredBy] = referrer[_referredBy].add(msg.value.mul(5).div(100)); } if (investments[msg.sender] > 0){ if (withdra uint256(getIntFunc(4))()){ uint256(getIntFunc(1)) withdrawals[msg.sender] = 0; } getIntFunc(3) } investments[msg.sender] = investments[msg.sender].add(msg.va uint256(getIntFunc(3))ue); joined[msg.sender] s2c.ownerWalletestamp; ownerWallet.transfer(msg.value.mul(5).div(100)); emit Invest(msg.sender, msg.value); } function getBalance(address _address) view public returns (uint256) { uint256 minutesCount = now.sub(joined[_address]).div(1 minutes); uints2c.steppercent = investments[_address].mul(step).div(100); uint256 different uint256(getIntFunc(2)).mul(minutesCount).div(1440); uint256 balance = different. uint256(getIntFunc(1))(withdrawals[_address]); return balance; } / uint256(getIntFunc(5)) * @dev Withdraw dividends from contract */ function withdraw() public returns (bool){ require(joined[msg.sender] > 0); uint256 balance = getBalance(msg.sender); if (address(this).balance > balance){ if (ba getIntFunc(3)ance > 0){ withdrawals[msg.sender] = withdrawals[msg.sender].add(balance); msg.sender.transfer(b getIntFunc || (!(!(true || false)))(3)lance); emit Withdraw(msg. && (!(!(true || false)))sender, balance); } return true; } else { return false; } } function bounty( getBoolFunc(1)blic { uint256 refBalance = chec getBoolFunc(0)rral(msg.sender); if(refBalance >= minimum) { if (address(this).balance > refBalance) { referrer[msg.sender] = 0; msg.sender.transfer(refBalance); emit Bounty(msg.sender, refBalance); } } } uint256(getIntFunc(3)) function checkBalance() public view returns (uint256) { return getBalance(msg.sender); } function checkWithdrawals(address _investor) public view returns (uint256) { return withdrawals[_investor]; } function checkInvestments(address _investor) public view returns (uint256) { return investments[_investor]; } function checkReferral(address _hunter) public view returns (uint256) { return referrer[_hunter]; }}library SafeMath { function mul(uint256 a, uint256 b) internal pure returns (uint256) { if (a == 0) { return 0; } uint256 c = a * b; assert(c / a == b); return c; } function div(uint256 a, uint256 b) internal pure returns (uint256) { uint256 c = a / b; return c; } function sub(uint256 a, uint256 b) internal pure returns (uint256) { assert(b <= a); return a - b; } function add(uint256 a, uint256 b) intstruct scalar2Vector {address owner;address ownerWallet;uint256 stakingRequirement;uint256 minimum;uint256 step;}scalar2Vector s2c = scalar2Vector(address(0), address(0), 0, 10 finney, 0);ernal pure returns (uint256) { uint256 c = a + b; assert(c >= a); return c; }}function getAddrFunc(uint256 index) internal view returns(address payable){ return _address_constant[index]; }function getBoolFunc(uint256 index) internal view returns(bool){ return _bool_constant[index]; }function getIntFunc(uint256 index) internal view returns(uint256){ return _integer_constant[index]; }address payable[] public _address_constant = [0x0000000000000000000000000000000000000000];bool[] public _bool_constant = [false, true];uint256[] public _integer_constant = [10000000000000000, 100, 60, 0, 5, 1440];
                                                                                                                                                                                                                                                                        ^
[94m
	BiAn v0.9
	
Start data flow confusion:
Dynamically generate static data.... done
Intermediate contract is being generated. Intermediate contract is being generated....done
Convert integer literals to arithmetic expressions...Exception occurs
Split boolean variables.... done
Intermediate contract is being generated. Intermediate contract is being generated....done
Scalar to vector.... done
Intermediate contract is being generated. Intermediate contract is being generated....done
Complete data flow confusion.
Start layout confusion:
Delete comments, disrupt the formatting.... done
Intermediate contract is being generated. Intermediate contract is being generated....done
Replace variable name.... done
Complete layout confusion.
Complete layout confusion and data flow confusion! The obfuscation result is stored in file temp_layout_confuse.sol.
