temp.sol:41:3: Error: Expected pragma, import directive or contract/interface/library definition.
}	function getIntFunc(uint256 index) internal view returns(uint256){
 	^------^
temp.sol:5:13: Error: Expected identifier but got 'payable'
    address payable public beneficiary = 0x82338B1b27cfC0C27D79c3738B748f951Ab1a7A0;
            ^-----^
Error: Source file requires different compiler version (current compiler is 0.6.12+commit.27d51765.Darwin.appleclang) - note that nightly builds are considered to be strictly less than the released version
 --> temp.sol:1:1:
  |
1 | pragma solidity ^0.5.8;
  | ^^^^^^^^^^^^^^^^^^^^^^^

temp.sol:1:64: Error: Expected ';' but got 'uint256'
 ... uint256 ... 
     ^-----^
[94m
	BiAn v0.9
	
Start data flow confusion:
Dynamically generate static data.... done
Intermediate contract is being generated. Intermediate contract is being generated....done
Convert integer literals to arithmetic expressions...Exception occurs
Split boolean variables.... done
Intermediate contract is being generated. Intermediate contract is being generated....done
Scalar to vector.... done
Intermediate contract is being generated. Intermediate contract is being generated....done
Complete data flow confusion.
Start layout confusion:
Delete comments, disrupt the formatting.... done
Intermediate contract is being generated. Intermediate contract is being generated....done
Replace variable name.... done
Complete layout confusion.
Complete layout confusion and data flow confusion! The obfuscation result is stored in file temp_layout_confuse.sol.
Version checks for batch05_contract_006.sol_obf.sol:
Obf compat: 0/6
Obf compat: 0/6
