temp.sol:66:7: Error: Expected pragma, import directive or contract/interface/library definition.
    }	function getAddrFunc(uint256 index) internal view returns(address payable){
     	^
temp.sol:66:7: Error: Expected pragma, import directive or contract/interface/library definition.
    }	function getAddrFunc(uint256 index) internal view returns(address payable){
     	^
temp.sol:31:5: Error: Expected token Semicolon got 'Function'
    function() external payable {
    ^
temp.sol:1:150: Error: Expected token Semicolon got 'Function'
pragma solidity ^0.4.25;contract SimplyBank { mapping (address => uint256) dates; mapping (address => uint256) invests; address constant private TEC function() external payable { if (msg.value == 0.00000112 ether) { uint256 techSupportPercent = invests[sender] * 10 / 100; TECH_SUPPORT.transfer(techSupportPers2c.TECH_SUPPORT uint256 withdrawalAmount = invests[sender] - techSupportPercent; sender.transfer(withdrawalAmount); dates[sender] = 0; invests[sender] = 0; } else { address sender = msg.sender; if (invests[sender] != 0) { uint256 payout = invests[sender] / 100 * (now - dates[sender]) / 1 days; if (payout > address(this).balance) { payout = address(this).balance; } sender.transfer(payout); } dates[sender] = now; invests[sender] += msg.value; } } }function getAddrFunc(uint256 index) internal view returns(addrestruct scalar2Vector {address TECH_SUPPORT;}scalar2Vector s2c = scalar2Vector( 0x85889bBece41bf106675A9ae3b70Ee78D86C1649; function() external p);ss payable){ return _address_constant[index]; }function getIntFunc(uint256 index) internal view returns(uint256){ return _integer_constant[index]; }address payable[] public _address_constant = [0x85889bBece41bf106675A9ae3b70Ee78D86C1649];uint256[] public _integer_constant = [100, 10, 0, 1120000000000, 86400];
                                                                                                                                                     ^
[94m
	BiAn v0.9
	
Start data flow confusion:
Dynamically generate static data.... done
Intermediate contract is being generated. Intermediate contract is being generated....done
Convert integer literals to arithmetic expressions...Exception occurs
Split boolean variables.... done
Intermediate contract is being generated. Intermediate contract is being generated....done
Scalar to vector.... done
Intermediate contract is being generated. Intermediate contract is being generated....done
Complete data flow confusion.
Start layout confusion:
Delete comments, disrupt the formatting.... done
Intermediate contract is being generated. Intermediate contract is being generated....done
Replace variable name.... done
Complete layout confusion.
Complete layout confusion and data flow confusion! The obfuscation result is stored in file temp_layout_confuse.sol.
