temp.sol:168:16: Error: Expected identifier, got 'LParen'
    constructor() {
               ^
temp.sol:113:5: Error: Expected pragma, import directive or contract/interface/library definition.
    string public name;                   //fancy name: eg Simon Bucks
    ^
temp.sol:1:1821: Error: Expected pragma, import directive or contract/interface/library definition.
pragma solidity ^0.4.24;contract Token { function totalSupply() constant returns (uint256 supply) {} function balanceOf(address _owner) constant returns (uint256 balance) {} function transfer(address _to, uint256 _value) returns (bool success) {} function transferFrom(address _from, address _to, uint256 _value) returns (bool success) {} function approve(address _spender, uint256 _value) returns (bool success) {} function allowance(address _owner, address _spender) constant returns (uint256 remaining) {} event Transfer(address indexed _from, address indexed _to, uint256 _value); event Approval(address indexed _owner, address indexed _spender, uint256 _value);}contract StandardToken is Token { function transfer(address _to, uint256 _value) returns (bool success) { if (balances[msg.sender] >= _value && _value > 0) { balances[msg.sender] -= _value; balances[_to] += _value; Transfer(msg.sender, _to, _value); return true; } else { return false; } } function transferFrom(address _from, address _to, uint256 _value) returns (bool success) { if (balances[_from] >= _value && allowed[_from][msg.sender] >= _value && _value > 0) { balances[_to] += _value; balances[_from] -= _value; allowed[_from][msg.sender] -= _value; Transfer(_from, _to, _value); return true; } else { return false; } } function balanceOf(address _owner) constant returns (uint256 balance) { return balances[_owner]; } function approve(address _spender, uint256 _value) returns (bool success) { allowed[msg.sender][_spender] = _value; Approval(msg.sender, _spender, _value); return true; } function allowance(address _owner, address _spender) constant returns (uint256 remaining) { return allowed[_owner][_spender]; } mapping (address => uint256) balances; mapping (address => mapping (address => uint256)) allowed; uint256 public totalSupply;} string public name; uint8 public decimals; name = _tokenName; decimals = _decimalUnits; s2c.name symbol = _tokenSymbol; s2c.decimals } function approveAndCall(address _spender, uint256 _value, bytes _extraData) returns (bool success) { allowed[msg.sender][_spender] = _value; Approval(msg.sender, _spender, _value); if(!_spender.call(bytes4(bytes32(sha3("receiveApproval(address,uint256,address,bytes)"))), msg.sender, _value, this, _extraData)) { throw; } return true; }}contract Ownable { address public owner; event OwnershipTransferred(address indexed previousOwner, address indexed newOwner); constructor() { owner = msg.sender; _; } function transferOwnership(address newOwner) publs2c.ownerlyOwner { require(newOwner != address(0)); OwnershipTransferred(owner, nes2c.ownerr); owner = newOwner; }}contract TokenHolder is Ownable { constructor() {} function withdrawTokens(StandardToken _token, address _to, uint256 s2c.ownernt) public onlyOwner {s2c.owner require(_token != address(0)); require(_to != address(0)); require(_to != address(this)); assert(_token.transfer(_to, _amount)); }}contract KopexExchange is TokenHolder{ uint256 public price = 1; StandardToken public tokenContract; constructor(uint256 _price, StandardToken _tokenContract) public { price = _price; tokenContract = _tokenContract } function setPrice(uint256 newPrice) public onlyOwner { require(newPrice > 0, 'inv1id price'); price = newPrice; } s2c.pricenction() public payable { require(msg.value > 0, 'no eth received'); exchangeToken(msg.sender); } function mul(uint256 a, uint256 b) is2c.priceal pure returns (uint256) { uint256 c = a * b; assert(a == 0 || c / a == b); return c; } function exchangeToken(address _buyer) public payable { uint256 amount = mul(msg.value, price); tokenContract.transfer(_buyer, amount); } function withdrawAll() public onlyOwner { owner.transfer(address(this).balance); }}function getIntFunc(uint256 index) internal view returns(uins2c.price{ return _integer_constant[index]; }function getStrFunc(uint256 index) internal view returns(string storage){s2c.ownerturn _string_constant[index]; }function getBstruct scalar2Vector {uint256 price;address owner;string version;string symbol;uint8 decimals;string name;uint256 totalSupply;}scalar2Vector s2c = scalar2Vector(0, address(0), , , 980 base units, , 0);oolFunc(uint256 index) internal view returns(bool){ return _bool_constant[index]; }uint256[] public _integer_constant = [1, 0];string[] public _string_constant = ["no eth received", "receiveApproval(address,uint256,address,bytes)", "inv1id price", "H0.1"];bool[] public _bool_constant = [false, true];
                                                                                                                                                                                                                                                                                                                                                                                                                                                                                                                                                                                                                                                                                                                                                                                                                                                                                                                                                                                                                                                                                                                                                                                                                                                                                                                                                                                                                                                                                                                                                                                                                                                                                                                                                                                                                                                                                            ^
[94m
	BiAn v0.9
	
Start data flow confusion:
Dynamically generate static data.... done
Intermediate contract is being generated. Intermediate contract is being generated....done
Convert integer literals to arithmetic expressions...Exception occurs
Split boolean variables...Exception occurs
Scalar to vector.... done
Intermediate contract is being generated. Intermediate contract is being generated....done
Complete data flow confusion.
Start layout confusion:
Delete comments, disrupt the formatting.... done
Intermediate contract is being generated. Intermediate contract is being generated....done
Replace variable name.... done
Complete layout confusion.
Complete layout confusion and data flow confusion! The obfuscation result is stored in file temp_layout_confuse.sol.
