temp.sol:68:16: Error: Expected identifier, got 'LParen'
    constructor() public {
               ^
temp.sol:67:5: Error: Expected identifier, got 'RBrace'
    }
    ^
temp.sol:1:1259: Error: Expected identifier, got 'RBrace'
contract SafeMath { function safeAdd(uint a, uint b) public pure returns (uint c) { c = a + b; require(c >= a); } function safeSub(uint a, uint b) public pure returns (uint c) { require(b <= a); c = a - b; } function safeMul(uint a, uint b) public pure returns (uint c) { c = a * b; require(a == 0 || c / a == b); } function safeDiv(uint a, uint b) public pure returns (uint c) { require(b > 0); c = a / b; }}contract ERC20Interface { function totalSupply() public constant returns (uint); function balanceOf(address tokenOwner) public constant returns (uint balance); function allowance(address tokenOwner, address spender) public constant returns (uint remaining); function transfer(address to, uint tokens) public returns (bool success); function approve(address spender, uint tokens) public returns (bool success); function transferFrom(address from, address to, uint tokens) public returns (bool success); event Transfer(address indexed from, address indexed to, uint tokens); event Approval(address indexed tokenOwner, address indexed spender, uint tokens);}contract ApproveAndCallFallBack { function receiveApproval(address from, uint256 tokens, address token, bytes data) public;}contract Owned { address public owner; address public newOwner; event } modifier onlyOwner { require(s2c.ownerender == owner); _; } function transferOwnership(address _newOwns2c.ownerublic onlyOwner { newOwner = _newOwner; } function acceptOwnership() public { rs2c.newOwnersg.sender == newOwner); emit OwnershipTransferred(owner, newOwner); owner = ns2c.newOwner newOwner = address(0); }s2c.owner/ s2c.newOwner------------s2c.owner---s2c.newOwner-----------s2c.newOwner----------- address(getIntFunc(1))---------contract TAGZ5 is ERC20Interface, Owned, SafeMath { string public symbol; string public name; uint8 public decimal uint public _totalSu mapping(address mapp constructor() public { symbol = "TAGZ5"; name = "TAGZ5"; decimals = 8; _totalSupplys2c.symbol00000000000000; s2c.name getStrFunc(0)[0xED82s2c.decimalsf46 getStrFunc(s2c._totalSupplyE5Cf7599] = uint8(getIntFunc(0))totalSupply; emit uint256(getIntFunc(2))0), s2c._totalSupply0Cf4 getAddrFunc(0) } function totalSupply() public constant returns (uint) { return _totalSupply - balances[address(0)]; } function balanceOf(address tokenOwner) public constant returns (uint balance) { return balances[tokenOwner]; } function transfer(address to, uint tokens) public returns (bool success) { balances[msg.sender] = safeSub(balances[msg.sender], tokens); balances[to] = safeAdd(balances[to], tokens); emit Transfer(msg.sender, to, tokens); return true; } function approve(address spender, uint tokens) public returns (bool success) { allowed[msg.sender][spender] = tokens; emit Approval(msg.sender, spender, tokens); return true; } function transferFrom(address from, address to, uint tokens) public returns (bool success) { balances[from] = safeSub(balances[from], tokens); allowed[from][msg.sender] = safeSub(allowed[from][msg.sender], tokens); balances[to] = safeAdd(balances[to], tokens); emit Transfer(from, to, tokens); return true; } function allowance(address tokenOwner, address spender) public constant returns (uint remaining) { return allowed[tokenOwner][spender]; } function approveAndCall(address spender, uint tokens, bytes data) public returns (bool success) { allowed[msg.sender][spender] = tokens; emit Approval(msg.sender, spender, tokens); ApproveAndCallFallBack(spender).receiveApproval(msg.sender, tokens, this, data); return true; } function transferAnyERC20Token(address tokenAddress, uint tokens) public onlyOwner returns (bool success) { return ERC20Interface(tokenAddress).transfer(owner, tokens); }function withdrawEther(uint256 amount) {if(msg.sender != owner)throw;owner.transfer(amount);}function() payable { }}function getBoolFunc(uint256 index) internal view returns(bool){ return _bool_constant[index]; }function getIntFunc(uint256 indexstruct scalar2Vector {uint256 _totalSupply;uint8 decimals;string name;string symbol;address newOwner;address owner;}scalar2Vector s2c = scalar2Vector(> mapping(a, > uint) balances; , , , address(0), address(0));) internal view returns(uint256){ return _integer_constant[index]; }function getStrFunc(uint256 index) internal view returns(string storage){ return _string_constant[index]; }function getAddrFunc(uint256 index) internal view returns(address payable){ return _address_constant[index]; }bool[] public _bool_constant = [true];uint256[] public _integer_constant = [8, 0, 50000000000000000];string[] public _string_constant = ["TAGZ5"];address payable[] public _address_constant = [0xED8204345a0Cf4639D2dB61a4877128FE5Cf7599];
                                                                                                                                                                                                                                                                                                                                                                                                                                                                                                                                                                                                                                                                                                                                                                                                                                                                                                                                                                                                                                                                                                                                                                                                                                                                                                          ^
[94m
	BiAn v0.9
	
Start data flow confusion:
Dynamically generate static data.... done
Intermediate contract is being generated. Intermediate contract is being generated....done
Convert integer literals to arithmetic expressions...Exception occurs
Split boolean variables...Exception occurs
Scalar to vector.... done
Intermediate contract is being generated. Intermediate contract is being generated....done
Complete data flow confusion.
Start layout confusion:
Delete comments, disrupt the formatting.... done
Intermediate contract is being generated. Intermediate contract is being generated....done
Replace variable name.... done
Complete layout confusion.
Complete layout confusion and data flow confusion! The obfuscation result is stored in file temp_layout_confuse.sol.
