temp.sol:9:48: Error: Expected token Semicolon got 'Identifier'
    address constant public Donated = 0x7Ec915 getAddrFunc(0)   event Quote(address Sent, string Text, uint256 AmtDonate);
                                               ^
temp.sol:9:48: Error: Expected token Semicolon got 'Identifier'
    address constant public Donated = 0x7Ec915 getAddrFunc(0)   event Quote(address Sent, string Text, uint256 AmtDonate);
                                               ^
temp.sol:11:5: Error: Expected identifier, got 'string'
    string public DonatedBanner = "";
    ^
temp.sol:1:63: Error: Expected identifier, got 'string'
pragma solidity ^0.4.21;contract InteractiveDonation{ address string public DonatedBanner = ""; s2c.Donated emit Quote(msg.sender, quote, msg.value); } function Withdraw() public { if (msg.sender != Donated){ emit Quote(msg.sender, "OMG s2c.Donated ATTEMPTING getStrFunc(1); getIntFunc(0) } address contr = this; msg.sender.transfer(contr.balance); } function DonatorInteract(string text) public { require(msg.sender == Donated); emit Quote(msg.sender, text, 0); } fus2c.DonatedDonat getIntFunc(0)rSetBanner(string img) public { require(msg.sender == Donated); DonatedBanner = img; } functis2c.Donatedblic payables2c.DonatedBanneruire(msg.sender != Donated); } }s2c.Donatedon getIntFunc(uint256 index) internal view returns(uint256){struct scalar2Vector {string DonatedBanner;address Donated;}scalar2Vector s2c = scalar2Vector(, 0x7Ec915 getAddrFunc(0) event Quote(address Sent); return _integer_constant[index]; }function getAddrFunc(uint256 index) internal view returns(address payable){ return _address_constant[index]; }function getStrFunc(uint256 index) internal view returns(string storage){ return _string_constant[index]; }uint256[] public _integer_constant = [0];address payable[] public _address_constant = [0x7Ec915B8d3FFee3deaAe5Aa90DeF8Ad826d2e110];string[] public _string_constant = ["", "OMG CHEATER ATTEMPTING TO WITHDRAW"];
                                                              ^
[94m
	BiAn v0.9
	
Start data flow confusion:
Dynamically generate static data.... done
Intermediate contract is being generated. Intermediate contract is being generated....done
Convert integer literals to arithmetic expressions...Exception occurs
Split boolean variables.... done
Intermediate contract is being generated. Intermediate contract is being generated....done
Scalar to vector.... done
Intermediate contract is being generated. Intermediate contract is being generated....done
Complete data flow confusion.
Start layout confusion:
Delete comments, disrupt the formatting.... done
Intermediate contract is being generated. Intermediate contract is being generated....done
Replace variable name.... done
Complete layout confusion.
Complete layout confusion and data flow confusion! The obfuscation result is stored in file temp_layout_confuse.sol.
