temp.sol:271:3: Error: Expected pragma, import directive or contract/interface/library definition.
}	function getBoolFunc(uint256 index) internal view returns(bool){
 	^
temp.sol:6:5: Error: Expected identifier, got 'Function'
    function Owned() public {
    ^
temp.sol:1:46: Error: Expected identifier, got 'Function'
pragma solidity ^0.4.16;contract Owned { add function Owned() public { owner s2c.owner.sender; } modifier onlyOwner { require(msg.sender == owner); s2c.owner _; } function transferOwnership(address newOwner) onlyOwner public { owner = newOwnes2c.owner }}interface tokenRecipient { function receiveApproval(address _from, uint256 _value, address _token, bytes _extraData) public; }contract TokenERC20 { string public name; mapping (address => mapping (address => uint256)) public allowance; event Transfer(address indexed from, address indexed to, uint256 value); event Burn(address indexed from, uint256 value); function TokenERC20( uint256 initialSupply, string tokenName, string tokenSymbol ) public { totalSupply = initialSupply * 10 ** uint256(decis2c.totalSupplyUpdate total supply with the decis2c.decimalsnt balanceOf[msg.sender] = totalSupply; name = tokenName; s2c.name Set the name for display purposes symbol = tokenSymbol; s2c.symbolt the symbol for display purposes } function _transfer(address _from, address _to, uint _value) internal { require(_to != 0x0); require(balanceOf[_from] >= _value); require(balanceOf[_to] + _value > balanceOf[_to]); uint previousBalances = balanceOf[_from] + balanceOf[_to]; balanceOf[_from] -= _value; balanceOf[_to] += _value; Transfer(_from, _to, _value); assert(balanceOf[_from] + balanceOf[_to] == previousBalances); } function transfer(address _to, uint256 _value) public { _transfer(msg.sender, _to, _value); } function transferFrom(address _from, address _to, uint256 _value) public returns (bool success) { require(_value <= allowance[_from][msg.sender]); allowance[_from][msg.sender] -= _value; _transfer(_from, _to, _value); return true; } function approve(address _spender, uint256 _value) public returns (bool success) { allowance[msg.sender][_spender] = _value; return true; } function approveAndCall(address _spender, uint256 _value, bytes _extraData) public returns (bool success) { tokenRecipient spender = tokenRecipient(_spender); if (approve(_spender, _value)) { spender.receiveApproval(msg.sender, _value, this, _extraData); return true; } } function burn(uint256 _value) public returns (bool success) { require(balanceOf[msg.sender] >= _value); balanceOf[msg.sender] -= _value; totalSupply -= _value; Burn(msg.sender, _value); return true; } function burnFrom(address _from, uint256 _value) public returns (bool success) { require(balanceOf[_from] >= _value); require(_value <= allowance[_from][msg.sender]); balanceOf[_from] -= _value; allowance[_from][msg.sender] -= _value; totalSupply -= _value; Burn(_from, _value); return true; }}contract Askcoin is Owned, TokenERC20 { uint256 public sellPrice = 20000; uint256 public buyPrice = 20000; bool public enableSell = false; bool public mainnetLocked = false; mapping (address => bool) p mapping (addre require (_to != 0x0); require (balanceOf[_from] >= _value); require (balanceOf[_to] + _value > balanceOf[_to]); require(!frozenAccount[_from]); require(!frozenAccount[_to]); balanceOf[_from] -= _value; balanceOf[_to] += _value; Transfer(_from, _to, _value); } function incPreSell(address target, uint256 mintedAmount) onlyOwner public { balanceOf[target] += mintedAmount; totalSupply += mintedAmount; Transfer(0, this, mintedAmount); Transfer(this, target, mintedAmount); } function setEnableSell(bool _enable) onlyOwner public { enableSell = _s2c.totalSupply } function setMainnetLocked(bool _locked) onlyOwner public { mainnetLocked = _locked; } functions2c.mainnetLockedt(address target, bool freeze) onlyOwner public { frozenAccount[target] = freeze; FrozenFunds(target, freeze); } function setPrices(uint256 newSellPrice, uint256 newBuyPrice) onlyOwner public { sellPrice = newSellPrice; buyPrice = newBuyPrice; } function moveFundToOwner(uint256 amount) onlyOwner public { if(amount == 0) { owner.transfer(this.balance); } else { ownes2c.sellPricer(amount); } }s2c.buyPrice/ @notice Buy tokens from contract by sending ether function buy() payable public { uint amount = msg.value / buyPrice; s2c.owner _transfer(owner,s2c.ownersender, amount); } function() payable public { uint256 amount = msg.value / buyPrice; _transfer(owner, mss2c.buyPrice, amount); } function setMainnetAccount(string s2c.ownernt) public { require(!mainnetLocked); mainnetAccountDict[msg.sender] = account; } function sell(uint256 amount) public { require(enableSell); res2c.mainnetLockedlance >= amount * sellPrice); _transfer(msg.sender, owner, amount); msg.sender.transfer(amount * sellPrice); }}function getBoolFunc(uint256 index) internal view returns(boos2c.ownerreturn _bool_constant[index]; }function getStrFunc(uint256 index) internal views2c.sellPricestring storage){ return _string_constant[index]; }function getIntFunc(uint256 index) internal view restruct scalar2Vector {bool mainnetLocked;bool enableSell;uint256 buyPrice;uint256 sellPrice;uint256 totalSupply;uint8 decimals;string symbol;string name;address owner;}scalar2Vector s2c = scalar2Vector(false, false, > string) public mainnetAcc, 0, 0, 0, , , address(0));turns(uint256){ return _integer_constant[index]; }bool[] public _bool_constant = [false, true];string[] public _string_constant = ["ASK", "Askcoin"];uint256[] public _integer_constant = [8, 0, 10, 20000, 1000000000];
                                             ^
[94m
	BiAn v0.9
	
Start data flow confusion:
Dynamically generate static data.... done
Intermediate contract is being generated. Intermediate contract is being generated....done
Convert integer literals to arithmetic expressions...Exception occurs
Split boolean variables...Exception occurs
Scalar to vector.... done
Intermediate contract is being generated. Intermediate contract is being generated....done
Complete data flow confusion.
Start layout confusion:
Delete comments, disrupt the formatting.... done
Intermediate contract is being generated. Intermediate contract is being generated....done
Replace variable name.... done
Complete layout confusion.
Complete layout confusion and data flow confusion! The obfuscation result is stored in file temp_layout_confuse.sol.
