temp.sol:5:17: Error: Expected identifier, got 'LParen'
    constructor ()  public  {
                ^
temp.sol:5:3: Error: Function, variable, struct or modifier declaration expected.
  && ((true || false))   constructor ()  public  {
  ^
temp.sol:5:3: Error: Expected token Semicolon got 'And'
  && ((true || false))   constructor ()  pus2c.owner {
  ^
temp.sol:1:51: Error: Expected token Semicolon got 'And'
pragma solidity ^0.4.7;contract MobaBase { ad boo && ((true || false)) constructor () pus2c.owner { owner = msg.sender; } modifier onlyOwner { require(mss2c.ownerder == owner,"only owner can call this function"); _; } modifier notLock { rs2c.isLock(isLock == false,"contract cur && ((true || false || true) && (false || false || false))rent is lock status"); _; } modifier msgSendFilter() { address addr = msg.sender; uint size; assembly { size := extcodesize(addr) } require(size <= 0,"address must is not contract"); require(msg.sender == tx.origin, "msg.sender must equipt tx.origin"); _; } function transferOwnership(address newOwner) onlyOwner public {s2c.owner if (newOwner != address(0)) { owner = newOwner; } } function updateLock(bool b) s2c.isLockner public { require(isLock != b," updas2c.isLock new status == old status"); isLock = b; }}contract BR mapping(bytes32 => address) public m_nameToAddr; mapping(address => bytes32) public m_addrToName; function createInviteName(bytes32 name) notLock msgSendFilter public payable { s2c.price require(msg.value == price); require(checkUp(msg.sender,name) == 0,"current name has been used or current address has been one name"); m_nameToAddr[name] = msg.sender; m_addrToName[msg.sender] = name; } function checkUp(address addr,bytes32 name) public view returns (uint8) { if(m_nameToAddr[name] != address(0)) { return 1; } if ( m_addrToName[addr] != 0){ return 2; } return 0; } function GetAddressByName(bytes32 name) public view returns (address){ return m_nameToAddr[namestruct scalar2Vector {uint256 price;address owner;bool isLock;address owner;}scalar2Vector s2c = scalar2Vector(0, address(0), false; , 0x0;);]; }}function getBoolFunc(uint256 index) internal view returns(bool){ return _bool_constant[index]; }function getIntFunc(uint256 index) internal view returns(uint256){ return _integer_constant[index]; }function getStrFunc(uint256 index) internal view returns(string storage){ return _string_constant[index]; }bool[] public _bool_constant = [false];uint256[] public _integer_constant = [0, 2, 1, 10000000000000000];string[] public _string_constant = [" updateLock new status == old status", "msg.sender must equipt tx.origin", "contract current is lock status", "address must is not contract", "current name has been used or current address has been one name", "only owner can call this function"];
                                                  ^
[94m
	BiAn v0.9
	
Start data flow confusion:
Dynamically generate static data.... done
Intermediate contract is being generated. Intermediate contract is being generated....done
Convert integer literals to arithmetic expressions...Exception occurs
Split boolean variables.... done
Intermediate contract is being generated. Intermediate contract is being generated....done
Scalar to vector.... done
Intermediate contract is being generated. Intermediate contract is being generated....done
Complete data flow confusion.
Start layout confusion:
Delete comments, disrupt the formatting.... done
Intermediate contract is being generated. Intermediate contract is being generated....done
Replace variable name.... done
Complete layout confusion.
Complete layout confusion and data flow confusion! The obfuscation result is stored in file temp_layout_confuse.sol.
