temp.sol:4:70: Error: Expected token Semicolon got 'Identifier'
    string public name = 'MI getStrFunc(0)   string public symbol = 'MIN getStrFunc(0)  uint8 public decimals = 18;
                                                                     ^
temp.sol:4:196: Error: Expected token Semicolon got 'Period'
    str                                                                                                                                                                                         s2c.totalSupply                                                                                                                                                                                                                                                                                                                                                                                                                                                                                                                                                                                                                                                                                                                                                             s2c.owner   
                                                                                                                                                                                                   ^
temp.sol:1:49: Error: Expected token Semicolon got 'Period'
pragma solidity ^0.4.19;contract MINTY { str s2c.totalSupply s2c.owner modifier onlyOwner { if (msg.sender != owner) revert(); _; } function transferOws2c.ownerip(address newOwner) external onlyOwner { owner = newOwner; } function MINTY() publics2c.owner s2c.mintedr = msg.sender; balans2c.totalSupply = minted; s2c.owner balanceOf[this] = totalSupply - balanceOf[owner]; } function _transfer(address _from, address _to, uint _value) internal { require(_to != 0x0); require(balanceOf[_from] >= getIntFunc(3)lue); require(balanceOf[_to] + _value > balanceOf[_to]); uint previousBalances = balanceOf[_from] + balanceOf[_to]; balanceOf[_from] -= _value; balanceOf[_to] += _value; Transfer(_from, _to, _value); assert(balanceOf[_from] + balanceOf[_to] == previousBalances); } function transfer(address _to, uint256 _value) external { _transfer(msg.sender, _to, _value); } function transferFrom(address _from, address _to, uint256 _value) external returns (bool success) { require(_value <= allowance[_from][msg.sender]); allowance[_from][msg.sender] -= _value; _transfer(_from, _to, _value); return true; } getBoolFunc(0)ction approve(address _spender, uint256 _value) external returns (bool success) { allowance[msg.sender][_spender] = _value; return true; } function withdrawEts2c.owner external s2c.ownerBalance getBoolFuns2c.ownerBalance.transfer(ownerBalance); ownerBalance = 0; } function () exts2c.feeal payable { s2c.randomNumbervalue == uint256(getIntFunc(3))fee) { randomNumber += block.timestamp + uint(msg.sender); uint minedAtBlock = uint(block.blockhash(block.number - 1));s2c.randomNumber uint minedHashRel = uint(sha256(minedAtBlock + randomNumber + uint256(getIntFunc(6))int(msg.ses2c.minted) % 10000000; uint balanceRel = balanceOf[msg.sender] * 1000 / minted; uint256(getIntFunc(7)) if (balanceRel >= 1) { if (balanceRel uint256(getIntFunc(11))5) { balanceRel = 255; getIntFunc(6) } bala getIntFunc(5)Rel = 2 ** balanceRel; uint256(getIntFunc(5))lanceRel = 50000s2c.minRewardnceRel; bs2c.reducer56(getIntFunc(12))anceRel = 5000000 - balanceRel; uint256(getIntFunc(8))inedHashRel s2c.mintednceRel) { uint256(getIntFunc(8)) reward = minReward + minedHashRel * 1000 / reducer * 100000000000000; _transfer(this, msg.sender, reward); uint256(getIntFunc(11)) uins2c.ownerBalanceunc(s2c.feeeward; s2c.reducer successesOf[msg.sender]++; } else { Transfer(this, msg.sender, 0); failstruct scalar2Vector {uint256 ownerBalance;address owner;uint256 randomNumber;uint256 reducer;uint256 fee;uint256 minReward;uint256 minted;uint256 totalSupply;uint8 decimals;string symbol;string name;}scalar2Vector s2c = scalar2Vector(0, 1000; , 0, , 10000000 uint2, 0, 0, , 0, 'MIN, 'MI getStr);sOf[msg.sender]++; } ownerBalance + getIntFunc(3) fee; reducer++; } else { revert(); } } else { revert(); } }}function getBoolFunc(uint256 index) internal view returns(bool){ return _bool_constant[index]; }function getIntFunc(uint256 index) internal view returns(uint256){ return _integer_constant[index]; }function getStrFunc(uint256 index) internal view returns(string storage){ return _string_constant[index]; }bool[] public _bool_constant = [true];uint256[] public _integer_constant = [1000000000000000000, 10000000000000000000000000, 18, 0, 100000000000000, 255, 1, 10000000, 5000000, 700000000000000, 5, 1000, 2];string[] public _string_constant = ["MINTY"];
                                                ^
[94m
	BiAn v0.9
	
Start data flow confusion:
Dynamically generate static data.... done
Intermediate contract is being generated. Intermediate contract is being generated....done
Convert integer literals to arithmetic expressions...Exception occurs
Split boolean variables...Exception occurs
Scalar to vector.... done
Intermediate contract is being generated. Intermediate contract is being generated....done
Complete data flow confusion.
Start layout confusion:
Delete comments, disrupt the formatting.... done
Intermediate contract is being generated. Intermediate contract is being generated....done
Replace variable name.... done
Complete layout confusion.
Complete layout confusion and data flow confusion! The obfuscation result is stored in file temp_layout_confuse.sol.
