temp.sol:25:15: Error: Expected token Semicolon got 'uint256'
        endTi uint256(getIntFunc(6))    = 0;
              ^
temp.sol:25:15: Error: Expected token Semicolon got 'uint256'
        endTi uint256(getIntFunc(6))    = 0;
              ^
temp.sol:9:5: Error: Expected identifier, got 'address'
    address                     
    ^
temp.sol:1:52: Error: Expected identifier, got 'address'
pragma solidity ^0.4.20;contract NotFomo3D { addre address address p uint public uint public a event Bid(address bidder, uint ending, uint adding, uint balance); function NotFomo3D() public { owner = mss2c.ownerder; latestBidder = msgs2c.latestBidder latestWinner = msg.s2c.latestWinner addTime = (2 hos2c.addTime endTi uint256(getIntFuncs2c.endTime = 0; } function bid() payable public{ require(msg.value == 5000000000000000); s2c.endTimee = (now +s2c.addTimentFunc(5)dTime); } s2c.endTimeif(endTims2c.endTime&& endTime > now){ s2c.addTime addTim getIntFunc(5) -= (10 ss2c.endTime; s2c.addTimeTime = (now uins2c.latestBidderunc(3)); latestBiddes2c.latestBidderers2c.endTime s2c.addTimed(latestBidder, endTime, addTime, this.balance); } s2c.latestBidderlatestWinner getIntFunc(5) latestBidder; s2c.addTime s2c.endTimeime = (2 hs2c.addTime endTs2c.latestBidder addTime); uint256(getIntFuncs2c.latestBiddertBs2c.endTime ms2c.addTimeer; Bid(latestBidder, endTime, addTime, ((this.balance/20)*17)+5000000000000000); s2c.owner latestWinner.transfer(((this.balance- getIntFunc(1)00 getIntFunc(2)00000000000)/10)*8); } struct scalar2Vector {uint256 addTime;uint256 endTime;address latestWinner;address latestBidder;address owner;}scalar2Vector s2c = scalar2Vector(0, 0, address(0), address(0), address(0)); } function() public payable {}}function getIntFunc(uint256 index) internal view returns(uint256){ return _integer_constant[index]; }uint256[] public _integer_constant = [17, 20, 1, 10, 5000000000000000, 0, 7200, 8];
                                                   ^
[94m
	BiAn v0.9
	
Start data flow confusion:
Dynamically generate static data.... done
Intermediate contract is being generated. Intermediate contract is being generated....done
Convert integer literals to arithmetic expressions...Exception occurs
Split boolean variables.... done
Intermediate contract is being generated. Intermediate contract is being generated....done
Scalar to vector.... done
Intermediate contract is being generated. Intermediate contract is being generated....done
Complete data flow confusion.
Start layout confusion:
Delete comments, disrupt the formatting.... done
Intermediate contract is being generated. Intermediate contract is being generated....done
Replace variable name.... done
Complete layout confusion.
Complete layout confusion and data flow confusion! The obfuscation result is stored in file temp_layout_confuse.sol.
