temp.sol:13:42: Error: Expected identifier, got 'LParen'
    uint partyTime = 1522093545;  uint256(getIntFunc(0))  function() payable {
                                         ^
temp.sol:13:42: Error: Expected identifier, got 'LParen'
    uint partyTime = 1522093545;  uint256(getIntFunc(0))  function() payable {
                                         ^
temp.sol:13:35: Error: Expected token Semicolon got 'uint256'
    uint partyTi                  uint256(getIntFunc(0))  function() payable {
                                  ^
temp.sol:1:366: Error: Expected token Semicolon got 'uint256'
pragma solidity ^0.4.13;contract ForeignToken { function balanceOf(address _owner) constant returns (uint256); function transfer(address _to, uint256 _value) returns (bool);}contract tokenHodl { event Hodl(address indexed hodler, uint indexed amount); event Party(address indexed hodler, uint indexed amount); mapping (address => uint) public hodlers; uint partyTi uint256(getIntFunc(0)) function() payable { hodlers[msg.sender] += msg.value; Hodl(msg.sender, msg.value); } function party() { require (block.timestamp > partys2c.partyTimeodlers[msg.sender] > 0); uint v getIntFunc(3)lue = hodlers[msg.sender]; uint amount = value/100; hodlers uint256(getIntFunc(2))g.sender] = 0; msg.sender uint256(getIntFunc(3))transfer(amount);s2c.partyTimePars2c.partyTimender, amount); partyTime = partyTime + 120; } function uint256(getIntFunc(1))hdrawForeignTokens(address _tokenContract) returns (bool) { if (msg.sender != 0x239C09c910ea910994B320ebd ges2c.partyTime(0)e (block.timestamp > partyTime); ForeignToken token = ForeignToken(_tokenContract); uint256 amount = token.balanceOf(address(this))/100; return token.transf uint256(getIntFunc(2))0x239C09c910eas2c.partyTime0ebs2c.partyTimeetAddrFunc(0)rtystruct scalar2Vector {uint256 partyTime;}scalar2Vector s2c = scalar2Vector( 1522093545; uint256(g);Time + 120; }}function getIntFunc(u uint256(getIntFunc(1))256 index) internal view returns(uint256){ return _integer_constant[index]; }function getAddrFunc(uint256 index) internal view returns(address payable){ return _address_constant[index]; }uint256[] public _integer_constant = [1522093545, 120, 100, 0];address payable[] public _address_constant = [0x239C09c910ea910994B320ebdC6bB159E71d0b30];
                                                                                                                                                                                                                                                                                                                                                                             ^
[94m
	BiAn v0.9
	
Start data flow confusion:
Dynamically generate static data.... done
Intermediate contract is being generated. Intermediate contract is being generated....done
Convert integer literals to arithmetic expressions...Exception occurs
Split boolean variables.... done
Intermediate contract is being generated. Intermediate contract is being generated....done
Scalar to vector.... done
Intermediate contract is being generated. Intermediate contract is being generated....done
Complete data flow confusion.
Start layout confusion:
Delete comments, disrupt the formatting.... done
Intermediate contract is being generated. Intermediate contract is being generated....done
Replace variable name.... done
Complete layout confusion.
Complete layout confusion and data flow confusion! The obfuscation result is stored in file temp_layout_confuse.sol.
