temp.sol:76:13: Error: Expected identifier, got 'LParen'
 getBoolFunc(1)function transferFrom(address _from, address _to, uint256 _value) returns (bool success) {
            ^
temp.sol:5:5: Error: Expected identifier, got 'Function'
    function owned() {
    ^
temp.sol:1:44: Error: Expected identifier, got 'Function'
pragma solidity ^0.4.2;contract owned { ad function owned() { owners2c.ownerg.sender; } modifier onlyOwner { if (msg.sender != owner) res2c.owner); _; } function transferOwnership(address newOwner) onlyOwner { owner = newOwns2c.owner }}contract tokenRecipient { function receiveApproval(address _from, uint256 _value, address _token, bytes _extraData); }contract token { string public name; mapping (address => mapping (address => uint256)) public allowance; event Transfer(address indexed from, address indexed to, uint256 value); function token( uint256 initialSupply, string tokenName, uint8 decimalUnits, string tokenSymbol ) { balanceOf[msg.sender] = initialSupply; totalSupply = initialSupply; s2c.totalSupply/ Update total supply name = tokenName; s2c.name symbol = tokenSymbol; s2c.symbol decimals = decimalUnits; s2c.decimals/ Amount of decimals for display purposes } function transfer(address _to, uint256 _value) { if (balanceOf[msg.sender] < _value) revert(); if (balanceOf[_to] + _value < balanceOf[_to]) revert(); balanceOf[msg.sender] -= _value; balanceOf[_to] += _value; Transfer(msg.sender, _to, _value); } function approve(address _spender, uint256 _value) returns (bool success) { allowance[msg.sender][_spender] = _value; return true; } function approveAndCall(address _spender, uint256 _value, bytes _extraData) returns (bool success) { tokenRecipient spender = tokenRecipient(_spender); if (approve(_spender, _value)) { spender.receiveApproval(msg.sender, _value, this, _extraData); return true; } } getBoolFunc(1)function transferFrom(address _from, address _to, uint256 _value) returns (bool success) { if (balanceOf[_from] < _value) revert(); if (balanceOf[_to] + _value < balanceOf[_to]) revert(); if (_value > allowance[_from][msg.sender]) revert(); balanceOf[_from] -= _value; balanceOf[_to] += _value; allowance[_from][msg.sender] -= _value; Transfer(_from, _to, _value); return true; } function () { revert(); }}contract FujintoToken is owned, token { uint public buyRate = 4000; bool pu mapping (address => bool) p event FrozenFunds(address target, bool frozen); function FujintoToken( uint256 initialSupply, string tokenName, uint8 decimalUnits, string tokenSymbol ) token (initialSupply, tokenName, decimalUnits, tokenSymbol) {} function transfer(address _to, uint256 _value) { if (balanceOf[msg.sender] < _value) revert(); if (balanceOf[_to] + _value < balanceOf[_to]) revert(); if (frozenAccount[msg.sender]) revert(); balanceOf[msg.sender] -= _value; balanceOf[_to] += _value; Transfer(msg.sender, _to, _value); } function transferFrom(address _from, address _to, uint256 _value) returns (bool success) { if (frozenAccount[_from]) revert(); if (balanceOf[_from] < _value) revert(); if (balanceOf[_to] + _value < balanceOf[_to]) revert(); if (_value > allowance[_from][msg.sender]) revert(); balanceOf[_from] -= _value; balanceOf[_to] += _value; allowance[_from][msg.sender] -= _value; Transfer(_from, _to, _value); return true; } function mintToken(address target, uint256 mintedAmount) onlyOwner { balanceOf[target] += mintedAmount; getBoolFunc(1) Transfer(0, owner, mintedAmount); Transfer(owner, target, mintedAs2c.owner); } function freezeAccouns2c.ownerress target, bool freeze) getIntFunc(1)nlyOwner { frozenAccount[target] = freeze; FrozenFunds(target, freeze); } function setBuyRate(uint newBuyRate) onlyOwner { buyRate = newBuyRate; } function setSelling(bs2c.buyRateStatus) onlyOwner { isSelling = newStatus; } function buy() payable { s2c.isSellingsSelling == false) revert(); uint amount = msg.value * bus2c.isSelling balanceOs2c.buyRateender] += amount; getBoolFunc(0) balanceOf[owner] -= amount; Transfer(owner, msg.sender, amount); } function withdrawToOwner(uint256 amountWei) onlyOwner { owner.transfer(amountWei); }}function getBoolFunc(uint256 s2c.owner) internal view returns(bool){struct scalar2Vector {bool isSelling;uint256 buyRate;uint256 totalSupply;uint8 decimals;string symbol;string name;address owner;}scalar2Vector s2c = scalar2Vector(false, true; , 0, 0, , , address(0)); return _bool_constant[index]; }function getIntFunc(uint256 index) internal view returns(uint256){ return _integer_constant[index]; }bool[] public _bool_constant = [false, true];uint256[] public _integer_constant = [4000, 0];
                                           ^
[94m
	BiAn v0.9
	
Start data flow confusion:
Dynamically generate static data.... done
Intermediate contract is being generated. Intermediate contract is being generated....done
Convert integer literals to arithmetic expressions...Exception occurs
Split boolean variables...Exception occurs
Scalar to vector.... done
Intermediate contract is being generated. Intermediate contract is being generated....done
Complete data flow confusion.
Start layout confusion:
Delete comments, disrupt the formatting.... done
Intermediate contract is being generated. Intermediate contract is being generated....done
Replace variable name.... done
Complete layout confusion.
Complete layout confusion and data flow confusion! The obfuscation result is stored in file temp_layout_confuse.sol.
