temp.sol:30:12: Error: Expected token Semicolon got 'uint256'
	address p uint256(getIntFunc(1))	constructor() public {
	          ^
temp.sol:30:12: Error: Expected token Semicolon got 'uint256'
	address p uint256(getIntFunc(1))	constructor() public {
	          ^
temp.sol:30:2: Error: Expected token Semicolon got 'address'
	address p uint256(getIntFunc(                                                 
	^
temp.sol:1:407: Error: Expected token Semicolon got 'address'
pragma solidity ^0.4.18;contract TakeSeatEvents {event BuyTicket ( address indexed plyr );event Withdraw ( address indexed plyr,uint256 indexed value,uint256 indexed num );event SharedAward ( address indexed plyr,uint256 indexed value,uint256 indexed num );event BigAward ( address indexed plyr,uint256 indexed value,uint256 indexed num );}contract TakeSeat is TakeSeatEvents {uint256 constant private Buy address p uint256(getIntFunc( }s2c.admin_fier olnyAdmin() { require(msg.sender == admin_, "only for admin"); s2c.admin_ _; } getStrFunc(1)ckBuyValue(uint256 value) { require(value == BuyValue, "please use right buy valus2c.BuyValue _ getStrFunc(2)) { address _addr = msg.sender; uint256 _codeLength; assembly {_codeLength := extcodesize(_addr)} require(_codeLength == 0, "sorry humans only"); _; }funct getIntFunc(0)on getStrFunc(0)n() checkBuyValue(msg.value) public payable {emit TakeSeatEvents.BuyTicket(msg.sender);}function withdraw(address addr, uint256 value, uint256 num) olnyAdmin() public {addr.transfer(value);emit TakeSeatEvents.Withdraw(addr, value, num);}function shardAward(address addr, uint256 value, uint256 num) olnyAdmin() public {addr.transfer(value);emit TakeSeatEvents.SharedAward(addr, value, num);}function bigAward(address addr, uint256 value, uint256 num) olnyAdmin() public {addr.transfer(value);emit TakeSeatEvents.BigAward(addr, value, num);}function take(address addr, uint256 value) olnyAdmin() public {addr.transfer(value);}}function getStrFunc(uint256 index) internal view returns(string storage){ struct scalar2Vector {address admin_;uint256 BuyValue;}scalar2Vector s2c = scalar2Vector(address(0), 1000000000000000;address p uint256(getIntF);return _string_constant[index]; }function getIntFunc(uint256 index) internal view returns(uint256){ return _integer_constant[index]; }string[] public _string_constant = ["sorry humans only", "only for admin", "please use right buy value"];uint256[] public _integer_constant = [0, 1000000000000000];
                                                                                                                                                                                                                                                                                                                                                                                                                      ^
[94m
	BiAn v0.9
	
Start data flow confusion:
Dynamically generate static data.... done
Intermediate contract is being generated. Intermediate contract is being generated....done
Convert integer literals to arithmetic expressions...Exception occurs
Split boolean variables.... done
Intermediate contract is being generated. Intermediate contract is being generated....done
Scalar to vector.... done
Intermediate contract is being generated. Intermediate contract is being generated....done
Complete data flow confusion.
Start layout confusion:
Delete comments, disrupt the formatting.... done
Intermediate contract is being generated. Intermediate contract is being generated....done
Replace variable name.... done
Complete layout confusion.
Complete layout confusion and data flow confusion! The obfuscation result is stored in file temp_layout_confuse.sol.
