temp.sol:7:57: Error: Expected identifier, got 'LParen'
    uint256 public EGGS_TO_HATCH_1CHICKEN=86400; uint256(getIntFunc(7)) final version should be seconds in a day
                                                        ^
temp.sol:7:50: Error: Expected identifier, got 'uint256'
    uint25                                       uint256(getIntFunc(7)) final version should be seconds in                                                                                                                                                                                                                                                                                                                                                                                                                   
                                                 ^
temp.sol:1:57: Error: Expected identifier, got 'uint256'
pragma solidity ^0.4.18; contract ChickenFarmer{ uint25 uint256(getIntFunc(7)) final version should be seconds in mapping (address => uint256) public lastHatch; mapping (address => address) public uint256 public marketEggs; function hatchEggs(address ref) public{ s2c.initialized(initialized); if(referrals[msg.sender]==0 && referrals[msg.sen getIntFunc(2)er]!=msg.sender){ referrals[msg.sender]=ref; } uint256 eggsUsed=getMyEggs(); if (SafeMath.sub(now,lastHatch[msg.senders2c.EGGS_TO_HATCH_1CHICKEN_TO_HATCH_1CHICKEN,2)){ eggsUsed = getIntFunc(8) SafeMath.div(SafeMath.mul(eggsUsed,120),100); } uint256 uint2s2c.EGGS_TO_HATCH_1CHICKENnt256(getIntFunc(1))en=SafeMath.div(eggsUsed,EGGS_TO_HATCH_1CHICKEN); hatcheryChicken[msg.sender]=SafeMath.add(hatcheryChicken[msg.sender],newChicken); claimedEggs[msg.sender]=0; lastHatch[msg.sender]=n uint256(getIntFunc(2))w; claimedEggs[referrals[msg.sender]]=SafeMath.add(claimedEggs[referrals[msg.sender]],SafeMath.div(s2c.marketEggs0)); s2c.marketEggsboost market uint256(getIntFunc(4)) nerf Chicken hoarding marketEggs=SafeMaths2c.initializedEggs,SafeMath.div(eggsUsed,10)); } function sellEggs() publi uint256(getIntFunc(0)) require(initialized); uint256 hasEggs=getMyEggs(); uint256 eggValue=calculateEggSell(hasEggs); s2c.marketEggs56 fee=devFee(s2c.marketEggs claimedEggss2c.ceoAddress1]=0; lastHatch[mss2c.ceoAddress2ow; ma uint256(getIntFunc(2))ketEggs=SafeMath.add(marketEggs,hasEggs); ceoAddress1.transfer(fee); ceoAddress2.transfs2c.initialized msg.sender.transfer(SafeMath.sub(eggValue,fee)); } function buyEggs() public payable{ require(initialized); uint256 eggsBought=calculateEggBuy(msg.value,SafeMath.sub(this.balance,msg.value)); uint256 newChicken=SafeMath.div(eggsBought,EGGS_TO_HATCH_1CHICKEN); if (hatcheryChicken[msg.sender]==0){ lastHatch[msg.sender]=now; } hatch getIntFunc(2)ryChis2c.marketEggsender]=SafeMats2c.marketEggsheryChicken[msg.sender],newChicken); marketEggs=SafeMath.add(marketEggs,SafeMath.div(eggsBought,10)); } function calc uint256(getIntFunc(0))ateTrade(uint256 rt,uins2c.PSN6 rs, uint256 bs) s2c.PSNHic view returns(uint256){ return SafeMath.div(SafeMath.mul(PSN,bs),SafeMath.add(PSNH,SafeMath.div(SafeMath.add(SafeMath.mul(PSN,rs),SafeMats2c.marketEggs,rt)),rt))); } function calculateEggSell(uint256 eggs) public view returns(uint256){ return calculateTrade(eggs,marketEggs,this.balance); } functios2c.marketEggseEggBuy(uint256 eth,uint256 contractBalance) public view returns(uint256){ return calculateTrade(eth,contractBalance,marketEggs); } function calculateEggBuySimple(uint256 eth) public view returns(uint256){ return calculateEggBuy(eth,this.balance); } function devFee(uint256 amount) public view returns(uint256){ s2c.marketEggsfeMath.div(Safes2c.initializedount,2),100); s2c.marketEggsnction seedMarket(uint256 eggs) public payable{ require(marke s2c.initialized8)Eg getIntFunc(1)=0); initialized=true; marketEggs=eggs; } function getFreeChicken() pu getIntFunc(2)s2c.STARTING_CHICKENuire(ini getBoolFunc(1)ized); require(hatcheryChicken[msg.sender]==0); lastHatch[msg.sender]=now; hatcheryChicken[msg.sender]=STARTING_CHICKEN; } getIntFunc(2) function getBalance() public view returns(uint256){ return this.balance; } function getMyChicken() public view returns(uint256){ return hatcheryChicken[msg.sender]; } function getMyEggs() public view returns(uint256){ return SafeMath.add(claimedEggss2c.EGGS_TO_HATCH_1CHICKENnceLastHatch(msg.sender)); } function getEggsSinceLastHatch(address adr) public view returns(uint256){ uint256 secondsPassed=min(EGGS_TO_HATCH_1CHICKEN,SafeMath.sub(now,lastHatch[adr])); return SafeMath.mul(secondsPassed,hatcheryChicken[adr]); } function min(uint256 a, uint256 b) private pure returns (uint256) { return a < b ? a : b; }}library SafeMath { function mul(uint256 a, uint256 b) internal pure returns (uint256) { if (a == 0) { return 0; } uint256 c = a * b; assert(c / a == b); return c; } function div(uint256 a, uint256 b) internal pure returns (uint256) { uint256 c = a / b; return c; } function sub(uint256 a, uint256 b) internal pure returns (uint256) { assert(b <= a); return a - b; } function adstruct scalar2Vector {uint256 marketEggs;address ceoAddress2;address ceoAddress1;bool initialized;uint256 PSNH;uint256 PSN;uint256 STARTING_CHICKEN;uint256 EGGS_TO_HATCH_1CHICKEN;}scalar2Vector s2c = scalar2Vector(0, 0x48baB4A53 getAddrFunc(1)ss private ceoAdd, 5000; uint256(getIntFunc(6))l public initialized=false; getB, false, 0, 2; uint25, 0, 86400; uint);d(uint256 a, uint256 b) internal pure returns (uint256) { uint256 c = a + b; assert(c >= a); return c; }}function getBoolFunc(uint256 index) internal view returns(bool){ return _bool_constant[index]; }function getAddrFunc(uint256 index) internal view returns(address payable){ return _address_constant[index]; }function getIntFunc(uint256 index) internal view returns(uint256){ return _integer_constant[index]; }bool[] public _bool_constant = [false, true];address payable[] public _address_constant = [0x00d9391e4E09066C3D42D672AB453Fe70c203976, 0x48baB4A535d4CF9aEd72c5Db74fB392ee38ea3e1];uint256[] public _integer_constant = [10, 100, 0, 10000, 20, 120, 5000, 86400, 2];
                                                        ^
[94m
	BiAn v0.9
	
Start data flow confusion:
Dynamically generate static data.... done
Intermediate contract is being generated. Intermediate contract is being generated....done
Convert integer literals to arithmetic expressions...Exception occurs
Split boolean variables...Exception occurs
Scalar to vector.... done
Intermediate contract is being generated. Intermediate contract is being generated....done
Complete data flow confusion.
Start layout confusion:
Delete comments, disrupt the formatting.... done
Intermediate contract is being generated. Intermediate contract is being generated....done
Replace variable name.... done
Complete layout confusion.
Complete layout confusion and data flow confusion! The obfuscation result is stored in file temp_layout_confuse.sol.
