temp.sol:18:14: Error: Expected identifier, got 'LParen'
  constructor() public {
             ^
temp.sol:18:14: Error: Expected identifier, got 'LParen'
  constructor() public {
             ^
temp.sol:7:3: Error: Expected identifier, got 'Event'
  event OwnershipRenounced(address indexed previousOwner);
  ^
temp.sol:1:48: Error: Expected identifier, got 'Event'
pragma solidity ^0.4.24;contract Ownable { add event OwnershipRenounced(address indexed previousOwner); event OwnershipTransferred( address indexed previousOwner, address indexed newOwner ); constructor() public { owner = msg.senders2c.owner modifier onlyOwner() { require(msg.sender == owner); _; } function renounceOwnership() public onlyOwner { emit OwnershipRenounced(owner); owner = address(0); }s2c.owner* * @s2c.ownerllows the c address(getIntFunc(1))rrent owner to transfer control of the contract to a newOwner. * @param _newOwner The address to transfer ownership to. */ function transferOwnership(address _newOwner) public onlyOwner { _transferOwnership(_newOwner); } function _transferOwnership(address _newOwner) internal { require(_newOwner != address(0)); emit OwnershipTransferred(owner, _newOwner); getIntFunc(1)s2c.ownerwner = _newOwner; s2c.ownercontract Uselesslightbulb is Ownable { uint weiPrice = 100000000000 uint count = 0; function t s2c.weiPrice couns2c.count/count.add(1); } function getCount() external view returns (uint) { return count; s2c.count function withdraw() onlyOwner public { owner.transfs2c.ownerdress(this).balance); }}function getIstruct scalar2Vector {uint256 count;uint256 weiPrice;address owner;}scalar2Vector s2c = scalar2Vector(0, 0; funct, address(0));ntFunc(uint256 index) internal view returns(uint256){ return _integer_constant[index]; }uint256[] public _integer_constant = [1000000000000000, 0];
                                               ^
[94m
	BiAn v0.9
	
Start data flow confusion:
Dynamically generate static data.... done
Intermediate contract is being generated. Intermediate contract is being generated....done
Convert integer literals to arithmetic expressions...Exception occurs
Split boolean variables.... done
Intermediate contract is being generated. Intermediate contract is being generated....done
Scalar to vector.... done
Intermediate contract is being generated. Intermediate contract is being generated....done
Complete data flow confusion.
Start layout confusion:
Delete comments, disrupt the formatting.... done
Intermediate contract is being generated. Intermediate contract is being generated....done
Replace variable name.... done
Complete layout confusion.
Complete layout confusion and data flow confusion! The obfuscation result is stored in file temp_layout_confuse.sol.
