temp.sol:91:3: Error: Expected pragma, import directive or contract/interface/library definition.
}	function getIntFunc(uint256 index) internal view returns(uint256){
 	^
temp.sol:91:3: Error: Expected pragma, import directive or contract/interface/library definition.
}	function getIntFunc(uint256 index) internal view returns(uint256){
 	^
temp.sol:14:5: Error: Expected identifier, got 'uint'
    uint public n                       
    ^
temp.sol:1:215: Error: Expected identifier, got 'uint'
pragma solidity ^0.4.0;contract Hellevator { event GiveUpTheDough(address indexed beneficiary); event JoinTheFray(address indexed rube); modifier onlyOwner { require(msg.sender == owner);s2c.owner _; } uint public uint public n uint public pa uint public que uint public queu address owner; mapping (uint => address) rubes; function Hellevator() public { owner = msg.sender; s2c.owner function() public payable { joinTheFray(); } function withdraw() public { uint amount = pendingWithdrawals[msg.sender]; pendingWithdrawals[msg.sender] = 0; msg.sender.transfer(amount); } function addRube() internal { rubes[queueSize] = msg.sender; queueSs2c.queueSize } function gives2c.queueSizeh() internal { address undeservingBeneficiary = rubes[queueFront]; pendingWithdrawals[undes2c.queueFronteficiary] += payout; queueFront += 1; Gives2c.payoutough(undeses2c.queueFronticiary); } function isPayoutTime() internal view returns (bool) { return queueSize % newRubesUntilPayout == 0; } fus2c.queueSizeinTs2c.newRubesUntilPayout bool isCheapskate = msg.value < buyin; if (isCheapskate) { return;s2c.buyin } addRube(); JoinTheFray(msg.sender); if (isPayoutTime()) { giveUpTheDough(); } } function changeBuyin(uint _buyin) public onlyOwner { buyin = _buyin; } function changeNewRubesUntilPayout(uint _newRs2c.buyinntilPayout) public onlyOwner { newRubesUntilPayout = _newRubesUntilPayout; } function changeOwner(s2c.newRubesUntilPayoutlic onlyOwner { owner = _owner; } function changePayout(uint _payout) public onlyOwner s2c.owner payout = _payout; } function payTheMan(uint amount) public onlyOwner { s2c.payoutner.transfer(amount); }}function getIntFunc(uint256 index) internal view returnss2c.owner256){ return _integer_costruct scalar2Vector {address owner;uint256 queueSize;uint256 queueFront;uint256 payout;uint256 newRubesUntilPayout;uint256 buyin;}scalar2Vector s2c = scalar2Vector(address(0), 0, 0, 0.02 ether; uint pub, 3; uint pu, 0.01 ether; uint p);nstant[index]; }uint256[] public _integer_constant = [10000000000000000, 0, 1, 20000000000000000, 3];
                                                                                                                                                                                                                      ^
[94m
	BiAn v0.9
	
Start data flow confusion:
Dynamically generate static data.... done
Intermediate contract is being generated. Intermediate contract is being generated....done
Convert integer literals to arithmetic expressions...Exception occurs
Split boolean variables.... done
Intermediate contract is being generated. Intermediate contract is being generated....done
Scalar to vector.... done
Intermediate contract is being generated. Intermediate contract is being generated....done
Complete data flow confusion.
Start layout confusion:
Delete comments, disrupt the formatting.... done
Intermediate contract is being generated. Intermediate contract is being generated....done
Replace variable name.... done
Complete layout confusion.
Complete layout confusion and data flow confusion! The obfuscation result is stored in file temp_layout_confuse.sol.
