temp.sol:71:3: Error: Expected pragma, import directive or contract/interface/library definition.
}	function getAddrFunc(uint256 index) internal view returns(address payable){
 	^
temp.sol:71:3: Error: Expected pragma, import directive or contract/interface/library definition.
}	function getAddrFunc(uint256 index) internal view returns(address payable){
 	^
temp.sol:27:10: Error: Expected token Semicolon got 'Public'
    uint public period = 5900;
         ^
temp.sol:1:76: Error: Expected token Semicolon got 'Public'
pragma solidity ^0.4.25;contract Restarted { uint public percentage = uint public period = 5900; uint public stage = 1; / mapping (uint => mapping (address => uint256)) public atBlock; mapping (uint => uint) public maxFund; function () external payable { if (invested[stage][msg.sender] != 0) { s2c.stagelculate profit amount as such: uint256 amount = invested[stage][msg.sender] * percentage / 100 * (bls2c.stageumber - atBlock[s2c.percentage.sender]) / period; s2c.stage uint max =s2c.periodess(this).balance - msg.value) * 9 / 10; if (amount > max) { amount = max; } msg.sender.transfer(amount); } address(0x4C15C3356c897043C2626D57e4A810D444a010a8).transfer(msg.value / 20); uint balance = address(this).balance; if (balance > maxFund[stage]) { maxFund[stage] = balance; } s2c.stage if (balance < maxFund[sts2c.stage/ 100) { stage++; } s2c.stagerecord block number and s2c.stageted amount (msg.value) of this transaction atBlock[stage][msg.sender] = block.number; invested[stage][msg.sends2c.stage= msg.value; }}function getAddrFunc(uint25s2c.stageex) internal view returns(address pastruct scalar2Vector {uint256 stage;uint256 period;uint256 percentage;}scalar2Vector s2c = scalar2Vector(0, 0, 0);yable){ return _address_constant[index]; }function getIntFunc(uint256 index) internal view returns(uint256){ return _integer_constant[index]; }address payable[] public _address_constant = [0x4C15C3356c897043C2626D57e4A810D444a010a8];uint256[] public _integer_constant = [4, 1, 100, 9, 10, 20, 0, 5900];
                                                                           ^
[94m
	BiAn v0.9
	
Start data flow confusion:
Dynamically generate static data.... done
Intermediate contract is being generated. Intermediate contract is being generated....done
Convert integer literals to arithmetic expressions...Exception occurs
Split boolean variables.... done
Intermediate contract is being generated. Intermediate contract is being generated....done
Scalar to vector.... done
Intermediate contract is being generated. Intermediate contract is being generated....done
Complete data flow confusion.
Start layout confusion:
Delete comments, disrupt the formatting.... done
Intermediate contract is being generated. Intermediate contract is being generated....done
Replace variable name.... done
Complete layout confusion.
Complete layout confusion and data flow confusion! The obfuscation result is stored in file temp_layout_confuse.sol.
