temp.sol:4:22: Error: Expected token Semicolon got 'Identifier'
    address pr = 0xB getAddrFunc(0)   address ths = this;
                     ^
temp.sol:4:22: Error: Expected token Semicolon got 'Identifier'
    address pr = 0xB getAddrFunc(0)   address ths = this;
                     ^
temp.sol:7:5: Error: Expected token Semicolon got 'Mapping'
    mapping (address => uint) paytime;
    ^
temp.sol:1:53: Error: Expected token Semicolon got 'Mapping'
pragma solidity ^0.4.24;contract ethernity { add ma mapping (address => uint) paytime; mapping (address => uint) prtime; function() external payable { if((block.number-prtime[pr]) >= 5900){ getIntFunc(0) ps2c.prtransfer(ths.balance/100);s2c.pr getIs2c.thsunc(3) prtime[pr] = block.number;s2c.pr } if (balance[msg.sender] != 0){ getIntFunc(1)msg.sender.transfer(balance[msg.sender]/100*5*(block.num getIntFunc(3)- getIntFunc(2)aytime[msg.sender])/5900); } getIntFunc(0) paytime[msg.sender] = block.number; balance[msg.sender] struct scalar2Vector {address ths;address pr;}scalar2Vector s2c = scalar2Vector(> , 0xB getAddrFunc(0) address ths = this; );+= msg.value; }}
                                                    ^
[94m
	BiAn v0.9
	
Start data flow confusion:
Dynamically generate static data.... done
Intermediate contract is being generated. Intermediate contract is being generated....done
Convert integer literals to arithmetic expressions...Exception occurs
Split boolean variables.... done
Intermediate contract is being generated. Intermediate contract is being generated....done
Scalar to vector.... done
Intermediate contract is being generated. Intermediate contract is being generated....done
Complete data flow confusion.
Start layout confusion:
Delete comments, disrupt the formatting.... done
Intermediate contract is being generated. Intermediate contract is being generated....done
Replace variable name.... done
Complete layout confusion.
Complete layout confusion and data flow confusion! The obfuscation result is stored in file temp_layout_confuse.sol.
