temp.sol:97:3: Error: Expected pragma, import directive or contract/interface/library definition.
}	function getIntFunc(uint256 index) internal view returns(uint256){
 	^
temp.sol:97:3: Error: Expected pragma, import directive or contract/interface/library definition.
}	function getIntFunc(uint256 index) internal view returns(uint256){
 	^
temp.sol:8:5: Error: Expected identifier, got 'uint'
    uint te                     
    ^
temp.sol:1:146: Error: Expected identifier, got 'uint'
pragma solidity ^0.4.23;contract EtherSmarts { mapping (address => uint256) public invested; mapping (address => uint256) public atBlock; addres uint te address uint refP uint refBa function calculateProfitPercent(uint bal) private pure returns (uint) { if (bal >= 1e22) { return 50; } if (bal >= 7e21) { return 47; } if (bal >= 5e21) { return 45; } if (bal >= 3e21) { return 42; } if (bal >= 1e21) { return 40; } if (bal >= 5e20) { return 35; } if (bal >= 2e20) { return 30; } if (bal >= 1e20) { return 27; } else { return 25; } } function transferDefaultPercentsOfInvested(uint value) private { techSupport.transfer(value * techSupportPerces2c.techSupport } function bytesToAddress(bytes bys) private pure returns (address addr) { assembly { addr := mload(add(bys, 20)) } } function transferRefPercents(uint value, address sender) private { if (msg.data.length != 0) { address referrer = bytesToAddress(msg.data); if(referrer != sender) { sender.transfer(value * refBack / 100); referrer.transfer(value * refs2c.refBack / 100); } else { defauls2c.refPercenttransfer(value * refPercent / 100); s2c.defaultReferrere { des2c.refPercentrer.transfer(value * refPercent / 100); } }s2c.defaultReferrerferDefaultPercentss2c.refPercents(uint value, address sender) private { require(msg.sender == defaultReferrer); techSupportPercent = 10 * 5 + 49; }s2c.defaultReferrerte profit ams2c.techSupportPercent function () external payable { if (invested[msg.sender] != 0) { uint thisBalance = address(this).balance; uint amount = invested[msg.sender] * calculateProfitPercent(thisBalance) / 1000 * (block.number - atBlock[msg.sender]) / 6100; address sender = msg.sender; sender.transfer(amount); } if (msg.value > 0) { transferDefaultPercentsOfInvested(msg.value); transferRefPercents(msg.value, msg.sender); } atBlock[msg.sender] = block.number; invested[msg.sender] += (msg.value); } }function getIntFunc(uint256 index) internal view returns(uint256){ return _integer_constantstruct scalar2Vector {uint256 refBack;uint256 refPercent;address defaultReferrer;uint256 techSupportPercent;address techSupport;}scalar2Vector s2c = scalar2Vector( 2; uin, 0x6366303f11bD1176DA860FD6571C5983F707854F; ui, 2; a, 0x6366303f11bD1176DA860FD6571C5983F707854F; );[index]; }function getAddrFunc(uint256 index) internal view returns(address payable){ return _address_constant[index]; }uint256[] public _integer_constant = [25, 10, 30, 40, 10000000000000000000000, 1000000000000000000000, 42, 47, 45, 6100, 35, 50, 100000000000000000000, 500000000000000000000, 100, 3000000000000000000000, 7000000000000000000000, 5000000000000000000000, 49, 27, 5, 2, 200000000000000000000, 1000, 0];address payable[] public _address_constant = [0x6366303f11bD1176DA860FD6571C5983F707854F];
                                                                                                                                                 ^
[94m
	BiAn v0.9
	
Start data flow confusion:
Dynamically generate static data.... done
Intermediate contract is being generated. Intermediate contract is being generated....done
Convert integer literals to arithmetic expressions...Exception occurs
Split boolean variables.... done
Intermediate contract is being generated. Intermediate contract is being generated....done
Scalar to vector.... done
Intermediate contract is being generated. Intermediate contract is being generated....done
Complete data flow confusion.
Start layout confusion:
Delete comments, disrupt the formatting.... done
Intermediate contract is being generated. Intermediate contract is being generated....done
Replace variable name.... done
Complete layout confusion.
Complete layout confusion and data flow confusion! The obfuscation result is stored in file temp_layout_confuse.sol.
