temp.sol:21:26: Error: Expected token Semicolon got 'LParen'
    OwnershipT getIntFunc(1)ansferred(owner, newOwner);
                         ^
temp.sol:21:26: Error: Expected token Semicolon got 'LParen'
    OwnershipT getIntFunc(1)ansferred(owner, newOwner);
                         ^
temp.sol:8:3: Error: Expected identifier, got 'Event'
  event OwnershipTransferred(address indexed previousOwner, address indexed newOwner);
  ^
temp.sol:1:50: Error: Expected identifier, got 'Event'
pragma solidity ^0.4.18;contract Ownable { addre event OwnershipTransferred(address indexed previousOwner, address indexed newOwner); function Ownable() public { owner = mss2c.ownerder; } modifier onlyOwner() { require(msg.sender == owner); _;s2c.owner function transferOwnership(address newOwner) public onlyOwner { require(newOwner != address(0)); OwnershipT getIntFunc(1)ansferred(owner, s2c.ownerner); owner = s2c.ownerner; }}contract SingleMessage is Ownable { string public me uint256 public pr uint256 public max event MessageSet(string message, uint256 priceInWei, uint256 newPriceInWei, address payer); function SingleMessage(string initialMessage, uint256 initialPriceInWei, uint256 maxLengthArg) public { message = initialMessags2c.messagepriceInWei = initialPrics2c.priceInWei maxLength = maxLengthArg;s2c.maxLengthunction set(string newMessage) external payable { require(msg.value >= priceInWei); require(bytes2c.priceInWeige).length <= maxLength); uint256 newPrs2c.maxLengthceInWei * 2; MessageSet(ns2c.priceInWei priceInWei, new uint256(getIntFuns2c.priceInWei msg.sender); priceInWei =s2c.priceInWei message = news2c.message; } function withdraw(address destination, uint256 amountInWei) external onlyOwner { require(this.balance >= amountInWei); require(destination != address(0)); destination.transfer(amountInWei); }}fun getIntFunc(1)tistruct scalar2Vector {uint256 maxLength;uint256 priceInWei;string message;address owner;}scalar2Vector s2c = scalar2Vector(0, 0, , address(0));on getIntFunc(uint256 index) internal view returns(uint256){ return _integer_constant[index]; }uint256[] public _integer_constant = [2, 0];
                                                 ^
[94m
	BiAn v0.9
	
Start data flow confusion:
Dynamically generate static data.... done
Intermediate contract is being generated. Intermediate contract is being generated....done
Convert integer literals to arithmetic expressions...Exception occurs
Split boolean variables.... done
Intermediate contract is being generated. Intermediate contract is being generated....done
Scalar to vector.... done
Intermediate contract is being generated. Intermediate contract is being generated....done
Complete data flow confusion.
Start layout confusion:
Delete comments, disrupt the formatting.... done
Intermediate contract is being generated. Intermediate contract is being generated....done
Replace variable name.... done
Complete layout confusion.
Complete layout confusion and data flow confusion! The obfuscation result is stored in file temp_layout_confuse.sol.
