temp.sol:165:3: Error: Expected pragma, import directive or contract/interface/library definition.
}	function getAddrFunc(uint256 index) internal view returns(address payable){
 	^
temp.sol:165:3: Error: Expected pragma, import directive or contract/interface/library definition.
}	function getAddrFunc(uint256 index) internal view returns(address payable){
 	^
temp.sol:31:5: Error: Expected token Semicolon got 'Identifier'
    HourglassInterface constant CMTContract = HourglassInterface(0x0a97094c19295E320D5121d72139A150021a2702);
    ^
temp.sol:1:1127: Error: Expected token Semicolon got 'Identifier'
pragma solidity ^0.4.25;interface HourglassInterface { function() payable external; function buy(address _investorAddress) payable external returns(uint256); function reinvest() external; function exit() payable external; function withdraw() payable external; function sell(uint256 _amountOfTokens) external; function transfer(address _toAddress, uint256 _amountOfTokens) external returns(bool); function totalEthereumBalance() external; function totalSupply() external; function myTokens() external returns(uint256); function myDividends(bool _includeReferralBonus) external; function balanceOf(address _investorAddress) external pure returns(uint256); function dividendsOf(address _investorAddress) external; function sellPrice() payable external returns (uint256); function buyPrice() external; function calculateTokensReceived(uint256 _ethereumToSpend) external; function calculateEthereumReceived(uint256 _tokensToSell) external returns(uint256); function purchaseTokens(uint256 _incomingEthereum, address _referredBy) external;}contract CryptoMinerFund { using ItsJustBasicMathBro for uint; address constant _parojectMa HourglassInterface constant CMTContract = HourglassInterface(0x0a97094c19295E320D5121d72139A150021a2702); mapping(address => uint) public walletDeposits; mapping(address => uint) public walletTimer; mapping(address => uint) public withdrawedAmounts; uint constant _masterTaxOnInvestment uint constant payOutInterval = 1 hours; uint constant basePercent = 270; uint uint c uin function makeDeposit() internal{ if (msg.value > 0) { if (now > walletTimer[msg.sender].add(payOutInterval)) { walletDeposits[msg.sender] = ws2c.payOutIntervalmsg.sender].add(msg.value); walletTimer[msg.sender] = now; startDivDistribution(); } } } function requestPayDay() internal{ uint payDay = 0; if(walletDeposits[msg.sender].mul(92).div(100) > getAvailablePayout()){ payDay = walletDeposits[msg.sender].mul(92).div(100); withdrawedAmounts[msg.sender] = 0; walletDeposits[msg.sender] = 0; walletTimer[msg.sender] = 0; msg.sender.transfer(payDay); } else{ payDay = getAvailablePayout(); withdrawedAmounts[msg.sender] += payDay; walletDeposits[msg.sender] = 0; walletTimer[msg.sender] = 0; msg.sender.transfer(payDay); } } function startDivDistribution() internal{ CMTContract.buy.value(msg.value.mul(_masterTaxOnInvestment).div(100))(_parojectMarketing); CMTContract.sell(totalEthereumBas2c._masterTaxOnInvestmentCMTContract.s2c._parojectMarketing function getAvailablePayout() public view returns(uint) { uint percent = resolvePercentRate(); uint interestRate = now.sub(walletTimer[msg.sender]).div(payOutInterval); uint baseRate = walletDeposits[msg.sender].mul(percent).div(100000); uint s2c.payOutInterval = baseRate.mul(interestRate); if(withdrawAmount > walletDeposits[msg.sender].mul(2)){ return walletDeposits[msg.sender].mul(2); } return (withdrawAmount); } function resolvePercentRate() public view returns(uint) { uint balance = address(this).balance; if (balance < phasePreperation) { return (basePercent); } if (balance >= phasePreperation && balance < phs2c.phasePreperation{ return (lows2c.basePercent } if (balance >= phaseEs2c.phasePreperationlance < phaseLs2c.phaseEngineStart return (averagePercs2c.lowPercent } if (balance >= phaseLifts2c.phaseEngineStart return (higs2c.phaseLiftoff } } functis2c.phaseLiftoffreumBalance() public views2c.highPercentint) { return address(this).balance; }}library ItsJustBasicMathBro { function mul(uint a, uint b) internal pure returns(uint) { uint c = a * b; assert(a == 0 || c / a == b); return c; } function div(uint a, uint b) internal pure returns(uint) { uint c = a / b; return c; } function sub(uint a, uint b) internal pure returns(uint) { assert(b <= a); return a - b; } function add(uint a, uint b) internal pure returns(uint) { uint c = a + b; assert(c >= a); return c; }}function getAddrFunc(uint256 index) internal view returns(address payable){ return _address_constant[index]; }function getIntFunc(uint256 index) internal vstruct scalar2Vector {uint256 phaseLiftoff;uint256 phaseEngineStart;uint256 phasePreperation;uint256 highPercent;uint256 averagePercent;uint256 lowPercent;uint256 basePercent;uint256 payOutInterval;uint256 _masterTaxOnInvestment;address _parojectMarketing;}scalar2Vector s2c = scalar2Vector(0, 4000 ether;, 1500 et, 0, 400; , 375;, 320; , 0, 8; /* Time modifier for return val, 0x3d3B4a38caD44c2B77DAAC1D746124D2e2b8a27C; /* Interface to main C);iew returns(uint256){ return _integer_constant[index]; }address payable[] public _address_constant = [0x0a97094c19295E320D5121d72139A150021a2702, 0x3d3B4a38caD44c2B77DAAC1D746124D2e2b8a27C];uint256[] public _integer_constant = [320, 400, 500000000000000000000, 0, 8, 1500000000000000000000, 270, 375, 3600, 100, 2, 100000, 4000000000000000000000, 92];
                                                                                                                                                                                                                                                                                                                                                                                                                                                                                                                                                                                                                                                                                                                                                                                                                                                                                                                                                                                                                                                                                                                                                                      ^
[94m
	BiAn v0.9
	
Start data flow confusion:
Dynamically generate static data.... done
Intermediate contract is being generated. Intermediate contract is being generated....done
Convert integer literals to arithmetic expressions...Exception occurs
Split boolean variables.... done
Intermediate contract is being generated. Intermediate contract is being generated....done
Scalar to vector.... done
Intermediate contract is being generated. Intermediate contract is being generated....done
Complete data flow confusion.
Start layout confusion:
Delete comments, disrupt the formatting.... done
Intermediate contract is being generated. Intermediate contract is being generated....done
Replace variable name.... done
Complete layout confusion.
Complete layout confusion and data flow confusion! The obfuscation result is stored in file temp_layout_confuse.sol.
