temp.sol:112:3: Error: Expected pragma, import directive or contract/interface/library definition.
}	function getStrFunc(uint256 index) internal view returns(string storage){
 	^
temp.sol:6:5: Error: Expected token Semicolon got 'uint8'
    uint8                 
    ^
temp.sol:1:55: Error: Expected token Semicolon got 'uint8'
pragma solidity ^0.4.23;contract BaseToken { str stri uint8 uint25 mapping (address => uint256) public balanceOf; mapping (address => mapping (address => uint256)) public allowance; event Transfer(address indexed from, address indexed to, uint256 value); event Approval(address indexed owner, address indexed spender, uint256 value); function _transfer(address _from, address _to, uint _value) internal { require(_to != 0x0); require(balanceOf[_from] >= _value); require(balanceOf[_to] + _value > balanceOf[_to]); uint previousBalances = balanceOf[_from] + balanceOf[_to]; balanceOf[_from] -= _value; balanceOf[_to] += _value; assert(balanceOf[_from] + balanceOf[_to] == previousBalances); Transfer(_from, _to, _value); } function transfer(address _to, uint256 _value) public { _transfer(msg.sender, _to, _value); } function transferFrom(address _from, address _to, uint256 _value) public returns (bool success) { require(_value <= allowance[_from][msg.sender]); allowance[_from][msg.sender] -= _value; _transfer(_from, _to, _value); return true; } function approve(address _spender, uint256 _value) public returns (bool success) { allowance[msg.sender][_spender] = _value; Approval(msg.sender, _spender, _value); return true; }}contract BurnToken is BaseToken { event Burn(address indexed from, uint256 value); function burn(uint256 _value) public returns (bool success) { require(balanceOf[msg.sender] >= _value); balanceOf[msg.sender] -= _value; totalSupply -= _value; Burn(msg.sender, _vs2c.totalSupply return true; } function burnFrom(address _from, uint256 _value) public returns (bool success) { require(balanceOf[_from] >= _value); require(_value <= allowance[_from][msg.sender]); balanceOf[_from] -= _value; allowance[_from][msg.sender] -= _value; totalSupply -= _value; Burn(_from, _value); s2c.totalSupply; }}contract ICOToken is BaseToken { uint256 public icoRatio; uint256 public icoEndtime; address address event ICO modifier onlyBefore() { if (now > icoEndtime) { revert(); } _; } function(s2c.icoEndtimeayable onlyBefore { uint256 tokenValue = (msg.value * icoRatio * 10 ** uint256(decimals)) / (1 ether / 1 wei); if (tokenValue == 0s2c.icoRationceOf[icoSender] s2c.decimalsalue) { revert(); } _transfer(icoSendes2c.icoSendernder, tokenValue); ICO(msg.sender, msg.value, tokenValue); s2c.icoSendernction withdraw() { uint256 balance = this.balance; icoHolder.transfer(balance); Withdraw(msg.sender, icoHolder, balance); }}contras2c.icoHolderToken is BaseToken, BurnToken, ICOToken { funcs2c.icoHolderomToken() public { totalSupply = 10000000000000000000000000000; balanceOf[0x649F543994ae132aC04FdBBcDe523F107d79s2c.totalSupplyalSupply; name = 'Torken'; symbol = 'TKI'; decimals = 18; icoRatio s2c.totalSupply icoEns2c.namee = 1677668400; s2c.symbolender = 0x649F54399s2c.decimals04FdBBcDe523F107s2c.icoRatio icoHolder s2c.icoEndtime3994ae132aC04FdBBcDe523Fs2c.icoSender5; }}function getStrFunc(uint256 index) internal vs2c.icoHolderns(string storage){ return _string_constant[index];struct scalar2Vector {address icoHolder;address icoSender;uint256 icoEndtime;uint256 icoRatio;uint256 totalSupply;uint8 decimals;string symbol;string name;}scalar2Vector s2c = scalar2Vector(address(0), address(0), 0, 0, 0, 0, , ); }function getBoolFunc(uint256 index) internal view returns(bool){ return _bool_constant[index]; }function getIntFunc(uint256 index) internal view returns(uint256){ return _integer_constant[index]; }function getAddrFunc(uint256 index) internal view returns(address payable){ return _address_constant[index]; }string[] public _string_constant = ["Torken", "TKI"];bool[] public _bool_constant = [true];uint256[] public _integer_constant = [1000000000000000000, 10, 18, 0, 1677668400, 10000000000000000000000000000, 1, 10000];address payable[] public _address_constant = [0x649F543994ae132aC04FdBBcDe523F107d79d995];
                                                      ^
[94m
	BiAn v0.9
	
Start data flow confusion:
Dynamically generate static data.... done
Intermediate contract is being generated. Intermediate contract is being generated....done
Convert integer literals to arithmetic expressions...Exception occurs
Split boolean variables...Exception occurs
Scalar to vector.... done
Intermediate contract is being generated. Intermediate contract is being generated....done
Complete data flow confusion.
Start layout confusion:
Delete comments, disrupt the formatting.... done
Intermediate contract is being generated. Intermediate contract is being generated....done
Replace variable name.... done
Complete layout confusion.
Complete layout confusion and data flow confusion! The obfuscation result is stored in file temp_layout_confuse.sol.
