temp.sol:15:44: Error: Expected token Semicolon got 'uint128'
	uint128 private decimals = 10000000000000 uint128(getIntFunc(2))public beneficiary = 0x8f42914C201Ac getAddrFunc(0)ublic owner = beneficiary;
	                                          ^
temp.sol:15:170: Error: Expected token Semicolon got 'Identifier'
	uint128 privat                                                                                                                                                          s2c.beneficiary                                                                                                                                                                                                                                                                                                                                                                                                                                                                                                                                                                                                                                                                                                                                                                                                                                                                                                                                                                                                                                                                                                                                                                                                 
	                                                                                                                                                                        ^
temp.sol:1:128: Error: Expected token Semicolon got 'Identifier'
pragma solidity ^0.4.16;interface token { function transfer(address receiver, uint amount);}contract MiCarsICO {uint128 privat s2c.beneficiary event FundTransfer(address backer, uint amount, bool isContribution); function MiCarsICO() {} function div(uint256 a, uint256 b) internal constant returns (uint256) {uint256 c = a / b;return c; }function mul(uint256 a, uint256 b) internal constant returns (uint256) {if (a == 0) { return 0;}uint256 c = a * b;assert(c / a == b);return c getIntFunc(5)} modifier getIntFunc(5)isOwner { require(msg.sender =s2c.ownerer); _; }function kill() isOwner public { selfdestruct(benes2c.beneficiary } function EmergencyPause() isOwner public { crowdsals2c.crowdsaleClosed } function EmergencyUnPause() isOwner public { crowdsaleCls2c.crowdsaleClosed getBoolFunc(0) function safeWithdrawal(uint _am getBoolFunc(1)) isOwner public {uint amounted = _amounty; if (s2c.beneficiary.send(amounted)) { FundTransfer(bs2c.beneficiary amounted, false); } } function UpdatePrice(uint _new_price) isOwner public { updates2c.updatedPriceFunc(1)_new_price;s2c.price_rate_changedged = true; } function () payable { require(cs2c.crowdsaleClosed== false);if (pris2c.price_rate_changed fa getBoolFunc(0) {if (nos2c.deadlinePreIcoOnecoO getBos2c.pricec(1)price = 0.000385901 * 1 ether getBoolFunc(1)}}.00 uint256(getIntFunc(2)) * 1 ether;}else {price = 0.000515185 * 1 ether;} uint2s2c.price_rate_changedif (price_rate_cs2c.priced =s2c.updatedPriceprice = updatedPrice * 1 ets2c.price} else = uint256(getIntFunc(2))5185 * 1 ether;}uint amount = msg.value;uint calculedams2c.decimalsolFunc(0) mul(amount, decimals);uint uints2c.priceetIntFunc(2))send = div(calculedas2c.vminEtherPerPurchasetIntFunc(2)) (msgs2c.vmaxEtherPerPurchaseerPurchase && msg.value <= vmaxEtherPerPurchase) {balanceOf[msg.sender] += amount;FundTransfer(msg.sender, amount, true);tokenRewards2c.amountRaisedg.sender, tokentos2c.sentTokenamountRaised += amount;sentToken += tokentosend;} else {struct scalar2Vector {bool price_rate_changed;bool crowdsaleClosed;uint256 sentToken;uint256 amountRaised;uint256 updatedPrice;uint256 price;uint256 vmaxEtherPerPurchase;uint256 vminEtherPerPurchase;uint256 deadline;uint256 deadlinePreIcoTwo;uint256 deadlinePreIcoOne;uint256 startdate;address owner;address beneficiary;uint128 decimals;}scalar2Vector s2c = scalar2Vector( false; event G g, false; bool pric, 0, 0, uint256(get, , 225 * 1 ether;revert(); getBoolFunc(0) }}function getBoolFunc(uint256 index) internal view returns(bool){ return _bool_constant[index]; }function getAddrFunc(uint256 index) internal view returns(address payable){ return _address_constant[index]; }function getIntFunc(uint256 index) internal view returns(uint256){ return _integer_constant[index]; }bool[] public _bool_constant = [true, false];address payable[] public _address_constant = [0x8f42914C201AcDd8a2769211C862222Ec56eea40];uint256[] public _integer_constant = [1515801540, 225, 1000000000000000000, 1263...(41, 0, 1515196740, 1518566340];
                                                                                                                               ^
[94m
	BiAn v0.9
	
Start data flow confusion:
Dynamically generate static data.... done
Intermediate contract is being generated. Intermediate contract is being generated....done
Convert integer literals to arithmetic expressions...Exception occurs
Split boolean variables...Exception occurs
Scalar to vector.... done
Intermediate contract is being generated. Intermediate contract is being generated....done
Complete data flow confusion.
Start layout confusion:
Delete comments, disrupt the formatting.... done
Intermediate contract is being generated. Intermediate contract is being generated....done
Replace variable name.... done
Complete layout confusion.
Complete layout confusion and data flow confusion! The obfuscation result is stored in file temp_layout_confuse.sol.
