temp.sol:6:45: Error: Expected token Semicolon got 'uint256'
    uint256 public EGGS_TO_HATCH_1Cat=86400 uint256(getIntFunc(2))r final version should be seconds in a day
                                            ^
temp.sol:7:5: Error: Expected identifier, got 'Mapping'
    mapping (address => uint256) public claimedEggs;
    ^
temp.sol:1:52: Error: Expected identifier, got 'Mapping'
pragma solidity ^0.4.18; contract CatFarmer{ uint2 mapping (address => uint256) public claimedEggs; mapping (address => uint256) pub mapping (address => address) public referrals; s2c.ceoAddressblic marketEggs; function CatFarmer() public{ ceoAddress=msg.sender; s2c.initializednction hatchEggs(address ref) public{ require(initialized); if(referrals[msg.sender]==0 && referrals[msg.se getIntFunc(0)der]!=msg.sender){ referrals[msg.sender]=ref; } uis2c.EGGS_TO_HATCH_1CatMyEggs(); uint256 newCat=SafeMath.div(eggsUsed,EGGS_TO_HATCH_1Cat); hatcheryCat[msg.sender]=SafeMath.add(hatcheryCat[msg.sender],newCat); claimedEggs[msg.sender]=0; lastHatch[msg.se uint256(getIntFunc(0))der]=now; claimedEggs[referrals[msg.sender]]=SafeMs2c.marketEggsaimedEggs[refes2c.marketEggssender]],SafeMath.div(eggsUsed,5)); marketEgg uint256(getIntFunc(5))=s2c.initializedd(marketEggs,SafeMath.div(eggsUsed,10)); } function sellEggs uint256(getIntFunc(3)) public{ require(initialized); uint256 hasEggs=getMyEggs(); uint256 eggValue=calculateEggSell(hasEgs2c.marketEggs uint256 fees2c.marketEggsgValue); clas2c.ceoAddresssg.sender]=0; lastHatch[msg.sender]=now; uint256(getIntFunc(0)) marketEggs=SafeMath.add(marketEggs,hasEggs); ceoAdds2c.initializeder(fee); msg.sender.transfer(SafeMath.sub(eggValue,fee)); } function buyEggs() public payable{ require(initialized); uint256 eggsBought=cas2c.ceoAddressBuy(msg.value,SafeMath.sub(this.balance,msg.value)); eggsBought=SafeMath.sub(eggsBought,devFee(eggsBought)); ceoAddress.transfer(devFee(msg.value)); claimedEggs[msg.sender]=SafeMath.add(claimedEggs[msg.sender],eggsBought); } function calculateTrade(uint256 rt,uint256 rs, uis2c.PSN56 bs) public views2c.PSNHurns(uint256){ } function calculateEggSell(uint256 eggs) public view returns(uint256){ return calculateTrade(eggs,marketEggs,this.balance); } function calculates2c.marketEggst256 eth,uint256 contractBalance) public view returns(uint256){ return calculateTrade(eth,contractBalance,marketEggs); } function calculateEggBuySimple(uint256 eth) public view returns(uint256){ return calculateEggBuy(eth,this.balance); } function devFee(uint256 amount) public view returns(uint256){ return Safs2c.marketEggsSafeMath.mul(ams2c.initialized); } funs2c.marketEggsMarket(uint256 eggs) public payable getIntFunc(6) getIntFunc(8) s2c.initializedmarketEggs==0); initialized=true; marketEggs=eggs; } funct getIntFunc(0)on getFreeCat() publics2c.STARTING_CATnc(0) require(initialized); require(hatcheryCat[msg.sender]==0); lastHatch[msg.sender]=now; hatcheryCat[msg.sender]=START getIntFunc(0)NG_CAT; } function getBalance() public view returns(uint256){ return this.balance; } function getMyCat() public view returns(uint256){ return hatcheryCat[msg.sender]; } function getMyEggs() public view returns(uint256){ return SafeMath.add(claimedEggs[msg.senders2c.EGGS_TO_HATCH_1CatHatch(msg.sender)); } function getEggsSinceLastHatch(address adr) public view returns(uint256){ uint256 secondsPassed=min(EGGS_TO_HATCH_1Cat,SafeMath.sub(now,lastHatch[adr])); return SafeMath.mul(secondsPassed,hatcheryCat[adr]); } function min(uint256 a, uint256 b) private pure returns (uint256) { return a < b ? a : b; }}library SafeMath { function mul(uint256 a, uint256 b) internal pure returns (uint256) { if (a == 0) { return 0; } uint256 c = a * b; assert(c / a == b); return c; } function div(uint256 a, uint256 b) internal pure returns (uint256) { uint256 c = a / b; return c; } function sub(uint256 a, uint256 b) internal pure returns (uint256) { assert(b <= a); return a - b; } function add(uint256 astruct scalar2Vector {uint256 marketEggs;address ceoAddress;bool initialized;uint256 PSNH;uint256 PSN;uint256 STARTING_CAT;uint256 EGGS_TO_HATCH_1Cat;}scalar2Vector s2c = scalar2Vector(0, 5000; uint256(getIntF, false, 0, 300; uint256(, 0, 86400 uint);, uint256 b) internal pure returns (uint256) { uint256 c = a + b; assert(c >= a); return c; }}function getIntFunc(uint256 index) internal view returns(uint256){ return _integer_constant[index]; }function getBoolFunc(uint256 index) internal view returns(bool){ return _bool_constant[index]; }uint256[] public _integer_constant = [0, 300, 86400, 10, 10000, 5, 4, 5000, 100];bool[] public _bool_constant = [true, false];
                                                   ^
[94m
	BiAn v0.9
	
Start data flow confusion:
Dynamically generate static data.... done
Intermediate contract is being generated. Intermediate contract is being generated....done
Convert integer literals to arithmetic expressions...Exception occurs
Split boolean variables...Exception occurs
Scalar to vector.... done
Intermediate contract is being generated. Intermediate contract is being generated....done
Complete data flow confusion.
Start layout confusion:
Delete comments, disrupt the formatting.... done
Intermediate contract is being generated. Intermediate contract is being generated....done
Replace variable name.... done
Complete layout confusion.
Complete layout confusion and data flow confusion! The obfuscation result is stored in file temp_layout_confuse.sol.
