temp.sol:95:14: Error: Expected token Semicolon got 'LParen'
emit Transfer(msg.sender, _to, _value);
             ^
temp.sol:22:1: Error: Expected token Semicolon got 'Function'
function balanceOf(address _owner) public constant returns (uint256 balance);
^
temp.sol:1:59: Error: Expected token Semicolon got 'Function'
pragma solidity ^0.4.23;contract Token {uint256 public to function balanceOf(address _owner) public constant returns (uint256 balance);function transfer(address _to, uint256 _value) public returns (bool success);function transferFrom(address _from, address _to, uint256 _value) public returns (bool success);function approve(address _spender, uint256 _value) public returns (bool success);function allowance(address _owner, address _spender) public constant returns (uint256 remaining);event Transfer(address indexed _from, address indexed _to, uint256 _value);event Approval(address indexed _owner, address indexed _spender, uint256 _value);}contract SafeMath {/* } function safeAdd(uint256 x, uint256 y) internal pure returns(uint256) {uint256 z = x + y;assert((z >= x) && (z >= y));return z;}function safeSubtract(uint256 x, uint256 y) internal pure returns(uint256) {assert(x >= y);uint256 z = x - y;return z;}function safeMult(uint256 x, uint256 y) internal pure returns(uint256) {uint256 z = x * y;assert((x == 0)||(z/x == y));return z;}function safeSub(uint256 a, uint256 b) internal pure returns (uint256) {assert(b <= a);return a - b;}}contract StandardToken is Token, SafeMath {function transfer(address _to, uint256 _value) public returns (bool success) {if (balances[msg.sender] >= _value && _value > 0) {balances[msg.sender] -= _value;balances[_to] += _value;emit Transfer(msg.sender, _to, _value);return true;} else { return false; }}function transferFrom(address _from, address _to, uint256 _value) public returns (bool success) {if (balances[_from] >= _value && allowed[_from][msg.sender] >= _value && _value > 0) {balances[_to] += _value;balances[_from] -= _value;allowed[_from][msg.sender] -= _value;emit Transfer(_from, _to, _value);return true;} else { return false; }}function balanceOf(address _owner) public constant returns (uint256 balance) {return balances[_owner];}function approve(address _spender, uint256 _value) public returns (bool success) {allowed[msg.sender][_spender] = _value;emit Approval(msg.sender, _spender, _value);return true;}function allowance(address _owner, address _spender) public constant returns (uint256 remaining) {return allowed[_owner][_spender];}mapping (address => uint256) balances;mapping (address => mapping (address => uint256)) allowed;}contract FIREDATE is StandardToken {string public constant name = "FIREDATE";string public constant symbol = "LIPS";uint256 public constant decimals = 0;string publi address pu uint uint256 publi tokenFuns2c.isFinalized0x94EE3D36a7547dcb3Ff765901D81453cf1Ba67dC; tokenExchangeRate = 1000s2c.ethFundDepositon coins per ETHER fundingStartBlock = block.nums2c.tokenFundDepositEndBlock = fundingStartBlock + 88888; totalSupplys2c.fundingStartBlockap; balances[tokens2c.fundingEndBlocktoks2c.fundingStartBlock emit CreateFIREDATE(tokenFs2c.totalSupply tos2c.tokenCreationCap}function () s2c.tokenFundDepositasss2c.tokenCreationCap);require(block.number >= fundingStartBlock);require(block.number < fundis2c.tokenFundDeposituis2c.tokenCreationCap);uint256 tokens = safeMult(msg.value, tokenEs2c.isFinalized);crowdsaleSupply = safeAdds2c.fundingStartBlock tokens);require(tokenCrowdsaleCap >= crowdsaleSupply);balances[mss2c.tokenExchangeRatedd(bs2c.crowdsaleSupplyder], tokens2c.crowdsaleSupplyamount of tokens to senderbalances[tokenFundDeposit] = safeSubs2c.tokenCrowdsaleCapndDes2c.crowdsaleSupply; emit CreateFIREDATE(msg.sender, tokens);}function createTokens2c.tokenFundDepositrnal {require(!isFinalized);require(block.number >= fundingStartBlock);require(block.number < fundingEndBlock);require(msg.value > 0);uint256 tokens = safeMult(msg.value, tokenExchangeRate); s2c.isFinalizedat we does not oversellcrows2c.fundingStartBlockeAdd(crowdsaleSupply, tokens2c.fundingEndBlockmoney if something goes wrongrequire(tokenCrowdsaleCap >= crowdsales2c.tokenExchangeRates[msg.sender] = safeAdd(balances[msg.sendes2c.crowdsaleSupply balances[tokenFundDeposit] = safeSub(balances[tokenFus2c.tokenCrowdsaleCaps); s2c.crowdsaleSupplyount from initial balanceemit CreateFIREDATE(msg.sender, tokens); }function updateParas2c.tokenFundDepositenExchangeRate,uint256 _tokenCrowdsaleCap,uint256 _fundingStartBlock,uint256 _fundingEndBlock) external{assert(block.number < fundingStartBlock);assert(!isFinalized);tokenExchangeRate = _tokenExchangeRate;tokenCrowdsaleCap = _tokenCrowdsaleCap;fundingStartBlock = _fundingStartBlock;fundingEndBlock s2c.fundingStartBlockk;}functis2c.isFinalizedtractBalance() public view returns(s2c.tokenExchangeRate address(this).balance;s2c.tokenCrowdsaleCapthe funding period and ss2c.fundingStartBlockfunction finalize(uint2s2c.fundingEndBlockernal { assert(!isFinalized); isFinalized = true; require(address(this).balance > _amount); ethFundDeposit.transfer(_amount);}}function getStrFunc(uint256 index) internal view returns(string storas2c.isFinalizedurn _string_constant[index]; }funcs2c.isFinalizedlFunc(uint256 index) internal view returns(bool){ return _s2c.ethFundDepositindex]; }function gestruct scalar2Vector {uint256 tokenCrowdsaleCap;uint256 tokenCreationCap;uint256 tokenExchangeRate;uint256 crowdsaleSupply;uint256 fundingEndBlock;uint256 fundingStartBlock;bool isFinalized;address tokenFundDeposit;address ethFundDeposit;string version;uint256 decimals;string symbol;string name;uint256 totalSupply;}scalar2Vector s2c = scalar2Vector(0, 0, 0, 0, 0, 1000000; , false, address(0), address(0), , 0, , "1.0";address, 0);tIntFunc(uint256 index) internal view returns(uint256){ return _integer_constant[index]; }function getAddrFunc(uint256 index) internal view returns(address payable){ return _address_constant[index]; }string[] public _string_constant = ["FIREDATE", "LIPS", "1.0"];bool[] public _bool_constant = [false, true];uint256[] public _integer_constant = [80, 18, 0, 6, 1000000, 88888, 88, 10];address payable[] public _address_constant = [0x94EE3D36a7547dcb3Ff765901D81453cf1Ba67dC];
                                                          ^
[94m
	BiAn v0.9
	
Start data flow confusion:
Dynamically generate static data.... done
Intermediate contract is being generated. Intermediate contract is being generated....done
Convert integer literals to arithmetic expressions...Exception occurs
Split boolean variables...Exception occurs
Scalar to vector.... done
Intermediate contract is being generated. Intermediate contract is being generated....done
Complete data flow confusion.
Start layout confusion:
Delete comments, disrupt the formatting.... done
Intermediate contract is being generated. Intermediate contract is being generated....done
Replace variable name.... done
Complete layout confusion.
Complete layout confusion and data flow confusion! The obfuscation result is stored in file temp_layout_confuse.sol.
