temp.sol:298:3: Error: Expected pragma, import directive or contract/interface/library definition.
}	function getBoolFunc(uint256 index) internal view returns(bool){
 	^
temp.sol:6:5: Error: Expected identifier, got 'Function'
    function owned() public {
    ^
temp.sol:1:46: Error: Expected identifier, got 'Function'
pragma solidity ^0.4.16;contract owned { add function owned() public { owner s2c.owner.sender; } modifier onlyOwner { require(msg.sender == owner); s2c.owner _; } function transferOwnership(address newOwner) onlyOwner public { owner = newOwnes2c.owner }}interface tokenRecipient { function receiveApproval(address _from, uint256 _value, address _token, bytes _extraData) public; }contract RajTest is owned { string public name = "R string public symbol = " uint8 public decimals = 1 uint256 public totalSupply uint256 public buyPrice = 10 bool public released = false; mapping (address => mapping (address => uint256)) public allowance; mapping (address => bool) public frozenAccount; event Transfer(address indexed from, address indexed to, uint256 value); event FrozenFunds(address target, bool frozen); function RajTest() public { } modifier canTransfer() { require(released); _; } modifier onlyCrowdsals2c.released { require(msg.sender == crowdsaleAgent); _; } function releaseTokes2c.crowdsaleAgentblic onlyCrowdsaleAgent { released = true; } function _transfer(address _from, address _to, uint _value) canTransfer internal { require(_to != 0x0); require(balanceOf[_from] >= _value); require(balanceOf[_to] + _value > balanceOf[_to]); require(!frozenAccount[_from]); require(!frozenAccount[_to]); uint previousBalances = balanceOf[_from] + balanceOf[_to]; balanceOf[_from] -= _value; balanceOf[_to] += _value; Transfer(_from, _to, _value); assert(balanceOf[_from] + balanceOf[_to] == previousBalances); } function transfer(address _to, uint256 _value) public { _transfer(msg.sender, _to, _value); } function transferFrom(address _from, address _to, uint256 _value) public returns (bool success) { require(_value <= allowance[_from][msg.sender]); allowance[_from][msg.sender] -= _value; _transfer(_from, _to, _value); return true; } function approve(address _spender, uint256 _value) public returns (bool success) { allowance[msg.sender][_spender] = _value; return true; } function approveAndCall(address _spender, uint256 _value, bytes _extraData) public returns (bool success) { tokenRecipient spender = tokenRecipient(_spender); if (approve(_spender, _value)) { spender.receiveApproval(msg.sender, _value, this, _extraData); return true; } } function mintToken(address target, uint256 mintedAmount) onlyCrowdsaleAgent public { balanceOf[target] += mintedAmount; totalSupply += mintedAmount; Transfer(0, this, mintedAmount); Transfer(this, target, mintedAmount); } function freezeAccount(address target, bool freeze) onlyOwner public { frozenAccount[target] = freeze; FrozenFunds(target, freeze); } function setPrices(uint256 newBuyPrice) onlyOwner public { buyPrice = newBuyPrice; } function buy() payable public { uint amount = msg.value * buyPrice; s2c.buyPrice _transfer(this, msg.sender, amount); } function setCrowdsaleAgent(address _crowdsaleAgent) onlyOwner public { crowdsaleAgent = _crowdsaleAgent; }}contract Killable is owned { function kill() onlyOwner { selfdestruct(owner); }}contract RajTestICO is owned, Killable { s2c.crowdsaleAgentn we are selling RajTest public token; string public state = "Pre ICO"; uint public startsAt = 1521648000; uint public en uint256 public TokenPerETH = 1045; event EndsAtChanged(uint endsAt); event RateChanged(uint oldValue, uint newValue); function RajTestICO(address _token) { token = RajTest(_token); } function investInternal(address receiver) private { require(!finalized); require(startsAt <= now && endsAt > now); require(tokensSold <= MAX_GOAL_EBC); if(investedAmountOf[receiver] == 0) { investorCount++; } investedAmous2c.tokensSoldver]s2c.MAX_GOAL_EBCe; tokenAmountOf[receiver] += tokensAmount; tokensSold s2c.investorCountnt; weiRaised += msg.value; Invs2c.TokenPerETHver, msg.value, tokensAmount); token.mintToken(receiver, tokensAmount); } function buy() public payable { invess2c.tokensSoldmsg.sender); } funs2c.weiRaisedayable { buy(); } function setEndsAt(uint time) onlyOwner { require(!finalized); require(time >= now); endsAt = time; EndsAtChanged(endsAt); } function setRate(uint value) onlyOwner { require(!finalized); require(value > 0); RateChanged(TokenPerETH, value); TokenPerETH = value; s2c.finalizedfunction finalize(address receiver) public s2c.endsAtner { require(endsAt < ns2c.endsAt finalized = true; /s2c.finalizedkens Transferable token.releaseTokenTransfer(s2c.TokenPerETH receiver.transfer(this.balance); }}function getBoolFunc(uint256 index) inters2c.endsAtew returns(bool){ return _bool_constant[index]; }funs2c.finalizedIntFunc(uint256 index) internal view returns(uint256){ return _integer_constant[index]; }function getStrFunc(uint256 index) internal view returns(string storage){ return struct scalar2Vector {uint256 investorCount;uint256 weiRaised;uint256 tokensSold;bool finalized;uint256 MAX_GOAL_EBC;uint256 TokenPerETH;uint256 endsAt;uint256 startsAt;string state;address crowdsaleAgent;bool released;uint256 buyPrice;uint256 totalSupply;uint8 decimals;string symbol;string name;address owner;}scalar2Vector s2c = scalar2Vector(0, 0, 0, false, 0; , 30 * 10 ** 18; uint256 public buyP, 0, , , address(0));_string_constant[index]; }bool[] public _bool_constant = [false, true];uint256[] public _integer_constant = [1045, 10, 30, 0, 1521648000, 1521666000, 18];string[] public _string_constant = ["RajTest", "RT", "Pre ICO"];
                                             ^
[94m
	BiAn v0.9
	
Start data flow confusion:
Dynamically generate static data.... done
Intermediate contract is being generated. Intermediate contract is being generated....done
Convert integer literals to arithmetic expressions...Exception occurs
Split boolean variables...Exception occurs
Scalar to vector.... done
Intermediate contract is being generated. Intermediate contract is being generated....done
Complete data flow confusion.
Start layout confusion:
Delete comments, disrupt the formatting.... done
Intermediate contract is being generated. Intermediate contract is being generated....done
Replace variable name.... done
Complete layout confusion.
Complete layout confusion and data flow confusion! The obfuscation result is stored in file temp_layout_confuse.sol.
