temp.sol:62:36: Error: Expected token Semicolon got 'Identifier'
    string public constant symbol  getStrFunc(1) constant decimals = 18;
                                   ^
temp.sol:58:5: Error: Expected token RParen got 'Mapping'
    mapping (address => mapping (address => uint256)) allowed;
    ^
unrecognised option '--ast-json'
[94m
	BiAn v0.9
	
Start data flow confusion:
Dynamically generate static data.... done
Intermediate contract is being generated. Intermediate contract is being generated....done
Convert integer literals to arithmetic expressions...Exception occurs
Split boolean variables...Exception occurs
Scalar to vector.... done
Intermediate contract is being generated. Intermediate contract is being generated....done
Complete data flow confusion.
Start layout confusion:
Delete comments, disrupt the formatting.... done
Intermediate contract is being generated. Intermediate contract is being generated....done
Replace variable name.... done
Complete layout confusion.
Complete layout confusion and data flow confusion! The obfuscation result is stored in file temp_layout_confuse.sol.
Version checks for batch05_contract_004.sol_obf.sol:
Obf compat: 0/6
Obf compat: 0/6
