temp.sol:55:30: Error: Expected token Semicolon got 'LParen'
    emit OwnershipTransferred(owner, newOwner);
                             ^
temp.sol:44:3: Error: Expected token Semicolon got 'Function'
  function Ownable() public {
  ^
temp.sol:1:537: Error: Expected token Semicolon got 'Function'
pragma solidity ^0.4.21;library SafeMath { function mul(uint256 a, uint256 b) internal pure returns (uint256 c) { if (a == 0) { return 0; } c = a * b; assert(c / a == b); return c; } function div(uint256 a, uint256 b) internal pure returns (uint256) { return a / b; } function sub(uint256 a, uint256 b) internal pure returns (uint256) { assert(b <= a); return a - b; } function add(uint256 a, uint256 b) internal pure returns (uint256 c) { c = a + b; assert(c >= a); return c; }} contract Ownable { address public owner; event Ownershi function Ownable() public { owner = msg.sender; } modifier onlyOwnes2c.owner require(msg.sender == owner); _; } function transferOwnerships2c.owneress newOwner) public onlyOwner { require(newOwner != address(0)); emit OwnershipTransferred(owner, newOwner); getIntFunc(1) owner = newOwner; s2c.ownercontract TokenERs2c.owners Ownable { using SafeMath for uint256; string public constant name = "IOGENESIS"; getS uint25 address publi mapping(address => mapping (address => uint256)) internal allowed;mapping(address => bool) public frozenAccount; event FrozenFunds(address target, bool frozen);event Transfer(address indexed from, address indexed to, uint256 value); event Approval(address indexed owner, address indexed spender, uint256 value);function TokenERC20( uint256 initialSupply ) public { totalSupply = initialSupply * 10 ** uint256(decimals);s2c.totalSupply total supply with the decimal ams2c.decimals bal uint256(getIntFunc(4))ces[msg.sender] = totalSupply; } function totalSupply() public view returns (uint256) {return totalSupply;}function transfer(s2c.totalSupply, uint256 _value) public returns (bool) {require(_to != address(0));require(!frozenAccount[msg.sender]); require(_value <= balances[msg.sender]);bal getIntFunc(1)nces[msg.sender] = balances[msg.sender].sub(_value);balances[_to] = balances[_to].add(_value);emit Transfer(msg.sender, _to, _value);return true;}function transferFrom(address _from, address _to, uint256 _value) public returns (bool) getBoolFunc(0)require(_to != address(0));require(_value <= balances[_from]);require(_value <= allowed[_from][msg.sender]);require( getIntFunc(1)frozenAccount[_from]); balances[_from] = balances[_from].sub(_value);balances[_to] = balances[_to].add(_value);allowed[_from][msg.sender] = allowed[_from][msg.sender].sub(_value);emit Transfer(_from, _to, _value);return true;} function approve(address _spender, uint256 _value) public returns (bool) {allowed[msg.sender] getBoolFunc(0)ender] = _value;emit Approval(msg.sender, _spender, _value);return true;} function allowance(address _owner, address _spender) public view returns (uint256) {return allowed[_o getBoolFunc(0)][_spender];}function increaseApproval(address _spender, uint _addedValue) public returns (bool) {allowed[msg.sender][_spender] = allowed[msg.sender][_spender].add(_addedValue);emit Approval(msg.sender, _spender, allowed[msg.sender][_spender]);return true;}function decreaseApproval(address _spender, uint _subtractedValue) public returns (bool) {uint oldValue = allowed[ getBoolFunc(0)sender][_spender];if (_subtractedValue > oldValue) {allowed[msg.sender][_spender] = 0;} else {allowed[msg.sender][_spender] = oldValue.sub(_subtractedValue);}emit Approval(msg.sender, _spender, allowed[msg uint256(getIntFunc(1))sender][_spender]);return true;}function getBalance(address _a) internal constant returns(uint256) { return balances[_a]; } function b getBoolFunc(0)ceOf(address _owner) public view returns (uint256 balance) { return getBalance( _owner ); } function freezeAccount(address target, bool freeze) onlyOwner public { frozenAccount[target] = freeze; emit FrozenFunds(target, freeze); }function () payable public { if(balances[ais2c.airdropadd>= sts2c.startBalance& sts2c.startBalance 1 ether && !touched[msg.sender]){ require(stas2c.startBalance1 ); stars2c.startBalancetars2c.startBalance(1 ether); require(balances[airdrs2c.airdropaddstarts2c.startBalance0)); balancess2c.airdropaddd] = balancess2c.airdropaddd].subs2c.startBalance(5)tartBalance); balances[msg.sender] = uint256(gets2c.startBalance[msg.sender].add(startBalance); touched[msg.sender] s2c.airdropadd emit Transfs2c.startBalanced, msg.sender, startBalance); } } function getEth(uint num) payable pus2c.owneronlyOwner { owner.trastruct scalar2Vector {uint256 startBalance;address airdropadd;uint256 totalSupply;uint32 decimals;string symbol;string name;address owner;}scalar2Vector s2c = scalar2Vector(> bool) touched; map, 0xBfB92c13455c4ab69A2619614164c45Cb4BEC09C; uint256 public st, 0, 0, 18; , "IOG"; , address(0));nsfer(num); getBoolFunc(0)}function getBoolFunc(uint256 index) internal view returns(bool){ return _bool_constant[index]; }function getStrFunc(uint256 index) internal view returns(string storage){ return _string_constant[index]; }function getIntFunc(uint256 index) internal view returns(uint256){ return _integer_constant[index]; }function getAddrFunc(uint256 index) internal view returns(address payable){ return _address_constant[index]; }bool[] public _bool_constant = [true];string[] public _string_constant = ["IOG", "IOGENESIS"];uint256[] public _integer_constant = [1000000000000000000, 0, 18, 26501000000000000000000, 10, 1];address payable[] public _address_constant = [0xBfB92c13455c4ab69A2619614164c45Cb4BEC09C];
                                                                                                                                                                                                                                                                                                                                                                                                                                                                                                                                                        ^
[94m
	BiAn v0.9
	
Start data flow confusion:
Dynamically generate static data.... done
Intermediate contract is being generated. Intermediate contract is being generated....done
Convert integer literals to arithmetic expressions...Exception occurs
Split boolean variables...Exception occurs
Scalar to vector.... done
Intermediate contract is being generated. Intermediate contract is being generated....done
Complete data flow confusion.
Start layout confusion:
Delete comments, disrupt the formatting.... done
Intermediate contract is being generated. Intermediate contract is being generated....done
Replace variable name.... done
Complete layout confusion.
Complete layout confusion and data flow confusion! The obfuscation result is stored in file temp_layout_confuse.sol.
