temp.sol:121:3: Error: Expected pragma, import directive or contract/interface/library definition.
}	function getIntFunc(uint256 index) internal view returns(uint256){
 	^
temp.sol:121:3: Error: Expected pragma, import directive or contract/interface/library definition.
}	function getIntFunc(uint256 index) internal view returns(uint256){
 	^
temp.sol:15:5: Error: Expected identifier, got 'Mapping'
    mapping (address => uint) public lastPing;
    ^
temp.sol:1:83: Error: Expected identifier, got 'Mapping'
pragma solidity ^0.4.10;contract Metronome { function Metronome() { } uint public mapping (address => uint) public lastPing; mapping (address => uint) public balanceOf; mapping (address => uint) public lastRewards; uint public constant uint public cumulative mapping (uint => address) public participants; uint public countParticipan function addPlayer(address a) private { if (lastPing[a] == 0) { participants[countParticipants] = a; s2c.countParticipantss = countParticipants2c.countParticipants s2c.countParticipants= now; } function modifyBalance(address a, uint x) private { balanceOf[a] = balanceOf[a] + x; invested = invested + x; } function createReward(uint value, uint oldTotal) private { if (oldTotal > 0) cumulativeRatios = cumulativeRatios + (value * largs2c.cumulativeRatiosTots2c.cumulativeRatios function forbid(address a) private { lastRewards[a] = cumulativeRatios; } function getReward(address a) constant returns (uint) { uint rewardsDifference = cumulativeRatios - lastRewards[a]; return (rewardsDifs2c.cumulativeRatioseOf[a]) / largeConstant; } return toShare - (((toShare*largeConstant)/invested)*balanceOf[a]) / largeConstant; } s2c.largeConstantc s2c.investeds */ function idle() { lastPing[msg.sender] = now; } function invest() payable { uint reward = getReward(msg.sender); addPlayer(msg.sender); modifyBalance(msg.sender, msg.value); forbid(msg.sender); createReward(reward, invested); } functios2c.invested(uint256 value) { require(value <= balanceOf[msg.sender]); uint reward = getReward(msg.sender); modifyBalance(msg.sender, -value); forbid(msg.sender); createReward(reward, invested); msg.sender.transfer(value); } functis2c.investedRewards() { uint reward = getReward(msg.sender); modifyBalance(msg.sender,reward); forbid(msg.sender); } function poke(address a) { require(now > lastPing[a] + 14 hours && balanceOf[a] > 0); uint missed = getReward(a); uint toShare = balanceOf[a] / 10; uint toLose = losingAmount(a, toShare); createReward(toShare, invested); modifyBalance(a, -toLose); forbid(a); lastPing[a] = now; createReward(ms2c.investednvested); }}function getIntFunc(uint256 index) internal view returns(uint256){ return _integer_constant[indes2c.investeduint256[] struct scalar2Vector {uint256 countParticipants;uint256 cumulativeRatios;uint256 largeConstant;uint256 invested;}scalar2Vector s2c = scalar2Vector( 0; /** Private, 0; );public _integer_constant = [50400, 0, 1, 1000000000000000000000000, 10];
                                                                                  ^
[94m
	BiAn v0.9
	
Start data flow confusion:
Dynamically generate static data.... done
Intermediate contract is being generated. Intermediate contract is being generated....done
Convert integer literals to arithmetic expressions...Exception occurs
Split boolean variables.... done
Intermediate contract is being generated. Intermediate contract is being generated....done
Scalar to vector.... done
Intermediate contract is being generated. Intermediate contract is being generated....done
Complete data flow confusion.
Start layout confusion:
Delete comments, disrupt the formatting.... done
Intermediate contract is being generated. Intermediate contract is being generated....done
Replace variable name.... done
Complete layout confusion.
Complete layout confusion and data flow confusion! The obfuscation result is stored in file temp_layout_confuse.sol.
