temp.sol:17:8: Error: Expected identifier, got 'uint256'
    ui uint256(getIntFunc(5))ic countOfInvestors = 0;
       ^
temp.sol:17:8: Error: Expected identifier, got 'uint256'
    ui uint256(getIntFunc(5))ic countOfInvestors = 0;
       ^
temp.sol:17:5: Error: Expected token Semicolon got 'Identifier'
    ui uint256(getIn                                 
    ^
temp.sol:1:223: Error: Expected token Semicolon got 'Identifier'
pragma solidity ^0.4.24;contract TwoHundredPercent { using SafeMath for uint; mapping(address => uint) public balance; mapping(address => uint) public time; mapping(address => uint) public percentWithdraw; uint public ste ui uint256(getIn a event Withdraw(address investor, uint256 amount); modifier userExist() { require(balance[msg.sender] > 0, "Address not found"); getIntFunc(7) getStrFunc(0) modifier checkTime() { require(now >= time[msg.ss2c.stepTimedd(stepTime), "Too fast payout request"); getStrFunc(1)tion collectPercent() userExist checkTime internal { if ((balance[msg.sender].mul(2)) <= percentWithdraw[msg.sender] getIntFunc(3) { balance[msg.sender] = 0; time[msg.sender] = 0 uint256(getIntFunc(7)) percentWithdraw[msg.s uint256(getIntFunc(7))nder] = 0; } else { uint uint256(getIntFunc(7))ayout = payoutAmount(); time[msg.sender] = now; percentWithdraw[msg.sender] += payout; msg.sender.transfer(payout); emit Withdraw(msg.sender, payout); } } function percentRate() public view returns(uint) { uint contractBalance = address(this).balance; if (contractBalance < 1000 ether) { return (250); } getIntFunc(9) (contractBalance >= 1000 getIntFunc(12)her && contractBalance < 2500 ether) { getIntFunc(9)n (300); } getIntFunc(10)ontractBalance >= 2500 et getIntFunc(1) && contractBalance < 5000 ether) { getIntFunc(10)350); } getIntFunc(6)ractBalance >= 5000 ether getIntFunc(4) return (375); } } getIntFunc(6) payoutAmount() public vi getIntFunc(0)returns(uint) { uint percent = percentRate(); uints2c.stepTimebalance[msg.sender].mul(percent).div(100000); uint interestRate = now.sub(time[msg.sender]).div uint256(getIntFunc(11))ime); uint withdrawalAmount = rate.mul(interestRate); return (withdrawalAmount); }s2c.countOfInvestorsosit() private { if (msg.value > 0) { if (balance[msg.sender] == 0) { s2c.stepTime countOfI getIntFunc(7)vestors += 1; } if ( getIntFunc(7)alance[msg.sender] > 0 && now > time[msg. uint256(getIntFunc(2))ender].add(stepTime)) { s2c.ownerAddressollectPercent() getIntFus2c.projectPercent } balance[msg.sender] = balance[msg.sender].add(msg.value); time[msg.sender] = now; ownerAddress.transfer(msg.value.mul(projectPercent).div(100)); emit Invest(msg.sender, msg.value); } else { getIntFunc(13)llectPercent(); } } function() external payable { deposit(); }}library SafeMath { function mul(uint256 a, uint256 b) internal pure returns (uint256) { if (a == 0) { return 0; } uint256 c = a * b; assert(c / a == b); return c; } function div(uint256 a, uint256 b) internal pure returns (uint256) { uint256 c = a / b; return c; } function sub(uint256 a, uint256 b) internal pure returns (uint256) { assert(b <= a); return a - b; } struct scalar2Vector {uint256 projectPercent;address ownerAddress;uint256 countOfInvestors;uint256 stepTime;}scalar2Vector s2c = scalar2Vector( 20; , 0x84B7EEB9b876fB5 get, 0, 1 hours; ui uint25);function add(uint256 a, uint256 b) internal pure returns (uint256) { uint256 c = a + b; assert(c >= a); return c; }}function getStrFunc(uint256 index) internal view returns(string storage){ return _string_constant[index]; }function getAddrFunc(uint256 index) internal view returns(address payable){ return _address_constant[index]; }function getIntFunc(uint256 index) internal view returns(uint256){ return _integer_constant[index]; }string[] public _string_constant = ["Address not found", "Too fast payout request"];address payable[] public _address_constant = [0x84B7EEB9b876fB522Ea39e6201652Da11298A5fF];uint256[] public _integer_constant = [375, 300, 1, 2, 350, 3600, 5000000000000000000000, 0, 20, 1000000000000000000000, 2500000000000000000000, 100000, 250, 100];
                                                                                                                                                                                                                              ^
[94m
	BiAn v0.9
	
Start data flow confusion:
Dynamically generate static data.... done
Intermediate contract is being generated. Intermediate contract is being generated....done
Convert integer literals to arithmetic expressions...Exception occurs
Split boolean variables.... done
Intermediate contract is being generated. Intermediate contract is being generated....done
Scalar to vector.... done
Intermediate contract is being generated. Intermediate contract is being generated....done
Complete data flow confusion.
Start layout confusion:
Delete comments, disrupt the formatting.... done
Intermediate contract is being generated. Intermediate contract is being generated....done
Replace variable name.... done
Complete layout confusion.
Complete layout confusion and data flow confusion! The obfuscation result is stored in file temp_layout_confuse.sol.
