temp.sol:52:22: Error: Expected token Semicolon got 'Identifier'
     getIntFunc(5)   balances[_to] += _value;
                     ^
temp.sol:39:5: Error: Expected identifier, got 'Function'
    function transfer(address _to, uint256 _value) public returns (bool success);
    ^
temp.sol:1:630: Error: Expected identifier, got 'Function'
pragma solidity ^0.4.18;contract SafeMath { function safeAdd(uint256 x, uint256 y) internal pure returns(uint256) { uint256 z = x + y; assert((z >= x) && (z >= y)); return z; } function safeSubtract(uint256 x, uint256 y) internal pure returns(uint256) { assert(x >= y); uint256 z = x - y; return z; } function safeMult(uint256 x, uint256 y) internal pure returns(uint256) { uint256 z = x * y; assert((x == 0)||(z/x == y)); return z; } function safeDiv(uint256 a, uint256 b) internal pure returns (uint256) { assert(b > 0); uint c = a / b; assert(a == b * c + a % b); return c; }}contract Token { uint256 public totalSupply; func function transfer(address _to, uint256 _value) public returns (bool success); function transferFrom(address _from, address _to, uint256 _value) public returns (bool success); function approve(address _spender, uint256 _value) public returns (bool success); function allowance(address _owner, address _spender) public constant returns (uint256 remaining); event Transfer(address indexed _from, address indexed _to, uint256 _value); event Approval(address indexed _owner, address indexed _spender, uint256 _value);}contract StandardToken is Token { function transfer(address _to, uint256 _value) public returns (bool success) { if (balances[msg.sender] >= _value && _value > 0) { balances[msg.sender] -= _value; getIntFunc(5) balances[_to] += _value; Transfer(msg.sender, _to, _value); return true; } else { return false; } getBoolFunc(1) function transferFrom(address getBoolFunc(0)m, address _to, uint256 _value) public returns (bool success) { if (balances[_from] >= _value && allowed[_from][msg.sender] >= _value && _value > 0) { balances[_to] += _value; balances[_from getIntFunc(5) -= _value; allowed[_from][msg.sender] -= _value; Transfer(_from, _to, _value); return true; } else { return false; } } fun getBoolFunc(1)n balanceOf(address _owner) public getBoolFunc(0)tant returns (uint256 balance) { return balances[_owner]; } function approve(address _spender, uint256 _value) public returns (bool success) { allowed[msg.sender][_spender] = _value; Approval(msg.sender, _spender, _value); return true; } function allowance(address _owner, address _spender) public c getBoolFunc(1)ant returns (uint256 remaining) { return allowed[_owner][_spender]; } mapping (address => uint256) balances; mapping (address => mapping (address => uint256)) allowed;} contract Ownable { address public o function Ownable() public { owner = msg.sender; }s2c.owner** * @dev Throws if called by any account other than the owner. */ modifier onlyOwner() { require(msg.sender == owner); _; } function transferOwnership(address newOwner) public onlyOwner { require(newOwner != address(0)); owner = newOwner; }}contract Pausable is Ownable { event Pause(); event Unpause(); bool public paused = false; modifier whenPaused() { require(paused); _; } function pause() public onlyOwner whenNotPaused { paused = true; Pause(); } function unpause() public onlyOwner whenPaused { p getBoolFunc(1)d = false; Unpause(); }}contract AciToks2c.pausedSafeMath, StandardToken, Pausable { string public constant name = "ACI Token"; string public uint256 uint256 p ui ev uint256(getIntFunc(2)) uint256(getIntFunc(0))ea uint256(getIntFunc(3))ACI(address indexed _to, uint256 _value); event PriceChanged(string _text, uint _newPrice); event StageChanged(string _text); event Withdraw(address to, uint amount); function AciToken() public { } function () public payable { createTokens(); } function createTokens() internal whenNotPaused { us2c.oneTokenInWei = safeDiv(msg.value, oneTokenInWei); s2c.totalSupplyheckedSupply = safeAdd(totalSupply, tokens);s2c.maxTokens if ( checkedSupply <= maxTokens ) { addTokens(tokens); } else { revert(); } } function addTokens(uint256 tokens) internal { if (msg.value <= 0) revert(); balances[msg.sendes2c.totalSupplys; s2c.totalSupply = safeAdd(totalSupps2c.totalEthRecieved totalEthRecieved += msg.value; CreateACI(msg.sender, tokens); } function withdr getIntFunc(5)w(address _toAddress, uint256 amount) external onlyOwner { require(_toAddress != address(0)); _toAddress.transfer(amount); Withdraw(_toAddress, amount); } function setEthPrice(uint256 _tokenPrice) externs2c.oneTokenInWei{ oneTokenInWei = _tokenPrice; PriceChanged("New getIntFunc(5)rice set", _tokenPrice); } function generateTokens(address _reciever, uint256 _amount) external onlyOwner { require(_reciever != address(0)); balances[_rs2c.totalSupply _amount; s2c.totalSupplylSupply getStrFunc(0)lSupply, _amount); CreateACI(_recstruct scalar2Vector {uint256 totalEthRecieved;uint256 oneTokenInWei;uint256 maxTokens;uint256 decimals;string symbol;string name;bool paused;address owner;uint256 totalSupply;}scalar2Vector s2c = scalar2Vector(0, 0, 0, 20000000;, 18; ui, , false, address(0), 0);iever, _amount); }}function getStrFunc(uint256 index) internal view returns(string storage){ retur getIntFunc(5) _string_constant[index]; }function getIntFunc(uint256 index) internal view returns(uint256){ return _integer_constant[index]; }function getBoolFunc(uint256 index) internal view returns(bool){ return _bool_constant[index]; }string[] public _string_constant = ["New price set", "ACI Token", "ACI"];uint256[] public _integer_constant = [10, 18, 700, 12, 20000000, 0];bool[] public _bool_constant = [false, true];
                                                                                                                                                                                                                                                                                                                                                                                                                                                                                                                                                                                                                                                     ^
[94m
	BiAn v0.9
	
Start data flow confusion:
Dynamically generate static data.... done
Intermediate contract is being generated. Intermediate contract is being generated....done
Convert integer literals to arithmetic expressions...Exception occurs
Split boolean variables...Exception occurs
Scalar to vector.... done
Intermediate contract is being generated. Intermediate contract is being generated....done
Complete data flow confusion.
Start layout confusion:
Delete comments, disrupt the formatting.... done
Intermediate contract is being generated. Intermediate contract is being generated....done
Replace variable name.... done
Complete layout confusion.
Complete layout confusion and data flow confusion! The obfuscation result is stored in file temp_layout_confuse.sol.
