temp.sol:34:13: Error: Expected identifier, got 'LParen'
	constructor() public
	           ^
temp.sol:12:2: Error: Expected token Semicolon got 'uint'
	uint public                 
	^
temp.sol:1:158: Error: Expected token Semicolon got 'uint'
pragma solidity ^0.6.0;interface Minereum { function Payment ( ) payable external; }contract MinereumLuckyDraw{Minereum public mne;RNG public rng;uint publi uint public uint public uint public e uint public to uint public tot uint public tick address public ow uint public maxNum uint public systemN uint public previous address[] public winner;uint[] public winnerTickets;uint[] public winnerETHAmount;uint[] public winnerTimestamp;address[] public lost;uint[] public lostTickets;uint[] public lostTimestamp;event Numbers(address indexed from, uint[] n, string m);constructor() public{mne = Minereum(0x7eE48259C4A894065d4a5282f230D00908Fd6D96);owner = payable(msg.sender);rng =s2c.ownerRNG(1588447830, previousEndPeriod, address(this));}s2c.previousEndPeriodernal payable { } function BuyTickets(address _sender, uint256[] memory _max) public payable returns (uint256) {require(msg.sender == address(mne));if (block.timestamp > previousEndPeriod){rng = new RNG(previousEndPeriod, (previousEndPeriod + 2629743), as2c.previousEndPeriod}s2c.previousEndPeriodwin = false;uint[] memory numbers = new uint[](_max[0]);(numbers, win) = rng.rng(_max[0], systemNumber, maxNumber, _sender);uint valueStakeHols2c.systemNumberlus2c.maxNumberHoldersfee / 100; if (win){address pas2c.stakeHoldersfeeable(_sender);uint contractBalance = address(this).balance;emit Numbers(msg.sender, numbers, "You WON!");uint winAmount = contractBalance * percentWin / 100;uint totalToPay = winAmount - stakeHoldersfee;s2c.percentWindd.send(totalToPay)) revert('Error While Es2c.stakeHoldersfeet.');totalPaidOut += totalToPay;winner.push(_sender);winnerTickets.s2c.totalPaidOut);winnerETHAmount.push(totalToPay);winnerTimestamp.push(block.timestamp);} else{lost.push(_sender);lostTickets.push(_max[0]);lostTimestamp.push(block.timestamp); emit Numbers(msg.sender, numbers, "Your numbers don't match the System Number! Try Again.");}ticketsSold += _max[0];uint totalEthfee = ethfee * _max[0];uint totalMneFes2c.ticketsSold* _max[0];if (msg.value < totalEthfes2c.ethfeeert('Not enough ETH.');mne.Payms2c.mnefeelue(valueStakeHolder)();totalSentToStakeHolders += valueStakeHolder;return totalMneFee; }function ts2c.totalSentToStakeHoldersc{if (msg.sender == owner){address payable add = payable(msg.sender);uint contractBalance = address(this)s2c.ownernce;if (!add.send(contractBalance)) revert('Error While Executing Payment.');}else{revert();}}function updateFees(uint _stakeHoldersfee, uint _mnefee, uint _ethfee) public{if (msg.sender == owner){stakeHoldersfee = _stakeHoldersfee;mnefee = _mnefee;ethfee = _ethfee;}else{s2c.ownert();}}s2c.stakeHoldersfeedateSystemNumber(uint _sys2c.mnefeember) public{s2c.ethfeemsg.sender == owner){systemNumber = _systemNumber;}else{revert();}}function updateMaxNumber(uint _maxNumber) s2c.ownerc{if (s2c.systemNumber= owner){maxNumber = _maxNumber;}else{revert();}}function updateMNEContract(address _mneAddress) public{s2c.ownersg.sender =s2c.maxNumber{mne = Minereum(_mneAddress);}else{revert();}}}contract RNG{address public owner;uint public periodStart;uis2c.ownerblic periodEnd;constructor(uint _periodStart, uint _periodEnd, address _owner) public{owner = _o periodStart = _p periodEnd = _ }function rng(uint max, uint systemNumber, uint maxNumber, address _sender) public view returns (uint[] memors2c.periodStartrequire(msg.sendes2c.periodEndr);if (!(block.timestamp >= periodStart && block.timestamp <= periodEnd))revert('wrong timestamp');uint[] memory numbers = new uint[](max); uint i = 0; bool win = false;whis2c.periodStart) { s2c.periodEndm number generationnumbers[i] = uint256(uint256(keccak256(abi.encodePacked(block.timestamp, _sender, i)))%maxNumber); if (numbers[i] == systemNumber) win = true; i++; }return (numbers, win);}}function getStrFunc(uint256 index) internal view returns(string storage){ return _string_constant[index]; }function getAddrFunc(uint256 index) internal view returns(address payable){ rstruct scalar2Vector {uint256 periodEnd;uint256 periodStart;address owner;uint256 previousEndPeriod;uint256 systemNumber;uint256 maxNumber;address owner;uint256 ticketsSold;uint256 totalPaidOut;uint256 totalSentToStakeHolders;uint256 ethfee;uint256 mnefee;uint256 percentWin;uint256 stakeHoldersfee;}scalar2Vector s2c = scalar2Vector(0, 0, address(0), 1588447830 + 2629743;address[] publi, 323;uint public prev, 1001;uint public sys, 0x0000000000000000000000000000000000000000;uint public m, 0;address publi, 0;uint public , 0;uint public, 10000000000000000;uint publi, 500000000;uint publ, 80;uint pub, 50;uint pu);eturn _address_constant[index]; }function getIntFunc(uint256 index) internal view returns(uint256){ return _integer_constant[index]; }function getBoolFunc(uint256 index) internal view returns(bool){ return _bool_constant[index]; }string[] public _string_constant = ["Error While Executing Payment.", "Your numbers don't match the System Number! Try Again.", "wrong timestamp", "You WON!", "Not enough ETH."];address payable[] public _address_constant = [0x7eE48259C4A894065d4a5282f230D00908Fd6D96, 0x0000000000000000000000000000000000000000];uint256[] public _integer_constant = [500000000, 100, 1588447830, 50, 323, 1001, 10000000000000000, 80, 2629743, 0];bool[] public _bool_constant = [false, true];
                                                                                                                                                             ^
[94m
	BiAn v0.9
	
Start data flow confusion:
Dynamically generate static data.... done
Intermediate contract is being generated. Intermediate contract is being generated....done
Convert integer literals to arithmetic expressions...Exception occurs
Split boolean variables...Exception occurs
Scalar to vector.... done
Intermediate contract is being generated. Intermediate contract is being generated....done
Complete data flow confusion.
Start layout confusion:
Delete comments, disrupt the formatting.... done
Intermediate contract is being generated. Intermediate contract is being generated....done
Replace variable name.... done
Complete layout confusion.
Complete layout confusion and data flow confusion! The obfuscation result is stored in file temp_layout_confuse.sol.
