temp.sol:246:3: Error: Expected pragma, import directive or contract/interface/library definition.
}	function getStrFunc(uint256 index) internal view returns(string storage){
 	^
temp.sol:6:5: Error: Expected identifier, got 'Function'
    function owned() public {
    ^
temp.sol:1:46: Error: Expected identifier, got 'Function'
pragma solidity ^0.4.18;contract owned { add function owned() public { owner s2c.owner.sender; } modifier onlyOwner { require(msg.sender == owner); s2c.owner _; } function transferOwnership(address newOwner) onlyOwner public { owner = newOwnes2c.owner }}interface tokenRecipient { function receiveApproval(address _from, uint256 _value, address _token, bytes _extraData) public; }contract TokenERC20 { string public name; mapping (address => uint256) public balanceOf; mapping (address => mapping (address => uint256)) public allowance; event Transfer(address indexed from, address indexed to, uint256 value); event Burn(address indexed from, uint256 value); function TokenERC20( uint256 initialSupply, string tokenName, string tokenSymbol ) public { totalSupply = initialSupply * 10 ** uint256(decimas2c.totalSupplydate total supply with the decimas2c.decimals balanceOf[msg.sender] = totalSupply; name = tokenName; s2c.nameet the name for display purposes symbol = tokenSymbol; /s2c.symbolthe symbol for display purposes } function _transfer(address _from, address _to, uint _value) internal { require(_to != 0x0); require(balanceOf[_from] >= _value); require(balanceOf[_to] + _value > balanceOf[_to]); uint previousBalances = balanceOf[_from] + balanceOf[_to]; balanceOf[_from] -= _value; balanceOf[_to] += _value; Transfer(_from, _to, _value); assert(balanceOf[_from] + balanceOf[_to] == previousBalances); } function transfer(address _to, uint256 _value) public { _transfer(msg.sender, _to, _value); } function transferFrom(address _from, address _to, uint256 _value) public returns (bool success) { require(_value <= allowance[_from][msg.sender]); allowance[_from][msg.sender] -= _value; _transfer(_from, _to, _value); return true; } function approve(address _spender, uint256 _value) public returns (bool success) { allowance[msg.sender][_spender] = _value; return true; } function approveAndCall(address _spender, uint256 _value, bytes _extraData) public returns (bool success) { tokenRecipient spender = tokenRecipient(_spender); if (approve(_spender, _value)) { spender.receiveApproval(msg.sender, _value, this, _extraData); return true; } } function burn(uint256 _value) public returns (bool success) { require(balanceOf[msg.sender] >= _value); balanceOf[msg.sender] -= _value; totalSupply -= _value; Burn(msg.sender, _value); return true; } function burnFrom(address _from, uint256 _value) public returns (bool success) { require(balanceOf[_from] >= _value); require(_value <= allowance[_from][msg.sender]); balanceOf[_from] -= _value; allowance[_from][msg.sender] -= _value; totalSupply -= _value; Burn(_from, _value); return true; }}contract PoliticoinToken is owned, TokenERC20 { uint256 public sellPrice = 63770; uint256 public buyPrice = 63800; mapping (address => bool) public frozenAccount; /* This ge require (balanceOf[_from] >= _value); require (balanceOf[_to] + _value > balanceOf[_to]); require(!frozenAccount[_from]); require(!frozenAccount[_to]); balanceOf[_from] -= _value; balanceOf[_to] += _value; Transfer(_from, _to, _value); } function mintToken(address target, uint256 mintedAmount) onlyOwner public { balanceOf[target] += mintedAmount; totalSupply += mintedAmount; Transfer(0, this, mintedAmount); Transfer(this, target, mintedAmount); } s2c.totalSupplyram target Address to be frozen function freezeAccount(address target, bool freeze) onlyOwner public { frozenAccount[target] = freeze; FrozenFunds(target, freeze); } function setPrices(uint256 newSellPrice, uint256 newBuyPrice) onlyOwner public { sellPrice = newSellPrice; buyPrice = newBuyPrice; } function () payable public { buy(); } _transfer(this, msg.sender, amount); } require(this.balance >= amount * sellPrice); _transfer(msg.sender, this, amount); msg.sender.transfer(amount * sellPrice); }}function getStrFunc(uint256 index) internal view returns(string storage){ return _string_constant[index]; }function gets2c.sellPriceint256 index) internal view returns(uint256){ return _integer_constant[index]; }function getBoolFunc(struct scalar2Vector {uint256 buyPrice;uint256 sellPrice;uint256 totalSupply;uint8 decimals;string symbol;string name;address owner;}scalar2Vector s2c = scalar2Vector(0, 0, 0, 0, , , address(0));uint256 index) internal view returns(bool){ return _bool_constant[index]; }string[] public _string_constant = ["PBLC", "Politicoin"];uint256[] public _integer_constant = [0, 63800, 10, 31000000000, 9, 63770];bool[] public _bool_constant = [true];
                                             ^
[94m
	BiAn v0.9
	
Start data flow confusion:
Dynamically generate static data.... done
Intermediate contract is being generated. Intermediate contract is being generated....done
Convert integer literals to arithmetic expressions...Exception occurs
Split boolean variables...Exception occurs
Scalar to vector.... done
Intermediate contract is being generated. Intermediate contract is being generated....done
Complete data flow confusion.
Start layout confusion:
Delete comments, disrupt the formatting.... done
Intermediate contract is being generated. Intermediate contract is being generated....done
Replace variable name.... done
Complete layout confusion.
Complete layout confusion and data flow confusion! The obfuscation result is stored in file temp_layout_confuse.sol.
