temp.sol:35:24: Error: Expected ';' but got 'uint256'
  uint public namekeyf uint256(getIntFunc(3)) szabo;
                       ^-----^
temp.sol:32:11: Error: Expected identifier but got 'payable'
  address payable public beneficiary;
          ^-----^
unrecognised option '--pretty-json'
temp.sol:1:793: Error: Expected identifier but got 'payable'
 ... payable ... 
     ^-----^
[94m
	BiAn v0.9
	
Start data flow confusion:
Dynamically generate static data.... done
Intermediate contract is being generated. Intermediate contract is being generated....done
Convert integer literals to arithmetic expressions...Exception occurs
Split boolean variables.... done
Intermediate contract is being generated. Intermediate contract is being generated....done
Scalar to vector.... done
Intermediate contract is being generated. Intermediate contract is being generated....done
Complete data flow confusion.
Start layout confusion:
Delete comments, disrupt the formatting.... done
Intermediate contract is being generated. Intermediate contract is being generated....done
Replace variable name.... done
Complete layout confusion.
Complete layout confusion and data flow confusion! The obfuscation result is stored in file temp_layout_confuse.sol.
scripts/obfuscate_batch05.sh: line 55: check_obf_versions: command not found
