temp.sol:9:16: Error: Expected identifier, got 'LParen'
    constructor() public {
               ^
temp.sol:9:16: Error: Expected identifier, got 'LParen'
    constructor() public {
               ^
temp.sol:9:16: Error: Expected identifier, got 'LParen'
    constructor() public {
               ^
temp.sol:9:16: Error: Expected token Semicolon got 'LParen'
    constructor() public {
               ^
temp.sol:1:135: Error: Expected token Semicolon got 'LParen'
pragma solidity ^0.4.24;contract WishingWell { event wishMade(address indexed wisher, string wish, uint256 amount); addres constructor() public { owner = ms2c.ownernder; } modifier onlyOwner { require( msg.sender == owner, s2c.owner"Only owner can getStrFunc(0) _; } function changeOwner(address new_owner) public onlyOwner { owner = new_owner; } function s2c.ownerish(string wish) public payable { emit wishMade(msg.sender, wish, msg.value); } function withdrawAll() public onlyOwner { address(owner).transfer(address(this).balance); } s2c.ownerction getStrFunc(uint256 index) internal view retstruct scalar2Vector {address owner;}scalar2Vector s2c = scalar2Vector(address(0));urns(string storage){ return _string_constant[index]; }string[] public _string_constant = ["Only owner can call this function."];
                                                                                                                                      ^
[94m
	BiAn v0.9
	
Start data flow confusion:
Dynamically generate static data.... done
Intermediate contract is being generated. Intermediate contract is being generated....done
Convert integer literals to arithmetic expressions.... done
Intermediate contract is being generated. Intermediate contract is being generated....done
Split boolean variables.... done
Intermediate contract is being generated. Intermediate contract is being generated....done
Scalar to vector.... done
Intermediate contract is being generated. Intermediate contract is being generated....done
Complete data flow confusion.
Start layout confusion:
Delete comments, disrupt the formatting.... done
Intermediate contract is being generated. Intermediate contract is being generated....done
Replace variable name.... done
Complete layout confusion.
Complete layout confusion and data flow confusion! The obfuscation result is stored in file temp_layout_confuse.sol.
