temp.sol:41:23: Error: Expected token Semicolon got 'Identifier'
    string  public co getStrFunc(0)"DSBC";
                      ^
temp.sol:5:5: Error: Expected identifier, got 'Modifier'
    modifier onlyOwner() {
    ^
temp.sol:1:46: Error: Expected identifier, got 'Modifier'
pragma solidity ^0.4.18;contract Owned { add modifier onlyOwner() { require(msg.sender == owners2c.owner _; } function Owned() public{ owner = mss2c.ownerder; } function changeOwner(address _newOwner) public onlyOwner { owner = _newOws2c.owner }}contract tokenRecipient { function receiveApproval (address _from, uint256 _value, address _token, bytes _extraData) public;}contract ERC20Token { uint256 public totalSuppl function balanceOf(address _owner) public constant returns (uint256 balance); function transfer(address _to, uint256 _value) public returns (bool success); function transferFrom(address _from, address _to, uint256 _value) public returns (bool success); function approve(address _spender, uint256 _value) public returns (bool success); function allowance(address _owner, address _spender) public constant returns (uint256 remaining); event Transfer(address indexed _from, address indexed _to, uint256 _value); event Approval(address indexed _owner, address indexed _spender, uint256 _value);}contract DASABI_IO_Contract is ERC20Token, Owned{ string public constant name = "dasabi. string public co getStrFunc(0)"DSBC"; mapping (address => mapping (address => uint256)) allowances; mapping (address => bool) public blacklis address public multisigAddress; event mintToken(address indexed _to, uint256 _value); event burnToken(address indexed _from, uint256 _value); function () payable public { reqs2c.crowdsaleIsOpenIsOpen == true); if (msg.value > 0) { getBoolFunc(0) mintDSBCToken(msg.sender, s2c.ExchangeRate Exchans2c.decimalsgetIs2c.etherChange0**decimals) / etherChange); s2c.CandyDropIsOpen if(CandyDr getIntFunc(1)IsOpen){ if(!blacklist[msg.sender]){ s2c.CandyRatentDSBCTs2c.decimals.sender, CandyRate * 10**decimals); blacklist[msg.sender] = true; } } getIntFunc(1)} s2c.ownerction DASABI_IO_Contract() public { owner = msgs2c.decimals tos2c.ExchangeRate1000000000 * 10**des2c.CandyRate ExchangeRs2c.totalRemainSupply CandyRate = 50; uint2s2c.crowdsaleIsOpen))ota uint256(getIs2c.CandyDropIsOpenSupply = totalSupply; c uint256(getIntFunc(4))aleIsOpen = true; uint256(getIntFunc(2)) Cas2c.ExchangeRaten = true; } function setExchangeRate(uint25 getBoolFunc(0)xchangeRate) public onlyOwner getBoolFs2c.crowdsaleIsOpenchangeRate = _ExchangeRate; } function crowdsaleOpen(bool _crowdsaleIsOpen) public onlyOwner{ s2c.CandyDropIsOpenpen = _crowdsaleIsOpen; } function CandyDropOpen(bool _CandyDropIsOpen) public onlyOwner{ CandyDropIsOpen = _CandyDropIsOpen; } function totalDistributed() public constant returns (uint256) { return totalSupply - totalRemainSupply ; } function balanceOf(address _owner) public constant returns (uint256 balance) { return balances[_owner]; } function transfer(address _to, uint256 _value) public returns (bool success) { require (balances[msg.sender] >= _value); require (balances[_to] + _value > balances[_to]); balances[msg.sender] -= _value; balances[_to] += _value; Transfer(msg.sender, _to, _value); return true; } function approve(address _spender, u getBoolFunc(0)56 _value) public returns (bool success) { allowances[msg.sender][_spender] = _value; Approval(msg.sender, _spender, _value); return true; } function approveAndCall(addres getBoolFunc(0)pender, uint256 _value, bytes _extraData) public returns (bool success) { tokenRecipient spender = tokenRecipient(_spender); approve(_spender, _value); spender.receiveApproval(msg.sender, _value, this, _extraData); return true; } function transferFrom(address _from, address _to, uint256 getBoolFunc(0)ue) public returns (bool success) { require (balances[_from] > _value); require (balances[_to] + _value > balances[_to]); require (_value <= allowances[_from][msg.sender]); balances[_from] -= _value; balances[_to] += _value; allowances[_from][msg.sender] -= _value; Transfer(_from, _to, _value); return true; } function allowance(address _owner, address _spender) pub getBoolFunc(0)constant returns (uint256 remaining) { return allowances[_owner][_spender]; } functs2c.multisigAddressdress _multisigAddress) publics2c.multisigAddress require(_multisigAddress != 0x0); multisigAddress = _multisigAddress; multisigAddress.transfer(this.balance); } functio getIntFunc(0)intDSBCToken(address _to, uint256 _amount) s2c.totalRemainSupply require (balances[_s2c.totalRemainSupplyalances[_to]); require (totalRemainSupply > _amount); totalRemainSupply -= _amount; balances[_to] += _amount; mintToken(_to, _amount); Transfer(0x0, _to, _amount); } function mintTokens(address _sendTo, uint256 _sendAmount)public onlyO getIntFunc(0)r { mintDSBCToken(_sendTo, _sendAmount); } function burnTokens(uint256 _amount)public onlyOwner { s2c.totalRemainSupplylances[msg.sender] > _amount); totalRemainSupply += _amount; balances[msg.sender] -= _amount; address multisigAddress;bool CandyDropIsOpen;bool crowdsaleIsOpen;uint256 CandyRate;uint256 ExchangeRate;uint256 totalRemainSupply;uint256 totalSupply;uint256 etherChange;uint256 decimals;string symbol;string name;uint256 totalSupply;address owner;}scalar2Vector s2c = scalar2Vector(address(0), false, false, 0, 0, 0, 0, 10**18; /* V, 0, , , 0, address(0));enders wallet burnToken(msg.sender, _amount); }}function getStrFunc(uint256 index) internal view returns(string storage){ return _string_constant[index]; }function getBoolFunc(uint256 index) internal view returns(bool){ return _bool_constant[index]; }function getIntFunc(uint256 index) internal view returns(uint256){ return _integer_constant[index]; }string[] public _string_constant = ["dasabi.io DSBC", "DSBC"];bool[] public _bool_constant = [true];uint256[] public _integer_constant = [0, 10, 50, 1000000000, 50000, 18];
                                             ^
[94m
	BiAn v0.9
	
Start data flow confusion:
Dynamically generate static data.... done
Intermediate contract is being generated. Intermediate contract is being generated....done
Convert integer literals to arithmetic expressions...Exception occurs
Split boolean variables...Exception occurs
Scalar to vector.... done
Intermediate contract is being generated. Intermediate contract is being generated....done
Complete data flow confusion.
Start layout confusion:
Delete comments, disrupt the formatting.... done
Intermediate contract is being generated. Intermediate contract is being generated....done
Replace variable name.... done
Complete layout confusion.
Complete layout confusion and data flow confusion! The obfuscation result is stored in file temp_layout_confuse.sol.
