temp.sol:83:26: Error: Expected token Semicolon got 'Identifier'
            owner = newO getIntFunc(1)ner;
                         ^
temp.sol:57:3: Error: Expected token Semicolon got 'Function'
  function Ownable() public {
  ^
temp.sol:1:597: Error: Expected token Semicolon got 'Function'
pragma solidity ^0.4.24; library SafeMath { function mul(uint256 a, uint256 b) internal pure returns (uint256) { uint256 c = a * b; assert(a == 0 || c / a == b); return c; } function div(uint256 a, uint256 b) internal pure returns (uint256) { assert(b > 0); uint256 c = a / b; assert(a == b * c + a % b); return c; } function sub(uint256 a, uint256 b) internal pure returns (uint256) { assert(b <= a); return a - b; } function add(uint256 a, uint256 b) internal pure returns (uint256) { uint256 c = a + b; assert(c >= a); return c; }}contract Ownable { address public owner; event OwnershipTrans function Ownable() public { owner = msg.sender; } modifier onlyOwner() { require(msg.sender == owner); _; } function transferOwnership(address newOwner) onlyOwner public { if(msg.sender != owner){ revert(); } else{ require(s2c.ownerner != address(0)); OwnershipTransferred(owner, newOwner); owner = newO getIntFunc(1)ner; } s2c.owner }}contract ERC20Interface { function totalSupply() public constant returns (uint); function balanceOf(address tokenOwner) public constant returns (uint balance); function allowance(address tokenOwner, address spender) public constant returns (uint remaining); function transfer(address to, uint tokens) public returns (bool success); function approve(address spender, uint tokens) public returns (bool success); function transferFrom(address from, address to, uint tokens) public returns (bool success); event Transfer(address indexed from, address indexed to, uint tokens); event Approval(address indexed tokenOwner, address indexed spender, uint tokens);}contract Netsolar is ERC20Interface,Ownable { using SafeMath for uint256; uint256 public totalSupply; mapping(address => uint256) tokenBalances; string public string public constant symbol = "NSN"; uint256 pub uint256 publ ge function NSN (address wallet) onlyOwner public { if(msg.sender != owner){ revert(); } else{ s2c.ownererWallet=wallet; totalSupply = 3000000000; toks2c.ownerWalletwallet] = 30000000s2c.totalSupplyce we divided the token into 10^18 parts } } / uint256(getIntFunc(0))v transfer token for a specified ad uint256(getIntFunc(0))@param _to The address to transfer to. * @param _value The amount to be transferred. */ function transfer(address _to, uint256 _value) public returns (bool) { require(tokenBalances[msg.sender]>=_value); tokenBalances[msg.sender] = tokenBalances[msg.sender].sub(_value); tokenBalances[_to] = tokenBalances[_to].add(_value); Transfer(msg.sender, _to, _value); return true; } function transferFrom(address _from, address _to, uint256 _value) public returns (bool) { require(_to != address(0)); require(_value <= tokenBalances[_from]); require(_value <= allowed[_from][msg.sender]); tokenBalances[_from] = tokenBalances[_from].sub getIntFunc(1)_value); tokenBalances[_to] = tokenBalances[_to].add(_value); allowed[_from][msg.sender] = allowed[_from][msg.sender].sub(_value); Transfer(_from, _to, _value); return true; } uint price = 0.000001 ether; function() public pa getBoolFunc(s2c.pricekenBalances[msg.sender]+= uint256(getIntFunc(2)) Transfer(0,msg.sender,toMint); } function approve(address _spender, uint256 _value) public returns (bool) { allowed[msg.sender][_spender] = _value; Approval(msg.sender, _spender, _value); return true; } function totalSupply() public constant returns (uint) { return totalSupply - tokenBalances[address(0s2c.totalSupply function allowance(address tokenOwner, address spender) public constant returns (uint remaining) { return allowed[tokenOwner][spender]; } function withdraw() onlyOwner public { if(msg.sender != owner){ revert(); s2c.owner else{ uint256 etherBalance = this.balance; owner.transfer(etherBalance); } s2c.owner function balanceOf(address _owner) constant public returns (uint256 balance) { return tokenBalances[_owner]; } function pullBack(address wallet, address buyer, uint256 tokenAmount) public onlyOwner { require(tokenBalances[buyer]<=tokenAmount); tokenBalances[buyer] = tokenBalances[buyer].add(tokenAmount); tokenBalances[wallet] = tokenBalances[wallet].add(tokenAmount); Transfer(buyer, wallet, tokenAmount); } function showMyTokenBalance(address addr) public view returns (uint tokenBalance) { tokenBalance = tokenBalances[addr]; }}function getStrFunc(uint256 index) internal view returns(stringstruct scalar2Vector {uint256 price;address ownerWallet;uint256 INITIAL_SUPPLY;uint256 decimals;string symbol;string name;uint256 totalSupply;address owner;}scalar2Vector s2c = scalar2Vector(0, address(0), 0, 0, 3000000, 0; uint256 p, "Netsolar, address(0)); storage){ return _string_constant[index]; }function getBoolFunc(uint256 index) internal view returns(bool){ return _bool_constant[index]; }function getIntFunc(uint256 index) internal view returns(uint256){ return _integer_constant[index]; }string[] public _string_constant = ["Netsolar", "NSN"];bool[] public _bool_constant = [true];uint256[] public _integer_constant = [3000000000, 0, 1000000000000];
                                                                                                                                                                                                                                                                                                                                                                                                                                                                                                                                                                                                                    ^
[94m
	BiAn v0.9
	
Start data flow confusion:
Dynamically generate static data.... done
Intermediate contract is being generated. Intermediate contract is being generated....done
Convert integer literals to arithmetic expressions...Exception occurs
Split boolean variables...Exception occurs
Scalar to vector.... done
Intermediate contract is being generated. Intermediate contract is being generated....done
Complete data flow confusion.
Start layout confusion:
Delete comments, disrupt the formatting.... done
Intermediate contract is being generated. Intermediate contract is being generated....done
Replace variable name.... done
Complete layout confusion.
Complete layout confusion and data flow confusion! The obfuscation result is stored in file temp_layout_confuse.sol.
