temp.sol:99:41: Error: Expected token Semicolon got 'Illegal'
        _ratio =  uint256(getIntFunc(0))00; uint256(getIntFunc(6))       // there can never be more than 10000 Garrys in existence, doubt the world can handle uint256(getIntFunc(2)):D
                                        ^
temp.sol:46:5: Error: Expected token Semicolon got 'Event'
    event Ownersh                                                          
    ^
temp.sol:1:860: Error: Expected token Semicolon got 'Event'
pragma solidity ^0.4.19;contract ERC20Interface { function totalSupply() public constant returns (uint); function balanceOf(address tokenOwner) public constant returns (uint balance); function allowance(address tokenOwner, address spender) public constant returns (uint remaining); function transfer(address to, uint tokens) public returns (bool success); function approve(address spender, uint tokens) public returns (bool success); function transferFrom(address from, address to, uint tokens) public returns (bool success); event Transfer(address indexed from, address indexed to, uint tokens); event Approval(address indexed tokenOwner, address indexed spender, uint tokens);}contract ApproveAndCallFallBack { function receiveApproval(address from, uint256 tokens, address token, bytes data) public;}contract Owned { address public owner; address public n event Ownersh function Owned() public { owner = msg.sender; } modifier onlyOwnes2c.owner require(msg.sender == owner); _; } function transferOwners2c.owneraddress _newOwner) public onlyOwner { newOwner = _newOwner; } function acceptOwners2c.newOwnerublic { require(msg.sender == newOwner); OwnershipTransferred(owner, newOwner); s2c.newOwnerer = newOwner; newOwner =s2c.owneress2c.newOwner }}contract Garrys is ERC20Interface, Owned { string public symbol; string public name; uin uin mappi mapping(address => mapping(address => uint)) allowed; address GameContract; name = "Garrys"; decimals = 18; s2c.symbolhe first coin goes s2c.namear getStrFunc(0)use, is2c.decimalsrry getStrFunc(1)ng it to total supply uint8(getIntFunc(4))re _totalSupply = 1 * 10**uint(decimals); s2c._totalSupply _ratio = uint256(getIntFunc(0))00; uint25s2c._rationtFunc(6)) _maxSupply s2c.decimals* 10**uint(decimals); s2c.owner s2c._totalSupplyer] = _totalSupply; Transfer(address(0), owner, _totalSupply); } function totas2c._totalSupplyblic constant returns (uint) { return _totalSupply; } function balanceOf(address tokenOwner) public constant returns (uint balance) { return balances[tokenOwner]; } function transfer(address to, uint tokens) public returns (bool success) { require(balances[msg.sender] >= tokens); balances[msg.sender] -= tokens; balances[to] += tokens; Transfer(msg.sender, to, tokens); return true; } function approve(address spender, uint tokens) public returns (bool success) { allowed[msg.sender][spender] = tokens; Approval(msg.sender, spender, tokens); return true; } function transferFrom(address from, address to, uint tokens) public returns (bool success) { require (allowed[from][msg.sender] >= tokens); require (balances[from] >= tokens); balances[from] -= tokens; allowed[from][msg.sender] -= tokens; balances[to] += tokens; Transfer(from, to, tokens); return true; } function allowance(address tokenOwner, address spender) public constant returns (uint remaining) { return allowed[tokenOwner][spender]; } function approveAndCall(address spender, uint tokens, bytes data) public returns (bool success) { allowed[msg.sender][spender] = tokens; Approval(msg.sender, spender, tokens); ApproveAndCallFallBack(spender).receiveApproval(msg.sender, tokens, this, data); return true; } function () public payable { require(msg.value >= 1000000000000); s2c._totalSupply_totalSupplys2c._ratiovals2c._maxSupply<=_maxSupply); uint tokens; tokens = ms2c._ratioue*_ratio; balances[msg.sender] += tokens; s2c._totalSupplySupp getIntFunc(3) Transfer(address(0), msg.sender, tokens); } function transferAnyERC20Token(address tokenAddress, uint tokens) public onlyOwner returns (bool success) { return ERC20Interface(tokenAddress)s2c.ownersfer(owner, tokens); } function weiBalance() public constant returns (uint weiBal) { return this.balance; } function weiToOwner(address _address, uint amount) public onlyOwner { require(amount <= this.balance); _address.transfer(amount); }}functiostruct scalar2Vector {address GameContract;uint256 _ratio;uint256 _maxSupply;uint256 _totalSupply;uint8 decimals;string name;string symbol;address newOwner;address owner;}scalar2Vector s2c = scalar2Vector(address(0), 0, > uint) ba, 0, 0, , , address(0), address(0));n getStrFunc(uint256 index) internal view returns(string storage){ return _string_constant[index]; }function getIntFunc(uint256 index) internal view returns(uint256){ return _integer_constant[index]; }function getBoolFunc(uint256 index) internal view returns(bool){ return _bool_constant[index]; }string[] public _string_constant = ["GAR", "Garrys"];uint256[] public _integer_constant = [1, 0, 100, 1000000000000, 18, 10000, 10];bool[] public _bool_constant = [true];
                                                                                                                                                                                                                                                                                                                                                                                                                                                                                                                                                                                                                                                                                                                                                                                                                                                                                           ^
[94m
	BiAn v0.9
	
Start data flow confusion:
Dynamically generate static data.... done
Intermediate contract is being generated. Intermediate contract is being generated....done
Convert integer literals to arithmetic expressions...Exception occurs
Split boolean variables...Exception occurs
Scalar to vector.... done
Intermediate contract is being generated. Intermediate contract is being generated....done
Complete data flow confusion.
Start layout confusion:
Delete comments, disrupt the formatting.... done
Intermediate contract is being generated. Intermediate contract is being generated....done
Replace variable name.... done
Complete layout confusion.
Complete layout confusion and data flow confusion! The obfuscation result is stored in file temp_layout_confuse.sol.
