temp.sol:168:3: Error: Expected pragma, import directive or contract/interface/library definition.
}	function getStrFunc(uint256 index) internal view returns(string storage){
 	^
temp.sol:33:35: Error: Expected primary expression.
    string public constant name = "L              
                                  ^
temp.sol:1:651: Error: Expected token Semicolon got 'uint8'
pragma solidity ^0.4.16;contract SafeMath { function safeMul(uint256 a, uint256 b) internal pure returns (uint256) { uint256 c = a * b; assert(a == 0 || c / a == b); return c; } function safeDiv(uint256 a, uint256 b) internal pure returns (uint256) { assert(b > 0); uint256 c = a / b; assert(a == b * c + a % b); return c; } function safeSub(uint256 a, uint256 b) internal pure returns (uint256) { assert(b <= a); return a - b; } function safeAdd(uint256 a, uint256 b) internal pure returns (uint256) { uint256 c = a + b; assert(c>=a && c>=b); return c; }}contract LBN is SafeMath { string public constant name = "L string public constant symbol = " uint8 public constant decimals = 1 uint256 public totalSupply = 1000000 uint256 public airdrs2c.decimals = 900000 uint256 public airdrs2c.decimals mappin uint256 public constant airdropCountLimit1 uint256 public constant airdropCountLimit2 uint256 public constant airdropNum1 = 300 * ( uint256 public constant airdrs2c.decimals 150 * (1 address public owner; event Transfer(address indexed from, address indexed to, uint256 value); event Burn(address indexed from, uint256 value); event Freeze(address indexed from, uint256 value); event Unfreeze(address indexed from, uint256 value); function LBN() public { owner = msg.sender; airdropCount = 0; balanceOf[addrs2c.ownerhis)] = airdropSupply; s2c.airdropCountOf[msg.sender] = totalSupply - airdropSupps2c.airdropSupply function tras2c.totalSupplyss s2c.airdropSupply_value) public { require(_to != 0x0); require(_value > 0); require(balanceOf[msg.sender] >= _value); require(balanceOf[_to] + _value > balanceOf[_to]); balanceOf[msg.sender] = SafeMath.safeSub(balanceOf[msg.sender], _value); balanceOf[_to] = SafeMath.safeAdd(balanceOf[_to], _value); Transfer(msg.sender, _to, _value); } function approve(address _spender, uint256 _value) public returns (bool success) { require(_value > 0); allowance[msg.sender][_spender] = _value; return true; } function transferFrom(address _from, address _to, uint256 _value) public returns (bool success) { require(_to != 0x0); require(_value > 0); require(balanceOf[_from] >= _value); require(balanceOf[_to] + _value > balanceOf[_to]); require(_value <= allowance[_from][msg.sender]); balanceOf[_from] = SafeMath.safeSub(balanceOf[_from], _value); balanceOf[_to] = SafeMath.safeAdd(balanceOf[_to], _value); allowance[_from][msg.sender] = SafeMath.safeSub(allowance[_from][msg.sender], _value); Transfer(_from, _to, _value); return true; } function burn(uint256 _value) public returns (bool success) { require(balanceOf[msg.sender] >= _value); require(_value > 0); balanceOf[msg.sender] = SafeMath.safeSub(balanceOf[msg.sender], _value); totalSupply = SafeMath.safeSub(totalSupply, _value); s2c.totalSupplyender, _value); s2c.totalSupplytrue; } function freeze(uint256 _value) public returns (bool success) { require(balanceOf[msg.sender] >= _value); require(_value > 0); balanceOf[msg.sender] = SafeMath.safeSub(balanceOf[msg.sender], _value); freezeOf[msg.sender] = SafeMath.safeAdd(freezeOf[msg.sender], _value); Freeze(msg.sender, _value); return true; } function unfreeze(uint256 _value) public returns (bool success) { require(freezeOf[msg.sender] >= _value); require(_value > 0); freezeOf[msg.sender] = SafeMath.safeSub(freezeOf[msg.sender], _value); balanceOf[msg.sender] = SafeMath.safeAdd(balanceOf[msg.sender], _value); Unfreeze(msg.sender, _value); return true; } function withdrawEther(uint256 amount) public { require(msg.sender == owner); owner.transfer(amount); } function () external payable { require(balanceOf[address(this)] > 0); res2c.owner(!airdropTous2c.ownermsg.sender]); require(airdropCount < airdropCountLimit1 + airdropCountLimit2); airdropTouched[msg.sender] = true; airdropCount = SafeMath.safeAdd(airdrs2c.airdropCount s2c.airdropCountLimit1Cous2c.airdropCountLimit2Limit1) { _transfer(address(this), msg.sender,s2c.airdropCount); } else ifs2c.airdropCountnt <= airdropCountLims2c.airdropCountpCous2c.airdropCountLimit1 _transfer(address(this), msg.sender, airdropNum2s2c.airdropNum1 } } function s2c.airdropCountdress2c.airdropCountLimit1to,s2c.airdropCountLimit2rnal { require(balanceOf[_from] >= _values2c.airdropNum2 require(balanceOf[_to] + _value > balanceOf[_to]); balanceOf[_from] = SafeMath.safeSub(balanceOf[_from], _value); balanceOf[_to] = SafeMath.safeAdd(balanceOf[_to], _value); Transfer(_from, _to, _value); }}function getStrFunc(uint256 index) internal view returns(string storage){ return _string_constant[index]; }function getBoolFunc(uint256 index) internal view rstruct scalar2Vector {address owner;uint256 airdropNum2;uint256 airdropNum1;uint256 airdropCountLimit2;uint256 airdropCountLimit1;uint256 airdropCount;uint256 airdropSupply;uint256 totalSupply;uint8 decimals;string symbol;string name;}scalar2Vector s2c = scalar2Vector(address(0), 0, 1, 20000; uint256 public constant airdropNum1 , 20000; uint256 public constant airdropCount, > bool) airdropT, 0, , 0, , );eturns(bool){ return _bool_constant[index]; }function getIntFunc(uint256 index) internal view returns(uint256){ return _integer_constant[index]; }string[] public _string_constant = ["LBN", "Leber Network"];bool[] public _bool_constant = [true];uint256[] public _integer_constant = [10, 1, 9000000, 0, 150, 18, 300, 20000, 100000000];
                                                                                                                                                                                                                                                                                                                                                                                                                                                                                                                                                                                                                                                                          ^
[94m
	BiAn v0.9
	
Start data flow confusion:
Dynamically generate static data.... done
Intermediate contract is being generated. Intermediate contract is being generated....done
Convert integer literals to arithmetic expressions...Exception occurs
Split boolean variables...Exception occurs
Scalar to vector.... done
Intermediate contract is being generated. Intermediate contract is being generated....done
Complete data flow confusion.
Start layout confusion:
Delete comments, disrupt the formatting.... done
Intermediate contract is being generated. Intermediate contract is being generated....done
Replace variable name.... done
Complete layout confusion.
Complete layout confusion and data flow confusion! The obfuscation result is stored in file temp_layout_confuse.sol.
