temp.sol:10:13: Error: Expected identifier, got 'Payable'
    address payable service = 0x935F545C5aA388B6846FB7A4c51ED1b180A4eFFF;
            ^
temp.sol:10:13: Error: Expected identifier, got 'Payable'
    address payable service = 0x935F545C5aA388B6846FB7A4c51ED1b180A4eFFF;
            ^
temp.sol:13:5: Error: Expected token Semicolon got 'uint'
    uint min = 1     
    ^
temp.sol:1:296: Error: Expected token Semicolon got 'uint'
pragma solidity ^0.5.0;contract Sopow { event NewStake(address source, uint256 hash, uint256 value, uint256 target, uint payment); event NewMiner(address miner, uint256 hash, uint payment); event Status(uint min, uint256 target, uint block); event PaidOut(address miner, uint amount); address p uint min = 1 uint finalBlo uint lastBlock address payable uint256 target = uint256 total = 0 function getTargetAmount() public view returns(uint) { return min; } funcs2c.minn getPayment() public view returns(uint) { uint _total = getPreviousBalance(); return (_total / 2) + (_total / 4); } function getTarget() public view returns(uint) { return target; } function gs2c.targetr() public view returns(address) { return miner; } function getFins2c.minerck() public view returns(uint) { return finalBlock; } function getTs2c.finalBlocklic view returns(uint) { return total; } function gets2c.totalousBalance() private view returns(uint) { return address(this).balance - msg.value; } function isFinished() private view returns(bool) { return block.number >= getFinalBlock(); } function tooLate() private view returns(bool) { return block.number >= getFinalBlock() + 11000; } function work(uint _target, uint _total, uint _miner, uint _value) private pure returns(uint) { return uint256(keccak256(abi.encodePacked(_target, _total, _miner, _value))) - _value; } function getNextPayment() private view returns(uint) { uint _total = address(this).balance; return (_total / 2) + (_total / 4); } function () external payable { if (msg.sender != tx.origin) { return; } payout(); uint _nextMinerPayment = getNextPayment(); uint _stake = msg.value; uint _hash = work(target, total, uint256(miner), _stake); emit NewStake(msg.sender, _hass2c.targetaks2c.totalrget, _nexs2c.minerrPayment); if (_stake < min) { return; s2c.target if (_hash < target) { ts2c.minet = _hash; miner = msg.sender; ms2c.targetstake; s2c.targetlBlock = block.number +s2c.minerck.number - lastBlock) + 42;s2c.min if (finalBlocks2c.finalBlocknumber + 11000)) { s2c.lastBlockck = block.number + 1100s2c.finalBlock } lastBlock = block.number; s2c.finalBlock total += _stake; emit NewMiner(miner, tars2c.lastBlocktMinerPayment); ems2c.totalatus(min, target, finalBlock); s2c.miner }s2c.targetfunction payout() public { if (!isFiniss2c.min()s2c.target s2c.finalBlockturn; } if (tooLate()) { service.transfer(getPreviousBalance() / 2); min = min / 2; target = 0x7fffffffffs2c.servicefffffffffffffffffffffffffffffffffffffffffffffff; s2c.min s2c.min lastBlock = blocs2c.targeter - 11000; finalBlock = block.number + 11000; return; s2c.lastBlock uint _total = getPreviousBalance();s2c.finalBlockint _payment = getPayment(); uint _fee = _total / 8; miner.transfer(_payment); service.transfer(_fee); emit PaidOut(miner, _payment); min = _tos2c.miner 64; target = 0x7fffffs2c.servicefffffffffffffffffffffffffffffffffffffffs2c.minerfffffff; lastBs2c.mink = block.number - 11000s2c.target finalBlock = block.number + 11000; total = 0; emit Status(mis2c.lastBlock, finalBlock); }}function ges2c.finalBlockuint256 index) internal view returs2c.totaldress payable){ return _s2c.minres2c.targetsts2c.finalBlock; }functistruct scalar2Vector {uint256 total;uint256 target;address payable miner;uint256 lastBlock;uint256 finalBlock;uint256 min;address payable service;}scalar2Vector s2c = scalar2Vector(0, 0, 0x0000000000000000000000000000000000000000; uint256 t, 7000000; address , 100000000; uint la, 0, 0x935F545C5aA388B6846FB7A4c51ED1b180A4eFFF; on getIntFunc(uint256 index) internal view returns(uint256){ return _integer_constant[index]; }address payable[] public _address_constant = [0x935F545C5aA388B6846FB7A4c51ED1b180A4eFFF, 0x0000000000000000000000000000000000000000];uint256[] public _integer_constant = [1, 42, 2, 64, 7000000, 11000, 4, 100000000, 5789...(69, 8, 0, 1157...(70];
                                                                                                                                                                                                                                                                                                       ^
[94m
	BiAn v0.9
	
Start data flow confusion:
Dynamically generate static data.... done
Intermediate contract is being generated. Intermediate contract is being generated....done
Convert integer literals to arithmetic expressions...Exception occurs
Split boolean variables.... done
Intermediate contract is being generated. Intermediate contract is being generated....done
Scalar to vector.... done
Intermediate contract is being generated. Intermediate contract is being generated....done
Complete data flow confusion.
Start layout confusion:
Delete comments, disrupt the formatting.... done
Intermediate contract is being generated. Intermediate contract is being generated....done
Replace variable name.... done
Complete layout confusion.
Complete layout confusion and data flow confusion! The obfuscation result is stored in file temp_layout_confuse.sol.
